[2025-10-23T08:16:23.268+0000] {local_task_job_runner.py:120} INFO - ::group::Pre task execution logs
[2025-10-23T08:16:23.352+0000] {taskinstance.py:2076} INFO - Dependencies all met for dep_context=non-requeueable deps ti=<TaskInstance: update_db.staging_table manual__2025-10-23T08:16:06.700378+00:00 [queued]>
[2025-10-23T08:16:23.400+0000] {taskinstance.py:2076} INFO - Dependencies all met for dep_context=requeueable deps ti=<TaskInstance: update_db.staging_table manual__2025-10-23T08:16:06.700378+00:00 [queued]>
[2025-10-23T08:16:23.405+0000] {taskinstance.py:2306} INFO - Starting attempt 1 of 1
[2025-10-23T08:16:23.466+0000] {taskinstance.py:2330} INFO - Executing <Task(_PythonDecoratedOperator): staging_table> on 2025-10-23 08:16:06.700378+00:00
[2025-10-23T08:16:23.501+0000] {standard_task_runner.py:63} INFO - Started process 5948 to run task
[2025-10-23T08:16:23.510+0000] {standard_task_runner.py:90} INFO - Running: ['airflow', 'tasks', 'run', 'update_db', 'staging_table', 'manual__2025-10-23T08:16:06.700378+00:00', '--job-id', '82', '--raw', '--subdir', 'DAGS_FOLDER/main.py', '--cfg-path', '/tmp/tmpz5qhfdq2']
[2025-10-23T08:16:23.524+0000] {standard_task_runner.py:91} INFO - Job 82: Subtask staging_table
[2025-10-23T08:16:23.766+0000] {task_command.py:426} INFO - Running <TaskInstance: update_db.staging_table manual__2025-10-23T08:16:06.700378+00:00 [running]> on host 5adcf1b12c4a
[2025-10-23T08:16:24.262+0000] {taskinstance.py:2648} INFO - Exporting env vars: AIRFLOW_CTX_DAG_EMAIL='gidiboateng200@gmail.com' AIRFLOW_CTX_DAG_OWNER='dataengineers' AIRFLOW_CTX_DAG_ID='update_db' AIRFLOW_CTX_TASK_ID='staging_table' AIRFLOW_CTX_EXECUTION_DATE='2025-10-23T08:16:06.700378+00:00' AIRFLOW_CTX_TRY_NUMBER='1' AIRFLOW_CTX_DAG_RUN_ID='manual__2025-10-23T08:16:06.700378+00:00'
[2025-10-23T08:16:24.268+0000] {taskinstance.py:430} INFO - ::endgroup::
[2025-10-23T08:16:24.328+0000] {base.py:84} INFO - Using connection ID 'postgres_db_yt_elt' for task execution.
[2025-10-23T08:16:24.341+0000] {data_loading.py:12} INFO - Processing file: YT_data_2025-10-23
[2025-10-23T08:16:24.418+0000] {base.py:84} INFO - Using connection ID 'postgres_db_yt_elt' for task execution.
[2025-10-23T08:16:24.449+0000] {base.py:84} INFO - Using connection ID 'postgres_db_yt_elt' for task execution.
[2025-10-23T08:16:24.590+0000] {data_modification.py:78} INFO - Updated row with Video_ID: yWEUL3crU_E
[2025-10-23T08:16:24.602+0000] {data_modification.py:78} INFO - Updated row with Video_ID: JgJrQnDIRgg
[2025-10-23T08:16:24.624+0000] {data_modification.py:78} INFO - Updated row with Video_ID: gtkqnhN0VkU
[2025-10-23T08:16:24.631+0000] {data_modification.py:78} INFO - Updated row with Video_ID: oBXSvS2QKxU
[2025-10-23T08:16:24.659+0000] {data_modification.py:78} INFO - Updated row with Video_ID: UTdcX1e0cMA
[2025-10-23T08:16:24.667+0000] {data_modification.py:78} INFO - Updated row with Video_ID: oiZvK6MY7tI
[2025-10-23T08:16:24.679+0000] {data_modification.py:78} INFO - Updated row with Video_ID: F0OkwXKcPSE
[2025-10-23T08:16:24.690+0000] {data_modification.py:78} INFO - Updated row with Video_ID: 686PL7rt654
[2025-10-23T08:16:24.714+0000] {data_modification.py:78} INFO - Updated row with Video_ID: zo7i8VTpfNM
[2025-10-23T08:16:24.727+0000] {data_modification.py:78} INFO - Updated row with Video_ID: NfhuGUyWYfQ
[2025-10-23T08:16:24.742+0000] {data_modification.py:78} INFO - Updated row with Video_ID: wIpWCJKfRXs
[2025-10-23T08:16:24.758+0000] {data_modification.py:78} INFO - Updated row with Video_ID: 9Xeepzg1B8I
[2025-10-23T08:16:24.765+0000] {data_modification.py:78} INFO - Updated row with Video_ID: 50G0kIty7Cg
[2025-10-23T08:16:24.777+0000] {data_modification.py:78} INFO - Updated row with Video_ID: 4l97aNza_Zc
[2025-10-23T08:16:24.783+0000] {data_modification.py:78} INFO - Updated row with Video_ID: 3ih2bPKSWsQ
[2025-10-23T08:16:24.790+0000] {data_modification.py:78} INFO - Updated row with Video_ID: uA9Zcg3vHvo
[2025-10-23T08:16:24.795+0000] {data_modification.py:78} INFO - Updated row with Video_ID: _AbFXuGDRTs
[2025-10-23T08:16:24.799+0000] {data_modification.py:78} INFO - Updated row with Video_ID: MOGW3v3pJ5Y
[2025-10-23T08:16:24.828+0000] {data_modification.py:78} INFO - Updated row with Video_ID: XNtTO_339kU
[2025-10-23T08:16:24.849+0000] {data_modification.py:78} INFO - Updated row with Video_ID: rB9NynBZ4go
[2025-10-23T08:16:24.863+0000] {data_modification.py:78} INFO - Updated row with Video_ID: TDv56whosPQ
[2025-10-23T08:16:24.876+0000] {data_modification.py:78} INFO - Updated row with Video_ID: R_BmT1OJw98
[2025-10-23T08:16:24.897+0000] {data_modification.py:78} INFO - Updated row with Video_ID: vpRW4JhzfSE
[2025-10-23T08:16:24.914+0000] {data_modification.py:78} INFO - Updated row with Video_ID: qXW93Cois2s
[2025-10-23T08:16:24.927+0000] {data_modification.py:78} INFO - Updated row with Video_ID: r7f0L48dHpc
[2025-10-23T08:16:24.943+0000] {data_modification.py:78} INFO - Updated row with Video_ID: Z4hVGCWH1Kc
[2025-10-23T08:16:24.950+0000] {data_modification.py:78} INFO - Updated row with Video_ID: zxuICI0kL3s
[2025-10-23T08:16:24.957+0000] {data_modification.py:78} INFO - Updated row with Video_ID: R1SFXJo-FlE
[2025-10-23T08:16:24.962+0000] {data_modification.py:78} INFO - Updated row with Video_ID: lQz5aqjZ3lQ
[2025-10-23T08:16:24.968+0000] {data_modification.py:78} INFO - Updated row with Video_ID: EiFcNbXBqeo
[2025-10-23T08:16:24.983+0000] {data_modification.py:78} INFO - Updated row with Video_ID: pzBi1nwDn8U
[2025-10-23T08:16:24.992+0000] {data_modification.py:78} INFO - Updated row with Video_ID: R7oW0LwS_e4
[2025-10-23T08:16:25.000+0000] {data_modification.py:78} INFO - Updated row with Video_ID: BfKI_TQnQvo
[2025-10-23T08:16:25.025+0000] {data_modification.py:78} INFO - Updated row with Video_ID: FWAdfuPpLOc
[2025-10-23T08:16:25.049+0000] {data_modification.py:78} INFO - Updated row with Video_ID: NjlP2_l1Wr0
[2025-10-23T08:16:25.061+0000] {data_modification.py:78} INFO - Updated row with Video_ID: gGcaGdHlt60
[2025-10-23T08:16:25.078+0000] {data_modification.py:78} INFO - Updated row with Video_ID: pe_ejTiIcSs
[2025-10-23T08:16:25.091+0000] {data_modification.py:78} INFO - Updated row with Video_ID: V6In4tmd-w8
[2025-10-23T08:16:25.097+0000] {data_modification.py:78} INFO - Updated row with Video_ID: ZGvn9ywXjpY
[2025-10-23T08:16:25.177+0000] {data_modification.py:78} INFO - Updated row with Video_ID: hTSaweR8qMI
[2025-10-23T08:16:25.282+0000] {data_modification.py:78} INFO - Updated row with Video_ID: KCRLP-zBacU
[2025-10-23T08:16:25.362+0000] {data_modification.py:78} INFO - Updated row with Video_ID: c2ukL_zjFCk
[2025-10-23T08:16:25.426+0000] {data_modification.py:78} INFO - Updated row with Video_ID: DZIASl9q90s
[2025-10-23T08:16:25.438+0000] {data_modification.py:78} INFO - Updated row with Video_ID: 7qY-qalCI2Y
[2025-10-23T08:16:25.467+0000] {data_modification.py:78} INFO - Updated row with Video_ID: N0pwLtonPdg
[2025-10-23T08:16:25.481+0000] {data_modification.py:78} INFO - Updated row with Video_ID: -4GmbBoYQjE
[2025-10-23T08:16:25.488+0000] {data_modification.py:78} INFO - Updated row with Video_ID: 0yPgljFcTR4
[2025-10-23T08:16:25.493+0000] {data_modification.py:78} INFO - Updated row with Video_ID: TN1wErFGTzM
[2025-10-23T08:16:25.504+0000] {data_modification.py:78} INFO - Updated row with Video_ID: 3dxksf0CzS8
[2025-10-23T08:16:25.524+0000] {data_modification.py:78} INFO - Updated row with Video_ID: x7yv72s8h0o
[2025-10-23T08:16:25.530+0000] {data_modification.py:78} INFO - Updated row with Video_ID: uyiG6uw-6pA
[2025-10-23T08:16:25.535+0000] {data_modification.py:78} INFO - Updated row with Video_ID: M1STzb7k9L8
[2025-10-23T08:16:25.545+0000] {data_modification.py:78} INFO - Updated row with Video_ID: 7K-yxGWYsnk
[2025-10-23T08:16:25.554+0000] {data_modification.py:78} INFO - Updated row with Video_ID: Tbn4cYCaZCk
[2025-10-23T08:16:25.561+0000] {data_modification.py:78} INFO - Updated row with Video_ID: figrl0aOULs
[2025-10-23T08:16:25.566+0000] {data_modification.py:78} INFO - Updated row with Video_ID: Uxc84UUrVHk
[2025-10-23T08:16:25.577+0000] {data_modification.py:78} INFO - Updated row with Video_ID: BzKaMelDzqo
[2025-10-23T08:16:25.591+0000] {data_modification.py:78} INFO - Updated row with Video_ID: 4yx9ZJDfyKk
[2025-10-23T08:16:25.607+0000] {data_modification.py:78} INFO - Updated row with Video_ID: kPa_S6jN9ls
[2025-10-23T08:16:25.623+0000] {data_modification.py:78} INFO - Updated row with Video_ID: 69g-YcbmgQA
[2025-10-23T08:16:25.627+0000] {data_modification.py:78} INFO - Updated row with Video_ID: aKq8bkY5eTU
[2025-10-23T08:16:25.631+0000] {data_modification.py:78} INFO - Updated row with Video_ID: TNtpUQbW4mg
[2025-10-23T08:16:25.639+0000] {data_modification.py:78} INFO - Updated row with Video_ID: TgCm8oDmxOk
[2025-10-23T08:16:25.645+0000] {data_modification.py:78} INFO - Updated row with Video_ID: 954wJ3uHVAk
[2025-10-23T08:16:25.650+0000] {data_modification.py:78} INFO - Updated row with Video_ID: zajUgQLviwk
[2025-10-23T08:16:25.659+0000] {data_modification.py:78} INFO - Updated row with Video_ID: PXevNM0awlI
[2025-10-23T08:16:25.667+0000] {data_modification.py:78} INFO - Updated row with Video_ID: PuQ5UxKUY48
[2025-10-23T08:16:25.682+0000] {data_modification.py:78} INFO - Updated row with Video_ID: L5ihmu87xTE
[2025-10-23T08:16:25.689+0000] {data_modification.py:78} INFO - Updated row with Video_ID: nAiKLoCP-kU
[2025-10-23T08:16:25.693+0000] {data_modification.py:78} INFO - Updated row with Video_ID: NDsO1LT_0lw
[2025-10-23T08:16:25.698+0000] {data_modification.py:78} INFO - Updated row with Video_ID: sF5LYGgKbUA
[2025-10-23T08:16:25.711+0000] {data_modification.py:78} INFO - Updated row with Video_ID: MFpWEKN9c6Y
[2025-10-23T08:16:25.717+0000] {data_modification.py:78} INFO - Updated row with Video_ID: TRxMLLuWIhw
[2025-10-23T08:16:25.726+0000] {data_modification.py:78} INFO - Updated row with Video_ID: SM66GDRyIVY
[2025-10-23T08:16:25.732+0000] {data_modification.py:78} INFO - Updated row with Video_ID: EvqtfK_RaRg
[2025-10-23T08:16:25.739+0000] {data_modification.py:78} INFO - Updated row with Video_ID: 3cWm9B_0_kI
[2025-10-23T08:16:25.750+0000] {data_modification.py:78} INFO - Updated row with Video_ID: qtWqHIx8Z-o
[2025-10-23T08:16:25.758+0000] {data_modification.py:78} INFO - Updated row with Video_ID: gs8qfL9PNac
[2025-10-23T08:16:25.765+0000] {data_modification.py:78} INFO - Updated row with Video_ID: DBPYB8WkkDc
[2025-10-23T08:16:25.772+0000] {data_modification.py:78} INFO - Updated row with Video_ID: zvBXpoBegwE
[2025-10-23T08:16:25.782+0000] {data_modification.py:78} INFO - Updated row with Video_ID: SWc8fI_9iqA
[2025-10-23T08:16:25.791+0000] {data_modification.py:78} INFO - Updated row with Video_ID: 0BjlBnfHcHM
[2025-10-23T08:16:25.800+0000] {data_modification.py:78} INFO - Updated row with Video_ID: HcL1EQ5qD_g
[2025-10-23T08:16:25.814+0000] {data_modification.py:78} INFO - Updated row with Video_ID: dc089EZRGcg
[2025-10-23T08:16:25.828+0000] {data_modification.py:78} INFO - Updated row with Video_ID: vXNtju4VFm4
[2025-10-23T08:16:25.837+0000] {data_modification.py:78} INFO - Updated row with Video_ID: I9mw5UlDyPI
[2025-10-23T08:16:25.850+0000] {data_modification.py:78} INFO - Updated row with Video_ID: pS-fFdvyHLE
[2025-10-23T08:16:25.858+0000] {data_modification.py:78} INFO - Updated row with Video_ID: Xj0Jtjg3lHQ
[2025-10-23T08:16:25.866+0000] {data_modification.py:78} INFO - Updated row with Video_ID: 9UtcHPCEBgg
[2025-10-23T08:16:25.881+0000] {data_modification.py:78} INFO - Updated row with Video_ID: ZNt_GoOBHq8
[2025-10-23T08:16:25.887+0000] {data_modification.py:78} INFO - Updated row with Video_ID: bn0Kh9c4Zv4
[2025-10-23T08:16:25.892+0000] {data_modification.py:78} INFO - Updated row with Video_ID: dDVFnfCwjHA
[2025-10-23T08:16:25.897+0000] {data_modification.py:78} INFO - Updated row with Video_ID: Kt2HvqRruHQ
[2025-10-23T08:16:25.906+0000] {data_modification.py:78} INFO - Updated row with Video_ID: vDrSCXFMAKk
[2025-10-23T08:16:25.912+0000] {data_modification.py:78} INFO - Updated row with Video_ID: snX5YyflrGw
[2025-10-23T08:16:25.942+0000] {data_modification.py:78} INFO - Updated row with Video_ID: nbzQdlWrcnk
[2025-10-23T08:16:25.948+0000] {data_modification.py:78} INFO - Updated row with Video_ID: 8krJy31Diow
[2025-10-23T08:16:25.956+0000] {data_modification.py:78} INFO - Updated row with Video_ID: aRcUVhVlSHg
[2025-10-23T08:16:25.960+0000] {data_modification.py:78} INFO - Updated row with Video_ID: Jo7sfpeWqwE
[2025-10-23T08:16:25.971+0000] {data_modification.py:78} INFO - Updated row with Video_ID: QtD-CeUdRUQ
[2025-10-23T08:16:25.979+0000] {data_modification.py:78} INFO - Updated row with Video_ID: ndAQfTzlVjc
[2025-10-23T08:16:25.997+0000] {data_modification.py:78} INFO - Updated row with Video_ID: AydS-vA3qa4
[2025-10-23T08:16:26.004+0000] {data_modification.py:78} INFO - Updated row with Video_ID: UPrkC1LdlLY
[2025-10-23T08:16:26.015+0000] {data_modification.py:78} INFO - Updated row with Video_ID: 8bTQMDM4qvY
[2025-10-23T08:16:26.029+0000] {data_modification.py:78} INFO - Updated row with Video_ID: DBw0oD38z0Q
[2025-10-23T08:16:26.037+0000] {data_modification.py:78} INFO - Updated row with Video_ID: 4SNThp0YiU4
[2025-10-23T08:16:26.044+0000] {data_modification.py:78} INFO - Updated row with Video_ID: XhuisK0bTSA
[2025-10-23T08:16:26.048+0000] {data_modification.py:78} INFO - Updated row with Video_ID: lkCRPp7cnP8
[2025-10-23T08:16:26.053+0000] {data_modification.py:78} INFO - Updated row with Video_ID: KkCXLABwHP0
[2025-10-23T08:16:26.059+0000] {data_modification.py:78} INFO - Updated row with Video_ID: PWirijQkH4M
[2025-10-23T08:16:26.064+0000] {data_modification.py:78} INFO - Updated row with Video_ID: U_LlX4t0A9I
[2025-10-23T08:16:26.076+0000] {data_modification.py:78} INFO - Updated row with Video_ID: T8I165Qxeo8
[2025-10-23T08:16:26.080+0000] {data_modification.py:78} INFO - Updated row with Video_ID: i-9V21MqlhY
[2025-10-23T08:16:26.083+0000] {data_modification.py:78} INFO - Updated row with Video_ID: YyNz4--6fro
[2025-10-23T08:16:26.090+0000] {data_modification.py:78} INFO - Updated row with Video_ID: f0cXJ6mJxGc
[2025-10-23T08:16:26.095+0000] {data_modification.py:78} INFO - Updated row with Video_ID: F6PqxbvOCUI
[2025-10-23T08:16:26.099+0000] {data_modification.py:78} INFO - Updated row with Video_ID: oA4LSZvX4iE
[2025-10-23T08:16:26.109+0000] {data_modification.py:78} INFO - Updated row with Video_ID: ZKxnjszkZto
[2025-10-23T08:16:26.114+0000] {data_modification.py:78} INFO - Updated row with Video_ID: 8_gdcaX9Xqk
[2025-10-23T08:16:26.122+0000] {data_modification.py:78} INFO - Updated row with Video_ID: snUyLbGx6U4
[2025-10-23T08:16:26.126+0000] {data_modification.py:78} INFO - Updated row with Video_ID: Pv0iVoSZzN8
[2025-10-23T08:16:26.130+0000] {data_modification.py:78} INFO - Updated row with Video_ID: CWbV3NItSdY
[2025-10-23T08:16:26.139+0000] {data_modification.py:78} INFO - Updated row with Video_ID: l-nMKJ5J3Uc
[2025-10-23T08:16:26.145+0000] {data_modification.py:78} INFO - Updated row with Video_ID: XE1Qyss8GIY
[2025-10-23T08:16:26.152+0000] {data_modification.py:78} INFO - Updated row with Video_ID: 6GzHPS0rEgc
[2025-10-23T08:16:26.157+0000] {data_modification.py:78} INFO - Updated row with Video_ID: imhY0pe-Sd8
[2025-10-23T08:16:26.162+0000] {data_modification.py:78} INFO - Updated row with Video_ID: erLbbextvlY
[2025-10-23T08:16:26.170+0000] {data_modification.py:78} INFO - Updated row with Video_ID: OnTTThIzuNU
[2025-10-23T08:16:26.176+0000] {data_modification.py:78} INFO - Updated row with Video_ID: mKdjycj-7eE
[2025-10-23T08:16:26.182+0000] {data_modification.py:78} INFO - Updated row with Video_ID: tWYsfOSY9vY
[2025-10-23T08:16:26.190+0000] {data_modification.py:78} INFO - Updated row with Video_ID: sH48lKbayNU
[2025-10-23T08:16:26.194+0000] {data_modification.py:78} INFO - Updated row with Video_ID: AFXoSFNMwIA
[2025-10-23T08:16:26.204+0000] {data_modification.py:78} INFO - Updated row with Video_ID: k194wHZHjB0
[2025-10-23T08:16:26.209+0000] {data_modification.py:78} INFO - Updated row with Video_ID: AjwAdtlRKf8
[2025-10-23T08:16:26.223+0000] {data_modification.py:78} INFO - Updated row with Video_ID: KOEfDvr4DcQ
[2025-10-23T08:16:26.228+0000] {data_modification.py:78} INFO - Updated row with Video_ID: krsBRQbOPQ4
[2025-10-23T08:16:26.235+0000] {data_modification.py:78} INFO - Updated row with Video_ID: 7ESeQBeikKs
[2025-10-23T08:16:26.242+0000] {data_modification.py:78} INFO - Updated row with Video_ID: K_CbgLpvH9E
[2025-10-23T08:16:26.254+0000] {data_modification.py:78} INFO - Updated row with Video_ID: lOKASgtr6kU
[2025-10-23T08:16:26.258+0000] {data_modification.py:78} INFO - Updated row with Video_ID: 9RhWXPcKBI8
[2025-10-23T08:16:26.263+0000] {data_modification.py:78} INFO - Updated row with Video_ID: ZVt9ZJfWV1c
[2025-10-23T08:16:26.272+0000] {data_modification.py:78} INFO - Updated row with Video_ID: rWBOITBjitE
[2025-10-23T08:16:26.280+0000] {data_modification.py:78} INFO - Updated row with Video_ID: tnTPaLOaHz8
[2025-10-23T08:16:26.289+0000] {data_modification.py:78} INFO - Updated row with Video_ID: Wdjh81uH6FU
[2025-10-23T08:16:26.295+0000] {data_modification.py:78} INFO - Updated row with Video_ID: 7dYTw-jAYkY
[2025-10-23T08:16:26.302+0000] {data_modification.py:78} INFO - Updated row with Video_ID: AjZDwxt7S8w
[2025-10-23T08:16:26.307+0000] {data_modification.py:78} INFO - Updated row with Video_ID: aZnqqXaT02g
[2025-10-23T08:16:26.314+0000] {data_modification.py:78} INFO - Updated row with Video_ID: mwKJfNYwvm8
[2025-10-23T08:16:26.320+0000] {data_modification.py:78} INFO - Updated row with Video_ID: l9_8_pDTmis
[2025-10-23T08:16:26.324+0000] {data_modification.py:78} INFO - Updated row with Video_ID: n7x4Jj9pdH8
[2025-10-23T08:16:26.328+0000] {data_modification.py:78} INFO - Updated row with Video_ID: QjvpjXdgugA
[2025-10-23T08:16:26.344+0000] {data_modification.py:78} INFO - Updated row with Video_ID: jGAJCAuV3pQ
[2025-10-23T08:16:26.353+0000] {data_modification.py:78} INFO - Updated row with Video_ID: c0v8OPItCOg
[2025-10-23T08:16:26.357+0000] {data_modification.py:78} INFO - Updated row with Video_ID: 3ryID_SwU5E
[2025-10-23T08:16:26.361+0000] {data_modification.py:78} INFO - Updated row with Video_ID: IemzxkkzI5s
[2025-10-23T08:16:26.365+0000] {data_modification.py:78} INFO - Updated row with Video_ID: 3OFj6l2tQ9s
[2025-10-23T08:16:26.375+0000] {data_modification.py:78} INFO - Updated row with Video_ID: bvlFjrcpD6s
[2025-10-23T08:16:26.379+0000] {data_modification.py:78} INFO - Updated row with Video_ID: AZlBZuS4hr0
[2025-10-23T08:16:26.386+0000] {data_modification.py:78} INFO - Updated row with Video_ID: Gx6VeIIbWwM
[2025-10-23T08:16:26.392+0000] {data_modification.py:78} INFO - Updated row with Video_ID: CAOY8EKH1qU
[2025-10-23T08:16:26.396+0000] {data_modification.py:78} INFO - Updated row with Video_ID: IQxea9UB1nQ
[2025-10-23T08:16:26.407+0000] {data_modification.py:78} INFO - Updated row with Video_ID: KrLj6nc516A
[2025-10-23T08:16:26.412+0000] {data_modification.py:78} INFO - Updated row with Video_ID: zgLhCT7aFCA
[2025-10-23T08:16:26.424+0000] {data_modification.py:78} INFO - Updated row with Video_ID: L5kIXRdwGAI
[2025-10-23T08:16:26.430+0000] {data_modification.py:78} INFO - Updated row with Video_ID: 19NmWqv4Alk
[2025-10-23T08:16:26.436+0000] {data_modification.py:78} INFO - Updated row with Video_ID: vBpQ1SlfVtU
[2025-10-23T08:16:26.441+0000] {data_modification.py:78} INFO - Updated row with Video_ID: SGzWIoLAzmY
[2025-10-23T08:16:26.445+0000] {data_modification.py:78} INFO - Updated row with Video_ID: NnNZLCl78Ao
[2025-10-23T08:16:26.452+0000] {data_modification.py:78} INFO - Updated row with Video_ID: NTZhwAldqwg
[2025-10-23T08:16:26.456+0000] {data_modification.py:78} INFO - Updated row with Video_ID: J_z-W4UVHkw
[2025-10-23T08:16:26.464+0000] {data_modification.py:78} INFO - Updated row with Video_ID: mKIhHNznt4s
[2025-10-23T08:16:26.474+0000] {data_modification.py:78} INFO - Updated row with Video_ID: jObOjhUkf50
[2025-10-23T08:16:26.488+0000] {data_modification.py:78} INFO - Updated row with Video_ID: O3YVBJ2n5xg
[2025-10-23T08:16:26.494+0000] {data_modification.py:78} INFO - Updated row with Video_ID: yhB3BgJyGl8
[2025-10-23T08:16:26.505+0000] {data_modification.py:78} INFO - Updated row with Video_ID: CP82DAKzL1U
[2025-10-23T08:16:26.526+0000] {data_modification.py:78} INFO - Updated row with Video_ID: fuhE6PYnRMc
[2025-10-23T08:16:26.531+0000] {data_modification.py:78} INFO - Updated row with Video_ID: stUofW3whpE
[2025-10-23T08:16:26.541+0000] {data_modification.py:78} INFO - Updated row with Video_ID: 48h57PspBec
[2025-10-23T08:16:26.547+0000] {data_modification.py:78} INFO - Updated row with Video_ID: ooAwCOP67GQ
[2025-10-23T08:16:26.555+0000] {data_modification.py:78} INFO - Updated row with Video_ID: FM7Z-Xq8Drc
[2025-10-23T08:16:26.561+0000] {data_modification.py:78} INFO - Updated row with Video_ID: ykRq_rp7NhM
[2025-10-23T08:16:26.573+0000] {data_modification.py:78} INFO - Updated row with Video_ID: WTOm65IZneg
[2025-10-23T08:16:26.576+0000] {data_modification.py:78} INFO - Updated row with Video_ID: 8kggT2ej-lo
[2025-10-23T08:16:26.581+0000] {data_modification.py:78} INFO - Updated row with Video_ID: GGBy50KtvRk
[2025-10-23T08:16:26.589+0000] {data_modification.py:78} INFO - Updated row with Video_ID: Y4-gFIfGXiQ
[2025-10-23T08:16:26.593+0000] {data_modification.py:78} INFO - Updated row with Video_ID: 1WEAJ-DFkHE
[2025-10-23T08:16:26.607+0000] {data_modification.py:78} INFO - Updated row with Video_ID: Y0cBiGUuB1Y
[2025-10-23T08:16:26.614+0000] {data_modification.py:78} INFO - Updated row with Video_ID: YLt73w6criQ
[2025-10-23T08:16:26.623+0000] {data_modification.py:78} INFO - Updated row with Video_ID: NPYPXWJBTWM
[2025-10-23T08:16:26.631+0000] {data_modification.py:78} INFO - Updated row with Video_ID: lglIQkCHO0g
[2025-10-23T08:16:26.646+0000] {data_modification.py:78} INFO - Updated row with Video_ID: TJ2ifmkGGus
[2025-10-23T08:16:26.654+0000] {data_modification.py:78} INFO - Updated row with Video_ID: 7IKab3HcfFk
[2025-10-23T08:16:26.658+0000] {data_modification.py:78} INFO - Updated row with Video_ID: h5NvTTOlOtI
[2025-10-23T08:16:26.664+0000] {data_modification.py:78} INFO - Updated row with Video_ID: se50viFJ0AQ
[2025-10-23T08:16:26.669+0000] {data_modification.py:78} INFO - Updated row with Video_ID: 0CTp1a-aCUM
[2025-10-23T08:16:26.674+0000] {data_modification.py:78} INFO - Updated row with Video_ID: FD-0KG-h2-c
[2025-10-23T08:16:26.683+0000] {data_modification.py:78} INFO - Updated row with Video_ID: kX3nB4PpJko
[2025-10-23T08:16:26.688+0000] {data_modification.py:78} INFO - Updated row with Video_ID: YlvcFJOE-OE
[2025-10-23T08:16:26.692+0000] {data_modification.py:78} INFO - Updated row with Video_ID: iogcY_4xGjo
[2025-10-23T08:16:26.697+0000] {data_modification.py:78} INFO - Updated row with Video_ID: S_CUEOBZ0P4
[2025-10-23T08:16:26.703+0000] {data_modification.py:78} INFO - Updated row with Video_ID: gHzuabZUd6c
[2025-10-23T08:16:26.711+0000] {data_modification.py:78} INFO - Updated row with Video_ID: 65fN_OUawjk
[2025-10-23T08:16:26.716+0000] {data_modification.py:78} INFO - Updated row with Video_ID: jdMNoQE3mIQ
[2025-10-23T08:16:26.722+0000] {data_modification.py:78} INFO - Updated row with Video_ID: 2isYuQZMbdU
[2025-10-23T08:16:26.726+0000] {data_modification.py:78} INFO - Updated row with Video_ID: tVWWp1PqDus
[2025-10-23T08:16:26.730+0000] {data_modification.py:78} INFO - Updated row with Video_ID: vaIgyRoUkQI
[2025-10-23T08:16:26.738+0000] {data_modification.py:78} INFO - Updated row with Video_ID: Hwybp38GnZw
[2025-10-23T08:16:26.747+0000] {data_modification.py:78} INFO - Updated row with Video_ID: hD1YtmKXNb4
[2025-10-23T08:16:26.752+0000] {data_modification.py:78} INFO - Updated row with Video_ID: LnlKwzc_TNA
[2025-10-23T08:16:26.757+0000] {data_modification.py:78} INFO - Updated row with Video_ID: 3jS_yEK8qVI
[2025-10-23T08:16:26.762+0000] {data_modification.py:78} INFO - Updated row with Video_ID: 00NgUctWoLQ
[2025-10-23T08:16:26.772+0000] {data_modification.py:78} INFO - Updated row with Video_ID: x9TQ6culXIA
[2025-10-23T08:16:26.781+0000] {data_modification.py:78} INFO - Updated row with Video_ID: QbJJwaVdgIs
[2025-10-23T08:16:26.786+0000] {data_modification.py:78} INFO - Updated row with Video_ID: 0e3GPea1Tyg
[2025-10-23T08:16:26.790+0000] {data_modification.py:78} INFO - Updated row with Video_ID: cV2gBU6hKfY
[2025-10-23T08:16:26.796+0000] {data_modification.py:78} INFO - Updated row with Video_ID: qIsgdOVGA04
[2025-10-23T08:16:26.807+0000] {data_modification.py:78} INFO - Updated row with Video_ID: cExLQ1o2pDw
[2025-10-23T08:16:26.812+0000] {data_modification.py:78} INFO - Updated row with Video_ID: uocETPj4Jx4
[2025-10-23T08:16:26.820+0000] {data_modification.py:78} INFO - Updated row with Video_ID: zxYjTTXc-J8
[2025-10-23T08:16:26.824+0000] {data_modification.py:78} INFO - Updated row with Video_ID: hxwpkM5w3Cc
[2025-10-23T08:16:26.828+0000] {data_modification.py:78} INFO - Updated row with Video_ID: ktyJIj6i4Qw
[2025-10-23T08:16:26.832+0000] {data_modification.py:78} INFO - Updated row with Video_ID: urtFrxDUV6c
[2025-10-23T08:16:26.838+0000] {data_modification.py:78} INFO - Updated row with Video_ID: nM89Wl03Q4g
[2025-10-23T08:16:26.843+0000] {data_modification.py:78} INFO - Updated row with Video_ID: NZlClr_ivb4
[2025-10-23T08:16:26.848+0000] {data_modification.py:78} INFO - Updated row with Video_ID: E6E22XQPhhg
[2025-10-23T08:16:26.858+0000] {data_modification.py:78} INFO - Updated row with Video_ID: TQHEJj68Jew
[2025-10-23T08:16:26.862+0000] {data_modification.py:78} INFO - Updated row with Video_ID: WcwGleN38zE
[2025-10-23T08:16:26.871+0000] {data_modification.py:78} INFO - Updated row with Video_ID: fMfipiV_17o
[2025-10-23T08:16:26.877+0000] {data_modification.py:78} INFO - Updated row with Video_ID: ayXxwJJId_c
[2025-10-23T08:16:26.882+0000] {data_modification.py:78} INFO - Updated row with Video_ID: 9bqk6ZUsKyA
[2025-10-23T08:16:26.889+0000] {data_modification.py:78} INFO - Updated row with Video_ID: DuQbOQwVaNE
[2025-10-23T08:16:26.893+0000] {data_modification.py:78} INFO - Updated row with Video_ID: vJH28ICkCdU
[2025-10-23T08:16:26.897+0000] {data_modification.py:78} INFO - Updated row with Video_ID: _uwNDiU04zE
[2025-10-23T08:16:26.902+0000] {data_modification.py:78} INFO - Updated row with Video_ID: C680oxL__ck
[2025-10-23T08:16:26.907+0000] {data_modification.py:78} INFO - Updated row with Video_ID: 5Fg9oZk-5uA
[2025-10-23T08:16:26.913+0000] {data_modification.py:78} INFO - Updated row with Video_ID: PKtnafFtfEo
[2025-10-23T08:16:26.919+0000] {data_modification.py:78} INFO - Updated row with Video_ID: f0c7pSCoZqE
[2025-10-23T08:16:26.924+0000] {data_modification.py:78} INFO - Updated row with Video_ID: dg2Ag3e8W-Q
[2025-10-23T08:16:26.930+0000] {data_modification.py:78} INFO - Updated row with Video_ID: LeYsRMZFUq0
[2025-10-23T08:16:26.936+0000] {data_modification.py:78} INFO - Updated row with Video_ID: Dc2ZRmuH5OM
[2025-10-23T08:16:26.941+0000] {data_modification.py:78} INFO - Updated row with Video_ID: GLoeAJUcz38
[2025-10-23T08:16:26.948+0000] {data_modification.py:78} INFO - Updated row with Video_ID: SZQhgExjBvQ
[2025-10-23T08:16:26.953+0000] {data_modification.py:78} INFO - Updated row with Video_ID: IoZri9hq7z4
[2025-10-23T08:16:26.957+0000] {data_modification.py:78} INFO - Updated row with Video_ID: vp5sSqyZ5Go
[2025-10-23T08:16:26.961+0000] {data_modification.py:78} INFO - Updated row with Video_ID: AKJfakEsgy0
[2025-10-23T08:16:26.965+0000] {data_modification.py:78} INFO - Updated row with Video_ID: Vl3swga-Xrk
[2025-10-23T08:16:26.972+0000] {data_modification.py:78} INFO - Updated row with Video_ID: UE5AHE2Ypr8
[2025-10-23T08:16:26.979+0000] {data_modification.py:78} INFO - Updated row with Video_ID: TDiXxsQ0w2Q
[2025-10-23T08:16:26.985+0000] {data_modification.py:78} INFO - Updated row with Video_ID: oD155zWANQg
[2025-10-23T08:16:26.992+0000] {data_modification.py:78} INFO - Updated row with Video_ID: s1ax8Tx_Jz0
[2025-10-23T08:16:26.997+0000] {data_modification.py:78} INFO - Updated row with Video_ID: NkE0AMGzpJY
[2025-10-23T08:16:27.008+0000] {data_modification.py:78} INFO - Updated row with Video_ID: FbM1yi4mMMc
[2025-10-23T08:16:27.013+0000] {data_modification.py:78} INFO - Updated row with Video_ID: 5V2B28OqfqM
[2025-10-23T08:16:27.018+0000] {data_modification.py:78} INFO - Updated row with Video_ID: Rj_vssRaZlQ
[2025-10-23T08:16:27.025+0000] {data_modification.py:78} INFO - Updated row with Video_ID: YQDDm9HLkV4
[2025-10-23T08:16:27.029+0000] {data_modification.py:78} INFO - Updated row with Video_ID: erQ_9yEz0ls
[2025-10-23T08:16:27.036+0000] {data_modification.py:78} INFO - Updated row with Video_ID: OAbP-V6fEVc
[2025-10-23T08:16:27.046+0000] {data_modification.py:78} INFO - Updated row with Video_ID: _qAJMXfL6o0
[2025-10-23T08:16:27.053+0000] {data_modification.py:78} INFO - Updated row with Video_ID: 59AYXzCa-Cs
[2025-10-23T08:16:27.058+0000] {data_modification.py:78} INFO - Updated row with Video_ID: r7zJ8srwwjk
[2025-10-23T08:16:27.063+0000] {data_modification.py:78} INFO - Updated row with Video_ID: YSoJPA8-oHc
[2025-10-23T08:16:27.076+0000] {data_modification.py:78} INFO - Updated row with Video_ID: 5Hg_QSIJm8I
[2025-10-23T08:16:27.093+0000] {data_modification.py:78} INFO - Updated row with Video_ID: gsWPpE4Rid0
[2025-10-23T08:16:27.099+0000] {data_modification.py:78} INFO - Updated row with Video_ID: HBMmK1c44sE
[2025-10-23T08:16:27.111+0000] {data_modification.py:78} INFO - Updated row with Video_ID: oBYbxw8f5OI
[2025-10-23T08:16:27.123+0000] {data_modification.py:78} INFO - Updated row with Video_ID: AiGKBNGlzHo
[2025-10-23T08:16:27.130+0000] {data_modification.py:78} INFO - Updated row with Video_ID: _mdKvblL_8s
[2025-10-23T08:16:27.139+0000] {data_modification.py:78} INFO - Updated row with Video_ID: yXWw0_UfSFg
[2025-10-23T08:16:27.143+0000] {data_modification.py:78} INFO - Updated row with Video_ID: F4Y3Pkn95GI
[2025-10-23T08:16:27.147+0000] {data_modification.py:78} INFO - Updated row with Video_ID: KSKJKLmAqpI
[2025-10-23T08:16:27.156+0000] {data_modification.py:78} INFO - Updated row with Video_ID: IYVjOfoU3uI
[2025-10-23T08:16:27.161+0000] {data_modification.py:78} INFO - Updated row with Video_ID: oI6aXhowFDY
[2025-10-23T08:16:27.169+0000] {data_modification.py:78} INFO - Updated row with Video_ID: LdMx2U5tby0
[2025-10-23T08:16:27.175+0000] {data_modification.py:78} INFO - Updated row with Video_ID: fY-LA3YaZ_M
[2025-10-23T08:16:27.189+0000] {data_modification.py:78} INFO - Updated row with Video_ID: 0hVZOJCYBBM
[2025-10-23T08:16:27.196+0000] {data_modification.py:78} INFO - Updated row with Video_ID: Z9WQy9jEY8M
[2025-10-23T08:16:27.205+0000] {data_modification.py:78} INFO - Updated row with Video_ID: bs0SWXbty18
[2025-10-23T08:16:27.212+0000] {data_modification.py:78} INFO - Updated row with Video_ID: yeqARWqjkps
[2025-10-23T08:16:27.221+0000] {data_modification.py:78} INFO - Updated row with Video_ID: wMuYiLby3-s
[2025-10-23T08:16:27.226+0000] {data_modification.py:78} INFO - Updated row with Video_ID: NbaWrbJDr48
[2025-10-23T08:16:27.234+0000] {data_modification.py:78} INFO - Updated row with Video_ID: sfv1QaRzJg8
[2025-10-23T08:16:27.253+0000] {data_modification.py:78} INFO - Updated row with Video_ID: RwnN2FVaHmw
[2025-10-23T08:16:27.269+0000] {data_modification.py:78} INFO - Updated row with Video_ID: X1jMMFOqxEw
[2025-10-23T08:16:27.278+0000] {data_modification.py:78} INFO - Updated row with Video_ID: ORUX1lHbOa8
[2025-10-23T08:16:27.283+0000] {data_modification.py:78} INFO - Updated row with Video_ID: LU_xVr4b2qM
[2025-10-23T08:16:27.288+0000] {data_modification.py:78} INFO - Updated row with Video_ID: tQ4m4zD7BBA
[2025-10-23T08:16:27.292+0000] {data_modification.py:78} INFO - Updated row with Video_ID: D9lVNzyhYnc
[2025-10-23T08:16:27.297+0000] {data_modification.py:78} INFO - Updated row with Video_ID: jokVbbLqV_E
[2025-10-23T08:16:27.304+0000] {data_modification.py:78} INFO - Updated row with Video_ID: HPJKxAhLw5I
[2025-10-23T08:16:27.319+0000] {data_modification.py:78} INFO - Updated row with Video_ID: Ims5p6wjW9s
[2025-10-23T08:16:27.327+0000] {data_modification.py:78} INFO - Updated row with Video_ID: anFxsa5jXrE
[2025-10-23T08:16:27.346+0000] {data_modification.py:78} INFO - Updated row with Video_ID: QxGVgXf_LNk
[2025-10-23T08:16:27.356+0000] {data_modification.py:78} INFO - Updated row with Video_ID: al6130OD1Ck
[2025-10-23T08:16:27.363+0000] {data_modification.py:78} INFO - Updated row with Video_ID: d1010B3sKNQ
[2025-10-23T08:16:27.377+0000] {data_modification.py:78} INFO - Updated row with Video_ID: NS3hse9ezik
[2025-10-23T08:16:27.410+0000] {data_modification.py:78} INFO - Updated row with Video_ID: npDey6_9YRs
[2025-10-23T08:16:27.428+0000] {data_modification.py:78} INFO - Updated row with Video_ID: 0NGWT9COcEI
[2025-10-23T08:16:27.439+0000] {data_modification.py:78} INFO - Updated row with Video_ID: 3LLnjRLrvLU
[2025-10-23T08:16:27.452+0000] {data_modification.py:78} INFO - Updated row with Video_ID: bTrV5v7GLcQ
[2025-10-23T08:16:27.462+0000] {data_modification.py:78} INFO - Updated row with Video_ID: lBYC4_Lccjw
[2025-10-23T08:16:27.474+0000] {data_modification.py:78} INFO - Updated row with Video_ID: gL6iSCSHjco
[2025-10-23T08:16:27.485+0000] {data_modification.py:78} INFO - Updated row with Video_ID: UQtltNZ_pjs
[2025-10-23T08:16:27.491+0000] {data_modification.py:78} INFO - Updated row with Video_ID: 0DaMUhgcAqo
[2025-10-23T08:16:27.497+0000] {data_modification.py:78} INFO - Updated row with Video_ID: TOcGSwJBPMQ
[2025-10-23T08:16:27.507+0000] {data_modification.py:78} INFO - Updated row with Video_ID: ws694xrKopA
[2025-10-23T08:16:27.517+0000] {data_modification.py:78} INFO - Updated row with Video_ID: UtnsWzaoRtg
[2025-10-23T08:16:27.527+0000] {data_modification.py:78} INFO - Updated row with Video_ID: 6wsFjjhZPJI
[2025-10-23T08:16:27.544+0000] {data_modification.py:78} INFO - Updated row with Video_ID: Rmf6T_Ewt38
[2025-10-23T08:16:27.551+0000] {data_modification.py:78} INFO - Updated row with Video_ID: n6qc4LHN2KQ
[2025-10-23T08:16:27.557+0000] {data_modification.py:78} INFO - Updated row with Video_ID: 2eFSU7TFOnk
[2025-10-23T08:16:27.565+0000] {data_modification.py:78} INFO - Updated row with Video_ID: RCvnytndd9c
[2025-10-23T08:16:27.584+0000] {data_modification.py:78} INFO - Updated row with Video_ID: AA-VpIj8F5Y
[2025-10-23T08:16:27.596+0000] {data_modification.py:78} INFO - Updated row with Video_ID: fWcSBWadolA
[2025-10-23T08:16:27.614+0000] {data_modification.py:78} INFO - Updated row with Video_ID: YyhKdOCwD7s
[2025-10-23T08:16:27.627+0000] {data_modification.py:78} INFO - Updated row with Video_ID: ha4tRQwKIUg
[2025-10-23T08:16:27.656+0000] {data_modification.py:78} INFO - Updated row with Video_ID: xRwy_rKc7gI
[2025-10-23T08:16:27.673+0000] {data_modification.py:78} INFO - Updated row with Video_ID: H1WBdh56Vq4
[2025-10-23T08:16:27.690+0000] {data_modification.py:78} INFO - Updated row with Video_ID: xhIYirjB4Yc
[2025-10-23T08:16:27.702+0000] {data_modification.py:78} INFO - Updated row with Video_ID: HfJMs4mrSJM
[2025-10-23T08:16:27.714+0000] {data_modification.py:78} INFO - Updated row with Video_ID: tYHTVjfShOA
[2025-10-23T08:16:27.723+0000] {data_modification.py:78} INFO - Updated row with Video_ID: JTQcIR2ZxU4
[2025-10-23T08:16:27.746+0000] {data_modification.py:78} INFO - Updated row with Video_ID: xpNeg0hPZIs
[2025-10-23T08:16:27.757+0000] {data_modification.py:78} INFO - Updated row with Video_ID: 9yrdFAJUSaU
[2025-10-23T08:16:27.762+0000] {data_modification.py:78} INFO - Updated row with Video_ID: i2O6GMpNWGo
[2025-10-23T08:16:27.775+0000] {data_modification.py:78} INFO - Updated row with Video_ID: Y6jC6VaO3j0
[2025-10-23T08:16:27.785+0000] {data_modification.py:78} INFO - Updated row with Video_ID: Ooke4YZv8Ts
[2025-10-23T08:16:27.789+0000] {data_modification.py:78} INFO - Updated row with Video_ID: ZV7rU6lnAKQ
[2025-10-23T08:16:27.795+0000] {data_modification.py:78} INFO - Updated row with Video_ID: iUzi5JmJNWc
[2025-10-23T08:16:27.805+0000] {data_modification.py:78} INFO - Updated row with Video_ID: 9cCpZl8euLI
[2025-10-23T08:16:27.818+0000] {data_modification.py:78} INFO - Updated row with Video_ID: I046_n20d3s
[2025-10-23T08:16:27.823+0000] {data_modification.py:78} INFO - Updated row with Video_ID: 2nd73lyvq4w
[2025-10-23T08:16:27.828+0000] {data_modification.py:78} INFO - Updated row with Video_ID: nuM0Z4a7kMs
[2025-10-23T08:16:27.832+0000] {data_modification.py:78} INFO - Updated row with Video_ID: qPBtTPJHS0Q
[2025-10-23T08:16:27.840+0000] {data_modification.py:78} INFO - Updated row with Video_ID: A-vX1AGBGsc
[2025-10-23T08:16:27.851+0000] {data_modification.py:78} INFO - Updated row with Video_ID: IiW2smvEcBM
[2025-10-23T08:16:27.860+0000] {data_modification.py:78} INFO - Updated row with Video_ID: q6Qw8mUVTrE
[2025-10-23T08:16:27.869+0000] {data_modification.py:78} INFO - Updated row with Video_ID: dBxOYE2j55U
[2025-10-23T08:16:27.886+0000] {data_modification.py:78} INFO - Updated row with Video_ID: 984NGLLYDUg
[2025-10-23T08:16:27.894+0000] {data_modification.py:78} INFO - Updated row with Video_ID: 7zi0bi-RDj4
[2025-10-23T08:16:27.899+0000] {data_modification.py:78} INFO - Updated row with Video_ID: XaxhLbxZ13k
[2025-10-23T08:16:27.925+0000] {data_modification.py:78} INFO - Updated row with Video_ID: L8nh1wuXTbI
[2025-10-23T08:16:27.953+0000] {data_modification.py:78} INFO - Updated row with Video_ID: 9-HphHIJS9c
[2025-10-23T08:16:27.962+0000] {data_modification.py:78} INFO - Updated row with Video_ID: rPXmbM2UEbU
[2025-10-23T08:16:27.972+0000] {data_modification.py:78} INFO - Updated row with Video_ID: sESRuTyfsEk
[2025-10-23T08:16:27.976+0000] {data_modification.py:78} INFO - Updated row with Video_ID: QapO3maXd9k
[2025-10-23T08:16:27.981+0000] {data_modification.py:78} INFO - Updated row with Video_ID: 71VpdDb8e6U
[2025-10-23T08:16:27.988+0000] {data_modification.py:78} INFO - Updated row with Video_ID: Su34c5Z8DW4
[2025-10-23T08:16:27.992+0000] {data_modification.py:78} INFO - Updated row with Video_ID: e5DqdX-7_g4
[2025-10-23T08:16:28.000+0000] {data_modification.py:78} INFO - Updated row with Video_ID: 9vB-48kHbBU
[2025-10-23T08:16:28.010+0000] {data_modification.py:78} INFO - Updated row with Video_ID: 3ix_gbcubTo
[2025-10-23T08:16:28.020+0000] {data_modification.py:78} INFO - Updated row with Video_ID: mGIpOtncmSM
[2025-10-23T08:16:28.026+0000] {data_modification.py:78} INFO - Updated row with Video_ID: VqnQ-0q2gb4
[2025-10-23T08:16:28.035+0000] {data_modification.py:78} INFO - Updated row with Video_ID: 3TflpIllQHY
[2025-10-23T08:16:28.048+0000] {data_modification.py:78} INFO - Updated row with Video_ID: 1SwVSTKFCsc
[2025-10-23T08:16:28.055+0000] {data_modification.py:78} INFO - Updated row with Video_ID: ZPuEUe_8SRM
[2025-10-23T08:16:28.061+0000] {data_modification.py:78} INFO - Updated row with Video_ID: gKVZz4kcuns
[2025-10-23T08:16:28.072+0000] {data_modification.py:78} INFO - Updated row with Video_ID: xBP9EUQIkNs
[2025-10-23T08:16:28.087+0000] {data_modification.py:78} INFO - Updated row with Video_ID: qZNxvnQv0h4
[2025-10-23T08:16:28.096+0000] {data_modification.py:78} INFO - Updated row with Video_ID: uE6gud1voDs
[2025-10-23T08:16:28.110+0000] {data_modification.py:78} INFO - Updated row with Video_ID: f0M64XpmTz8
[2025-10-23T08:16:28.120+0000] {data_modification.py:78} INFO - Updated row with Video_ID: Gz3yak1cl-8
[2025-10-23T08:16:28.128+0000] {data_modification.py:78} INFO - Updated row with Video_ID: 9GD6hbqu2oM
[2025-10-23T08:16:28.152+0000] {data_modification.py:78} INFO - Updated row with Video_ID: GUWGsIVEMSQ
[2025-10-23T08:16:28.174+0000] {data_modification.py:78} INFO - Updated row with Video_ID: wDqJZ_2ZA3A
[2025-10-23T08:16:28.208+0000] {data_modification.py:78} INFO - Updated row with Video_ID: RywkkwO78m8
[2025-10-23T08:16:28.217+0000] {data_modification.py:78} INFO - Updated row with Video_ID: P4qWhSZ7_WA
[2025-10-23T08:16:28.224+0000] {data_modification.py:78} INFO - Updated row with Video_ID: UlUcwJc5nBs
[2025-10-23T08:16:28.234+0000] {data_modification.py:78} INFO - Updated row with Video_ID: qAW6CE7_bFM
[2025-10-23T08:16:28.240+0000] {data_modification.py:78} INFO - Updated row with Video_ID: tBEBc4KQVsU
[2025-10-23T08:16:28.255+0000] {data_modification.py:78} INFO - Updated row with Video_ID: q0OK-zHnvnA
[2025-10-23T08:16:28.260+0000] {data_modification.py:78} INFO - Updated row with Video_ID: bFZdU9dr4OM
[2025-10-23T08:16:28.268+0000] {data_modification.py:78} INFO - Updated row with Video_ID: nd-bwvNB7YA
[2025-10-23T08:16:28.276+0000] {data_modification.py:78} INFO - Updated row with Video_ID: 6_im_hGxGRk
[2025-10-23T08:16:28.289+0000] {data_modification.py:78} INFO - Updated row with Video_ID: b91vrgVY-ZQ
[2025-10-23T08:16:28.293+0000] {data_modification.py:78} INFO - Updated row with Video_ID: 52ubXjlVzUY
[2025-10-23T08:16:28.300+0000] {data_modification.py:78} INFO - Updated row with Video_ID: XHb7g6yuGgE
[2025-10-23T08:16:28.307+0000] {data_modification.py:78} INFO - Updated row with Video_ID: rH1D_3G56DY
[2025-10-23T08:16:28.322+0000] {data_modification.py:78} INFO - Updated row with Video_ID: -0zoWMSEOGg
[2025-10-23T08:16:28.330+0000] {data_modification.py:78} INFO - Updated row with Video_ID: WRzIuC2MKOU
[2025-10-23T08:16:28.339+0000] {data_modification.py:78} INFO - Updated row with Video_ID: foLlul8Tl3E
[2025-10-23T08:16:28.352+0000] {data_modification.py:78} INFO - Updated row with Video_ID: 3iaDrpKdaIc
[2025-10-23T08:16:28.362+0000] {data_modification.py:78} INFO - Updated row with Video_ID: qrIh-ZHN4-E
[2025-10-23T08:16:28.371+0000] {data_modification.py:78} INFO - Updated row with Video_ID: mpZWt5pGKZ8
[2025-10-23T08:16:28.385+0000] {data_modification.py:78} INFO - Updated row with Video_ID: vbph9F_pRNI
[2025-10-23T08:16:28.390+0000] {data_modification.py:78} INFO - Updated row with Video_ID: wbzD04leeLI
[2025-10-23T08:16:28.394+0000] {data_modification.py:78} INFO - Updated row with Video_ID: MC5h-ShR-S8
[2025-10-23T08:16:28.404+0000] {data_modification.py:78} INFO - Updated row with Video_ID: dp8IaLrZpGs
[2025-10-23T08:16:28.409+0000] {data_modification.py:78} INFO - Updated row with Video_ID: 97Gh93Daio0
[2025-10-23T08:16:28.416+0000] {data_modification.py:78} INFO - Updated row with Video_ID: t4OumncEiKo
[2025-10-23T08:16:28.425+0000] {data_modification.py:78} INFO - Updated row with Video_ID: Ejou8aa5eZk
[2025-10-23T08:16:28.441+0000] {data_modification.py:78} INFO - Updated row with Video_ID: ehEuczQUh8E
[2025-10-23T08:16:28.454+0000] {data_modification.py:78} INFO - Updated row with Video_ID: uBC7805Smsg
[2025-10-23T08:16:28.462+0000] {data_modification.py:78} INFO - Updated row with Video_ID: d8pJkuSp1iI
[2025-10-23T08:16:28.471+0000] {data_modification.py:78} INFO - Updated row with Video_ID: dFr5YQaQQdo
[2025-10-23T08:16:28.476+0000] {data_modification.py:78} INFO - Updated row with Video_ID: xBLxMfO3pDw
[2025-10-23T08:16:28.485+0000] {data_modification.py:78} INFO - Updated row with Video_ID: d7QmQtNwhcU
[2025-10-23T08:16:28.490+0000] {data_modification.py:78} INFO - Updated row with Video_ID: NZR4WEjpOQg
[2025-10-23T08:16:28.494+0000] {data_modification.py:78} INFO - Updated row with Video_ID: vETSAZgfDP4
[2025-10-23T08:16:28.502+0000] {data_modification.py:78} INFO - Updated row with Video_ID: zE3FLbpu9-Q
[2025-10-23T08:16:28.508+0000] {data_modification.py:78} INFO - Updated row with Video_ID: Izmibu7dxcs
[2025-10-23T08:16:28.516+0000] {data_modification.py:78} INFO - Updated row with Video_ID: 2Pvt8awds44
[2025-10-23T08:16:28.520+0000] {data_modification.py:78} INFO - Updated row with Video_ID: n9BbAfbsyj0
[2025-10-23T08:16:28.527+0000] {data_modification.py:78} INFO - Updated row with Video_ID: WZ2rYlVxt4g
[2025-10-23T08:16:28.533+0000] {data_modification.py:78} INFO - Updated row with Video_ID: CWK6an4mYL0
[2025-10-23T08:16:28.538+0000] {data_modification.py:78} INFO - Updated row with Video_ID: VwWV4JelEzY
[2025-10-23T08:16:28.543+0000] {data_modification.py:78} INFO - Updated row with Video_ID: koRKIlRQj4g
[2025-10-23T08:16:28.547+0000] {data_modification.py:78} INFO - Updated row with Video_ID: XKFKPQHdWRI
[2025-10-23T08:16:28.554+0000] {data_modification.py:78} INFO - Updated row with Video_ID: yuGEB4ZZdUQ
[2025-10-23T08:16:28.560+0000] {data_modification.py:78} INFO - Updated row with Video_ID: szt8xabJoSo
[2025-10-23T08:16:28.567+0000] {data_modification.py:78} INFO - Updated row with Video_ID: Fbl3E_XCQfA
[2025-10-23T08:16:28.583+0000] {data_modification.py:78} INFO - Updated row with Video_ID: Pe3pGsCeYXg
[2025-10-23T08:16:28.589+0000] {data_modification.py:78} INFO - Updated row with Video_ID: yzGmnjDFuZE
[2025-10-23T08:16:28.593+0000] {data_modification.py:78} INFO - Updated row with Video_ID: l_huIWJBhJM
[2025-10-23T08:16:28.601+0000] {data_modification.py:78} INFO - Updated row with Video_ID: 7ALCsEyn3mg
[2025-10-23T08:16:28.626+0000] {data_modification.py:78} INFO - Updated row with Video_ID: CvMRiR4k49Y
[2025-10-23T08:16:28.630+0000] {data_modification.py:78} INFO - Updated row with Video_ID: g2rbhIB-ITM
[2025-10-23T08:16:28.637+0000] {data_modification.py:78} INFO - Updated row with Video_ID: nLpqZEAFnkE
[2025-10-23T08:16:28.641+0000] {data_modification.py:78} INFO - Updated row with Video_ID: sirrTXiPFmw
[2025-10-23T08:16:28.645+0000] {data_modification.py:78} INFO - Updated row with Video_ID: nRkwuTOESCc
[2025-10-23T08:16:28.653+0000] {data_modification.py:78} INFO - Updated row with Video_ID: AS6WMS_Bemg
[2025-10-23T08:16:28.659+0000] {data_modification.py:78} INFO - Updated row with Video_ID: wMn8d7IeCYM
[2025-10-23T08:16:28.663+0000] {data_modification.py:78} INFO - Updated row with Video_ID: BMZP4CtphaU
[2025-10-23T08:16:28.674+0000] {data_modification.py:78} INFO - Updated row with Video_ID: 93s1JECSy60
[2025-10-23T08:16:28.679+0000] {data_modification.py:78} INFO - Updated row with Video_ID: YR6Wh2Zy9jE
[2025-10-23T08:16:28.686+0000] {data_modification.py:78} INFO - Updated row with Video_ID: 5PCxQSMOl3o
[2025-10-23T08:16:28.690+0000] {data_modification.py:78} INFO - Updated row with Video_ID: 5qzAVMe_SnM
[2025-10-23T08:16:28.694+0000] {data_modification.py:78} INFO - Updated row with Video_ID: zAAXW7ySu1k
[2025-10-23T08:16:28.700+0000] {data_modification.py:78} INFO - Updated row with Video_ID: sx5k8xd_VoU
[2025-10-23T08:16:28.705+0000] {data_modification.py:78} INFO - Updated row with Video_ID: uotb9ZHnI2g
[2025-10-23T08:16:28.710+0000] {data_modification.py:78} INFO - Updated row with Video_ID: nPlqRbVFBHI
[2025-10-23T08:16:28.720+0000] {data_modification.py:78} INFO - Updated row with Video_ID: _FX6rml2Yjs
[2025-10-23T08:16:28.726+0000] {data_modification.py:78} INFO - Updated row with Video_ID: kupaqq-xJ_8
[2025-10-23T08:16:28.735+0000] {data_modification.py:78} INFO - Updated row with Video_ID: 4KVmSG6KS2k
[2025-10-23T08:16:28.742+0000] {data_modification.py:78} INFO - Updated row with Video_ID: Lx9fRu5ehFo
[2025-10-23T08:16:28.755+0000] {data_modification.py:78} INFO - Updated row with Video_ID: ZJwX2jTXWwQ
[2025-10-23T08:16:28.763+0000] {data_modification.py:78} INFO - Updated row with Video_ID: N_GMakKf7G4
[2025-10-23T08:16:28.771+0000] {data_modification.py:78} INFO - Updated row with Video_ID: 63gyUQ_JeOE
[2025-10-23T08:16:28.776+0000] {data_modification.py:78} INFO - Updated row with Video_ID: IZVbzNRUlQI
[2025-10-23T08:16:28.782+0000] {data_modification.py:78} INFO - Updated row with Video_ID: 8D3vI1615K4
[2025-10-23T08:16:28.787+0000] {data_modification.py:78} INFO - Updated row with Video_ID: igVcy5dtN80
[2025-10-23T08:16:28.792+0000] {data_modification.py:78} INFO - Updated row with Video_ID: dEOlvTqYUNo
[2025-10-23T08:16:28.796+0000] {data_modification.py:78} INFO - Updated row with Video_ID: AS5CxLCWq-Q
[2025-10-23T08:16:28.802+0000] {data_modification.py:78} INFO - Updated row with Video_ID: jtOalDNVrKM
[2025-10-23T08:16:28.812+0000] {data_modification.py:78} INFO - Updated row with Video_ID: dDYP56hEYF0
[2025-10-23T08:16:28.817+0000] {data_modification.py:78} INFO - Updated row with Video_ID: iengNekeTNo
[2025-10-23T08:16:28.823+0000] {data_modification.py:78} INFO - Updated row with Video_ID: rqUvnLPvbrM
[2025-10-23T08:16:28.827+0000] {data_modification.py:78} INFO - Updated row with Video_ID: 9CVwXBYVqVk
[2025-10-23T08:16:28.838+0000] {data_modification.py:78} INFO - Updated row with Video_ID: i8pmk5xnO2s
[2025-10-23T08:16:28.853+0000] {data_modification.py:78} INFO - Updated row with Video_ID: xWcldHxHFpo
[2025-10-23T08:16:28.858+0000] {data_modification.py:78} INFO - Updated row with Video_ID: YH1-fDzHHpo
[2025-10-23T08:16:28.863+0000] {data_modification.py:78} INFO - Updated row with Video_ID: ntlG5XgYg4k
[2025-10-23T08:16:28.870+0000] {data_modification.py:78} INFO - Updated row with Video_ID: Qy17S3g8ZuY
[2025-10-23T08:16:28.875+0000] {data_modification.py:78} INFO - Updated row with Video_ID: PJyWmlWNor8
[2025-10-23T08:16:28.884+0000] {data_modification.py:78} INFO - Updated row with Video_ID: KzwTYZ2W3ZA
[2025-10-23T08:16:28.889+0000] {data_modification.py:78} INFO - Updated row with Video_ID: 9fa_JYTPZ2Y
[2025-10-23T08:16:28.893+0000] {data_modification.py:78} INFO - Updated row with Video_ID: t1BWMa8btIw
[2025-10-23T08:16:28.900+0000] {data_modification.py:78} INFO - Updated row with Video_ID: 2O8wta4FsD4
[2025-10-23T08:16:28.908+0000] {data_modification.py:78} INFO - Updated row with Video_ID: dSDBr0WjrwQ
[2025-10-23T08:16:28.913+0000] {data_modification.py:78} INFO - Updated row with Video_ID: DbC9CauTXoM
[2025-10-23T08:16:28.918+0000] {data_modification.py:78} INFO - Updated row with Video_ID: yhNcDBnQsEY
[2025-10-23T08:16:28.922+0000] {data_modification.py:78} INFO - Updated row with Video_ID: Wyyqz3OxB5c
[2025-10-23T08:16:28.929+0000] {data_modification.py:78} INFO - Updated row with Video_ID: KO8B2kw_Jxs
[2025-10-23T08:16:28.935+0000] {data_modification.py:78} INFO - Updated row with Video_ID: NEDPgQYhbqs
[2025-10-23T08:16:28.940+0000] {data_modification.py:78} INFO - Updated row with Video_ID: RPcXg2-0ejw
[2025-10-23T08:16:28.945+0000] {data_modification.py:78} INFO - Updated row with Video_ID: jhYG5BStQSk
[2025-10-23T08:16:28.953+0000] {data_modification.py:78} INFO - Updated row with Video_ID: wTIPpjUgAFE
[2025-10-23T08:16:28.958+0000] {data_modification.py:78} INFO - Updated row with Video_ID: Fzh65vCyHWQ
[2025-10-23T08:16:28.963+0000] {data_modification.py:78} INFO - Updated row with Video_ID: vBp0bzVr09s
[2025-10-23T08:16:28.969+0000] {data_modification.py:78} INFO - Updated row with Video_ID: AXjdI_LHWJU
[2025-10-23T08:16:28.976+0000] {data_modification.py:78} INFO - Updated row with Video_ID: dJCsc_Cq9i4
[2025-10-23T08:16:28.989+0000] {data_modification.py:78} INFO - Updated row with Video_ID: bqpKlkPpT10
[2025-10-23T08:16:28.995+0000] {data_modification.py:78} INFO - Updated row with Video_ID: TIIU1ivhLKs
[2025-10-23T08:16:29.001+0000] {data_modification.py:78} INFO - Updated row with Video_ID: G4qOiwIE_o0
[2025-10-23T08:16:29.010+0000] {data_modification.py:78} INFO - Updated row with Video_ID: yozl6enFC-w
[2025-10-23T08:16:29.018+0000] {data_modification.py:78} INFO - Updated row with Video_ID: LP_mGU3CgXk
[2025-10-23T08:16:29.024+0000] {data_modification.py:78} INFO - Updated row with Video_ID: DoIQMkoYSzw
[2025-10-23T08:16:29.028+0000] {data_modification.py:78} INFO - Updated row with Video_ID: e-If_d_bzfI
[2025-10-23T08:16:29.040+0000] {data_modification.py:78} INFO - Updated row with Video_ID: 5J6-5g2alp8
[2025-10-23T08:16:29.054+0000] {data_modification.py:78} INFO - Updated row with Video_ID: qjGNBluF6_I
[2025-10-23T08:16:29.067+0000] {data_modification.py:78} INFO - Updated row with Video_ID: TLoDwqQF5ug
[2025-10-23T08:16:29.073+0000] {data_modification.py:78} INFO - Updated row with Video_ID: uAFGIQPWL54
[2025-10-23T08:16:29.093+0000] {data_modification.py:78} INFO - Updated row with Video_ID: SaDDjW9Rw-M
[2025-10-23T08:16:29.105+0000] {data_modification.py:78} INFO - Updated row with Video_ID: CHdy9wND1jo
[2025-10-23T08:16:29.110+0000] {data_modification.py:78} INFO - Updated row with Video_ID: 9LiS_3HEErU
[2025-10-23T08:16:29.118+0000] {data_modification.py:78} INFO - Updated row with Video_ID: hRj5qNfkdO0
[2025-10-23T08:16:29.123+0000] {data_modification.py:78} INFO - Updated row with Video_ID: ocruJKe2tFk
[2025-10-23T08:16:29.128+0000] {data_modification.py:78} INFO - Updated row with Video_ID: MgRMNzKknto
[2025-10-23T08:16:29.141+0000] {data_modification.py:78} INFO - Updated row with Video_ID: XW1TsAVdXsw
[2025-10-23T08:16:29.145+0000] {data_modification.py:78} INFO - Updated row with Video_ID: Qhdj_Umh1IE
[2025-10-23T08:16:29.156+0000] {data_modification.py:78} INFO - Updated row with Video_ID: fN_RQFqaGHI
[2025-10-23T08:16:29.161+0000] {data_modification.py:78} INFO - Updated row with Video_ID: hC3xW8xeCDs
[2025-10-23T08:16:29.169+0000] {data_modification.py:78} INFO - Updated row with Video_ID: xGJEPTCw9GU
[2025-10-23T08:16:29.174+0000] {data_modification.py:78} INFO - Updated row with Video_ID: FmjsePPBbdU
[2025-10-23T08:16:29.188+0000] {data_modification.py:78} INFO - Updated row with Video_ID: lMLEcUXz6T8
[2025-10-23T08:16:29.194+0000] {data_modification.py:78} INFO - Updated row with Video_ID: BKJy7BFP3Is
[2025-10-23T08:16:29.199+0000] {data_modification.py:78} INFO - Updated row with Video_ID: 1gfgZhW3YgU
[2025-10-23T08:16:29.205+0000] {data_modification.py:78} INFO - Updated row with Video_ID: VXmKt_1T0QM
[2025-10-23T08:16:29.211+0000] {data_modification.py:78} INFO - Updated row with Video_ID: 6XCUHLhdnEY
[2025-10-23T08:16:29.224+0000] {data_modification.py:78} INFO - Updated row with Video_ID: ttWTSskmxTA
[2025-10-23T08:16:29.234+0000] {data_modification.py:78} INFO - Updated row with Video_ID: 5bCyFf8lSfk
[2025-10-23T08:16:29.241+0000] {data_modification.py:78} INFO - Updated row with Video_ID: ngVEpJs5A5s
[2025-10-23T08:16:29.253+0000] {data_modification.py:78} INFO - Updated row with Video_ID: zjC48c3ptt0
[2025-10-23T08:16:29.258+0000] {data_modification.py:78} INFO - Updated row with Video_ID: rS2sntC-lJI
[2025-10-23T08:16:29.266+0000] {data_modification.py:78} INFO - Updated row with Video_ID: fG1N5kzeAhM
[2025-10-23T08:16:29.271+0000] {data_modification.py:78} INFO - Updated row with Video_ID: vT_gRRMjDi0
[2025-10-23T08:16:29.283+0000] {data_modification.py:78} INFO - Updated row with Video_ID: dfcPUqiivDY
[2025-10-23T08:16:29.287+0000] {data_modification.py:78} INFO - Updated row with Video_ID: zCR6DJX7Kak
[2025-10-23T08:16:29.292+0000] {data_modification.py:78} INFO - Updated row with Video_ID: 4cX-w-ia0RU
[2025-10-23T08:16:29.296+0000] {data_modification.py:78} INFO - Updated row with Video_ID: 2nVjy-zd65Q
[2025-10-23T08:16:29.302+0000] {data_modification.py:78} INFO - Updated row with Video_ID: xlzpD4GeBW0
[2025-10-23T08:16:29.316+0000] {data_modification.py:78} INFO - Updated row with Video_ID: 8ZTy3K2QgOY
[2025-10-23T08:16:29.321+0000] {data_modification.py:78} INFO - Updated row with Video_ID: k9zko79_3_I
[2025-10-23T08:16:29.326+0000] {data_modification.py:78} INFO - Updated row with Video_ID: fYnPyLfxSJg
[2025-10-23T08:16:29.334+0000] {data_modification.py:78} INFO - Updated row with Video_ID: pBH_QL4JGcI
[2025-10-23T08:16:29.339+0000] {data_modification.py:78} INFO - Updated row with Video_ID: 1wtFD9zSQO8
[2025-10-23T08:16:29.343+0000] {data_modification.py:78} INFO - Updated row with Video_ID: VqhjiwmGNKA
[2025-10-23T08:16:29.350+0000] {data_modification.py:78} INFO - Updated row with Video_ID: EhZ9gHZOZT8
[2025-10-23T08:16:29.356+0000] {data_modification.py:78} INFO - Updated row with Video_ID: LHtkve6-O0g
[2025-10-23T08:16:29.360+0000] {data_modification.py:78} INFO - Updated row with Video_ID: m3Ol8zn7brk
[2025-10-23T08:16:29.367+0000] {data_modification.py:78} INFO - Updated row with Video_ID: qBiZA4QDsj0
[2025-10-23T08:16:29.372+0000] {data_modification.py:78} INFO - Updated row with Video_ID: NeOrh4GnPZ4
[2025-10-23T08:16:29.377+0000] {data_modification.py:78} INFO - Updated row with Video_ID: fWhfOAuOqjY
[2025-10-23T08:16:29.389+0000] {data_modification.py:78} INFO - Updated row with Video_ID: 9Ax56oRhcZc
[2025-10-23T08:16:29.396+0000] {data_modification.py:78} INFO - Updated row with Video_ID: -cWVrFABWHw
[2025-10-23T08:16:29.404+0000] {data_modification.py:78} INFO - Updated row with Video_ID: z7qtJAAV5d0
[2025-10-23T08:16:29.410+0000] {data_modification.py:78} INFO - Updated row with Video_ID: 9pk-neTrDoM
[2025-10-23T08:16:29.420+0000] {data_modification.py:78} INFO - Updated row with Video_ID: JQscW6DfNZY
[2025-10-23T08:16:29.424+0000] {data_modification.py:78} INFO - Updated row with Video_ID: 9smE_EiKJ8Q
[2025-10-23T08:16:29.428+0000] {data_modification.py:78} INFO - Updated row with Video_ID: hfaPkoXeYfU
[2025-10-23T08:16:29.435+0000] {data_modification.py:78} INFO - Updated row with Video_ID: u0hHxeWkB_o
[2025-10-23T08:16:29.440+0000] {data_modification.py:78} INFO - Updated row with Video_ID: 64WGWubQO3I
[2025-10-23T08:16:29.445+0000] {data_modification.py:78} INFO - Updated row with Video_ID: QJUs6CSRCFU
[2025-10-23T08:16:29.453+0000] {data_modification.py:78} INFO - Updated row with Video_ID: Om4c4ilT_6g
[2025-10-23T08:16:29.458+0000] {data_modification.py:78} INFO - Updated row with Video_ID: GbOfxRfHdeg
[2025-10-23T08:16:29.462+0000] {data_modification.py:78} INFO - Updated row with Video_ID: yzxYCRDcGDs
[2025-10-23T08:16:29.467+0000] {data_modification.py:78} INFO - Updated row with Video_ID: PCakYf_PnT0
[2025-10-23T08:16:29.471+0000] {data_modification.py:78} INFO - Updated row with Video_ID: 8nv_ltg4RAg
[2025-10-23T08:16:29.477+0000] {data_modification.py:78} INFO - Updated row with Video_ID: VvphlSvCyj8
[2025-10-23T08:16:29.485+0000] {data_modification.py:78} INFO - Updated row with Video_ID: JP3v6UxI124
[2025-10-23T08:16:29.491+0000] {data_modification.py:78} INFO - Updated row with Video_ID: jRURlbRAUhI
[2025-10-23T08:16:29.496+0000] {data_modification.py:78} INFO - Updated row with Video_ID: I_3R9YGFlHE
[2025-10-23T08:16:29.505+0000] {data_modification.py:78} INFO - Updated row with Video_ID: xjJJ_wDlc1E
[2025-10-23T08:16:29.518+0000] {data_modification.py:78} INFO - Updated row with Video_ID: cqirhwhq_qM
[2025-10-23T08:16:29.524+0000] {data_modification.py:78} INFO - Updated row with Video_ID: 3IQdDBwc42o
[2025-10-23T08:16:29.533+0000] {data_modification.py:78} INFO - Updated row with Video_ID: 4YHnf3YepwU
[2025-10-23T08:16:29.555+0000] {data_modification.py:78} INFO - Updated row with Video_ID: uxzBq4Y_fNw
[2025-10-23T08:16:29.573+0000] {data_modification.py:78} INFO - Updated row with Video_ID: HIhUkvAG0o4
[2025-10-23T08:16:29.587+0000] {data_modification.py:78} INFO - Updated row with Video_ID: cpI5lCaqZcQ
[2025-10-23T08:16:29.591+0000] {data_modification.py:78} INFO - Updated row with Video_ID: 6zQhLOw1nw8
[2025-10-23T08:16:29.596+0000] {data_modification.py:78} INFO - Updated row with Video_ID: mfvi_jgdVqE
[2025-10-23T08:16:29.612+0000] {data_modification.py:78} INFO - Updated row with Video_ID: zExxMxcoJ6A
[2025-10-23T08:16:29.619+0000] {data_modification.py:78} INFO - Updated row with Video_ID: hD_Af6W2qug
[2025-10-23T08:16:29.623+0000] {data_modification.py:78} INFO - Updated row with Video_ID: XOtTKQujlkI
[2025-10-23T08:16:29.632+0000] {data_modification.py:78} INFO - Updated row with Video_ID: dRqthQ2Mc_0
[2025-10-23T08:16:29.636+0000] {data_modification.py:78} INFO - Updated row with Video_ID: 8TFq_vvO_Wg
[2025-10-23T08:16:29.641+0000] {data_modification.py:78} INFO - Updated row with Video_ID: oo8ve4Ldpck
[2025-10-23T08:16:29.651+0000] {data_modification.py:78} INFO - Updated row with Video_ID: sKn8Tbp2a-4
[2025-10-23T08:16:29.663+0000] {data_modification.py:78} INFO - Updated row with Video_ID: g0IrVKXIbmE
[2025-10-23T08:16:29.689+0000] {data_modification.py:78} INFO - Updated row with Video_ID: 2Om2M4_Kyd0
[2025-10-23T08:16:29.693+0000] {data_modification.py:78} INFO - Updated row with Video_ID: KaaEivIqX6M
[2025-10-23T08:16:29.704+0000] {data_modification.py:78} INFO - Updated row with Video_ID: W4gBpws7Ug8
[2025-10-23T08:16:29.724+0000] {data_modification.py:78} INFO - Updated row with Video_ID: NT3EkjxO8hs
[2025-10-23T08:16:29.736+0000] {data_modification.py:78} INFO - Updated row with Video_ID: syMozMiJneM
[2025-10-23T08:16:29.771+0000] {data_modification.py:78} INFO - Updated row with Video_ID: Wt6cMjn3YLg
[2025-10-23T08:16:29.805+0000] {data_modification.py:78} INFO - Updated row with Video_ID: OEuS7fjMlMc
[2025-10-23T08:16:29.892+0000] {data_modification.py:78} INFO - Updated row with Video_ID: 1Pr-R2nKTY4
[2025-10-23T08:16:29.925+0000] {data_modification.py:78} INFO - Updated row with Video_ID: QqdUhn99E-s
[2025-10-23T08:16:29.957+0000] {data_modification.py:78} INFO - Updated row with Video_ID: 1UygJmcHUdQ
[2025-10-23T08:16:29.967+0000] {data_modification.py:78} INFO - Updated row with Video_ID: g4DAFnZcCcQ
[2025-10-23T08:16:29.995+0000] {data_modification.py:78} INFO - Updated row with Video_ID: LTr8cXAxy1I
[2025-10-23T08:16:30.011+0000] {data_modification.py:78} INFO - Updated row with Video_ID: Ow3xqv7ahXo
[2025-10-23T08:16:30.059+0000] {data_modification.py:78} INFO - Updated row with Video_ID: TRiF8PdrIP8
[2025-10-23T08:16:30.065+0000] {data_modification.py:78} INFO - Updated row with Video_ID: NFZ_MtTvwm0
[2025-10-23T08:16:30.071+0000] {data_modification.py:78} INFO - Updated row with Video_ID: Pgxi8dsUW-o
[2025-10-23T08:16:30.078+0000] {data_modification.py:78} INFO - Updated row with Video_ID: YY2-jJojnOA
[2025-10-23T08:16:30.085+0000] {data_modification.py:78} INFO - Updated row with Video_ID: 7Pogam71094
[2025-10-23T08:16:30.092+0000] {data_modification.py:78} INFO - Updated row with Video_ID: DL0OPJ2hahc
[2025-10-23T08:16:30.101+0000] {data_modification.py:78} INFO - Updated row with Video_ID: WwE0tR08OTU
[2025-10-23T08:16:30.108+0000] {data_modification.py:78} INFO - Updated row with Video_ID: 2LIJtcI4dbg
[2025-10-23T08:16:30.121+0000] {data_modification.py:78} INFO - Updated row with Video_ID: rXnaD7PU9kY
[2025-10-23T08:16:30.126+0000] {data_modification.py:78} INFO - Updated row with Video_ID: Ng_qwlvhrJo
[2025-10-23T08:16:30.133+0000] {data_modification.py:78} INFO - Updated row with Video_ID: bzIPun3cVsw
[2025-10-23T08:16:30.138+0000] {data_modification.py:78} INFO - Updated row with Video_ID: miKQkeq5sbU
[2025-10-23T08:16:30.149+0000] {data_modification.py:78} INFO - Updated row with Video_ID: Lwt_VThQIdM
[2025-10-23T08:16:30.156+0000] {data_modification.py:78} INFO - Updated row with Video_ID: P2oPACr4uuU
[2025-10-23T08:16:30.162+0000] {data_modification.py:78} INFO - Updated row with Video_ID: h-D6ukDcS9o
[2025-10-23T08:16:30.171+0000] {data_modification.py:78} INFO - Updated row with Video_ID: mY77HA20MzA
[2025-10-23T08:16:30.189+0000] {data_modification.py:78} INFO - Updated row with Video_ID: 4krBgDFycgY
[2025-10-23T08:16:30.195+0000] {data_modification.py:78} INFO - Updated row with Video_ID: dpUxRIqbNlc
[2025-10-23T08:16:30.205+0000] {data_modification.py:78} INFO - Updated row with Video_ID: Cp431S5z8PE
[2025-10-23T08:16:30.209+0000] {data_modification.py:78} INFO - Updated row with Video_ID: ttLYXcza4j4
[2025-10-23T08:16:30.220+0000] {data_modification.py:78} INFO - Updated row with Video_ID: 3-f9DEFsh4w
[2025-10-23T08:16:30.224+0000] {data_modification.py:78} INFO - Updated row with Video_ID: vuOTP206zWM
[2025-10-23T08:16:30.233+0000] {data_modification.py:78} INFO - Updated row with Video_ID: J590MYm0SY8
[2025-10-23T08:16:30.238+0000] {data_modification.py:78} INFO - Updated row with Video_ID: vGB2d5cQJpY
[2025-10-23T08:16:30.242+0000] {data_modification.py:78} INFO - Updated row with Video_ID: M94G0iKYiSM
[2025-10-23T08:16:30.252+0000] {data_modification.py:78} INFO - Updated row with Video_ID: pGYyUssWLTA
[2025-10-23T08:16:30.262+0000] {data_modification.py:78} INFO - Updated row with Video_ID: j7kM8G_AjuY
[2025-10-23T08:16:30.269+0000] {data_modification.py:78} INFO - Updated row with Video_ID: deK-My3Of0o
[2025-10-23T08:16:30.273+0000] {data_modification.py:78} INFO - Updated row with Video_ID: oB8kFFvJdhE
[2025-10-23T08:16:30.277+0000] {data_modification.py:78} INFO - Updated row with Video_ID: X9eXa-Uzuj0
[2025-10-23T08:16:30.289+0000] {data_modification.py:78} INFO - Updated row with Video_ID: GxTVDClFXuc
[2025-10-23T08:16:30.297+0000] {data_modification.py:78} INFO - Updated row with Video_ID: kGaq-Qi9hoE
[2025-10-23T08:16:30.303+0000] {data_modification.py:78} INFO - Updated row with Video_ID: 9zFfp3gzZ88
[2025-10-23T08:16:30.308+0000] {data_modification.py:78} INFO - Updated row with Video_ID: mM2KwBYa-u4
[2025-10-23T08:16:30.317+0000] {data_modification.py:78} INFO - Updated row with Video_ID: WAcmsAISniQ
[2025-10-23T08:16:30.324+0000] {data_modification.py:78} INFO - Updated row with Video_ID: kqUT-s3a6tU
[2025-10-23T08:16:30.332+0000] {data_modification.py:78} INFO - Updated row with Video_ID: NUVglXbGBfs
[2025-10-23T08:16:30.339+0000] {data_modification.py:78} INFO - Updated row with Video_ID: T-v4b3WtPAg
[2025-10-23T08:16:30.348+0000] {data_modification.py:78} INFO - Updated row with Video_ID: m8qGlpcfAIw
[2025-10-23T08:16:30.353+0000] {data_modification.py:78} INFO - Updated row with Video_ID: uZPkMnv8b-o
[2025-10-23T08:16:30.358+0000] {data_modification.py:78} INFO - Updated row with Video_ID: qVLr6SMxvJw
[2025-10-23T08:16:30.365+0000] {data_modification.py:78} INFO - Updated row with Video_ID: 4AigP5OY8JE
[2025-10-23T08:16:30.372+0000] {data_modification.py:78} INFO - Updated row with Video_ID: RMoFUeBVefA
[2025-10-23T08:16:30.384+0000] {data_modification.py:78} INFO - Updated row with Video_ID: ep7S1XnuQLU
[2025-10-23T08:16:30.390+0000] {data_modification.py:78} INFO - Updated row with Video_ID: p6bzNpgbX8Y
[2025-10-23T08:16:30.398+0000] {data_modification.py:78} INFO - Updated row with Video_ID: 6T17licWsQ4
[2025-10-23T08:16:30.402+0000] {data_modification.py:78} INFO - Updated row with Video_ID: 1s6UOlWdpw4
[2025-10-23T08:16:30.415+0000] {data_modification.py:78} INFO - Updated row with Video_ID: 3LuchpUc7PU
[2025-10-23T08:16:30.423+0000] {data_modification.py:78} INFO - Updated row with Video_ID: _f6xCA0-gAo
[2025-10-23T08:16:30.427+0000] {data_modification.py:78} INFO - Updated row with Video_ID: lfD7kMZKuNg
[2025-10-23T08:16:30.442+0000] {data_modification.py:78} INFO - Updated row with Video_ID: ejlkNGm82w4
[2025-10-23T08:16:30.449+0000] {data_modification.py:78} INFO - Updated row with Video_ID: Jtj9rUqlB1Y
[2025-10-23T08:16:30.454+0000] {data_modification.py:78} INFO - Updated row with Video_ID: ZqzFRGH_tMQ
[2025-10-23T08:16:30.459+0000] {data_modification.py:78} INFO - Updated row with Video_ID: 94A-bsumX9A
[2025-10-23T08:16:30.466+0000] {data_modification.py:78} INFO - Updated row with Video_ID: gYaxI_allkQ
[2025-10-23T08:16:30.474+0000] {data_modification.py:78} INFO - Updated row with Video_ID: AjXbO2XfBkE
[2025-10-23T08:16:30.483+0000] {data_modification.py:78} INFO - Updated row with Video_ID: ZQZzR0DUujc
[2025-10-23T08:16:30.488+0000] {data_modification.py:78} INFO - Updated row with Video_ID: -V3-fhJQZkk
[2025-10-23T08:16:30.494+0000] {data_modification.py:78} INFO - Updated row with Video_ID: QX0wvWGW2qg
[2025-10-23T08:16:30.503+0000] {data_modification.py:78} INFO - Updated row with Video_ID: oODUkNQAzXU
[2025-10-23T08:16:30.508+0000] {data_modification.py:78} INFO - Updated row with Video_ID: 2jWZtKTN6jU
[2025-10-23T08:16:30.519+0000] {data_modification.py:78} INFO - Updated row with Video_ID: zsADECFHY8w
[2025-10-23T08:16:30.535+0000] {data_modification.py:78} INFO - Updated row with Video_ID: Feh8o-HmthM
[2025-10-23T08:16:30.570+0000] {data_modification.py:78} INFO - Updated row with Video_ID: 6Xv-LVYZQxk
[2025-10-23T08:16:30.585+0000] {data_modification.py:78} INFO - Updated row with Video_ID: 8-0ZHJHp9g4
[2025-10-23T08:16:30.611+0000] {data_modification.py:78} INFO - Updated row with Video_ID: QqIG0R-KpGk
[2025-10-23T08:16:30.631+0000] {data_modification.py:78} INFO - Updated row with Video_ID: qENpZBzgaUM
[2025-10-23T08:16:30.681+0000] {data_modification.py:78} INFO - Updated row with Video_ID: 4DYBVA4884Y
[2025-10-23T08:16:30.715+0000] {data_modification.py:78} INFO - Updated row with Video_ID: skEf9R0TXkM
[2025-10-23T08:16:30.732+0000] {data_modification.py:78} INFO - Updated row with Video_ID: CnMv_zTXZ38
[2025-10-23T08:16:30.736+0000] {data_modification.py:78} INFO - Updated row with Video_ID: bEIK5ni_Pzs
[2025-10-23T08:16:30.741+0000] {data_modification.py:78} INFO - Updated row with Video_ID: _oZyp4mTzSQ
[2025-10-23T08:16:30.751+0000] {data_modification.py:78} INFO - Updated row with Video_ID: is1LSWbssuA
[2025-10-23T08:16:30.773+0000] {data_modification.py:78} INFO - Updated row with Video_ID: XR_q9_LEKuc
[2025-10-23T08:16:30.786+0000] {data_modification.py:78} INFO - Updated row with Video_ID: X9UiBpDHW3w
[2025-10-23T08:16:30.801+0000] {data_modification.py:78} INFO - Updated row with Video_ID: PRU47AuQF2M
[2025-10-23T08:16:30.819+0000] {data_modification.py:78} INFO - Updated row with Video_ID: Y3Rxgf5_R_I
[2025-10-23T08:16:30.825+0000] {data_modification.py:78} INFO - Updated row with Video_ID: R6zuvKbvKyU
[2025-10-23T08:16:30.834+0000] {data_modification.py:78} INFO - Updated row with Video_ID: yCKe65Nvp0Q
[2025-10-23T08:16:30.841+0000] {data_modification.py:78} INFO - Updated row with Video_ID: XBe57FyB2xU
[2025-10-23T08:16:30.850+0000] {data_modification.py:78} INFO - Updated row with Video_ID: zpCwHwWgbsI
[2025-10-23T08:16:30.867+0000] {data_modification.py:78} INFO - Updated row with Video_ID: lh61MVUxJt0
[2025-10-23T08:16:30.883+0000] {data_modification.py:78} INFO - Updated row with Video_ID: yWnmEPgLroQ
[2025-10-23T08:16:30.915+0000] {data_modification.py:78} INFO - Updated row with Video_ID: eBklqeeIu10
[2025-10-23T08:16:30.953+0000] {data_modification.py:78} INFO - Updated row with Video_ID: SgMydsOucFg
[2025-10-23T08:16:30.962+0000] {data_modification.py:78} INFO - Updated row with Video_ID: jPm3hRiMKuU
[2025-10-23T08:16:30.983+0000] {data_modification.py:78} INFO - Updated row with Video_ID: OweuuinkVZI
[2025-10-23T08:16:31.005+0000] {data_modification.py:78} INFO - Updated row with Video_ID: 7Pr0HP-Trgk
[2025-10-23T08:16:31.033+0000] {data_modification.py:78} INFO - Updated row with Video_ID: UEK0fYAqMss
[2025-10-23T08:16:31.075+0000] {data_modification.py:78} INFO - Updated row with Video_ID: lRznKN2oPUc
[2025-10-23T08:16:31.120+0000] {data_modification.py:78} INFO - Updated row with Video_ID: IDrS_TrjuK4
[2025-10-23T08:16:31.137+0000] {data_modification.py:78} INFO - Updated row with Video_ID: J1lhxfZtR3M
[2025-10-23T08:16:31.149+0000] {data_modification.py:78} INFO - Updated row with Video_ID: b_o8cz0ZNdk
[2025-10-23T08:16:31.156+0000] {data_modification.py:78} INFO - Updated row with Video_ID: i5dhcAxO25Q
[2025-10-23T08:16:31.168+0000] {data_modification.py:78} INFO - Updated row with Video_ID: -o_8CDbFMJ0
[2025-10-23T08:16:31.180+0000] {data_modification.py:78} INFO - Updated row with Video_ID: v5J1Cycn3s8
[2025-10-23T08:16:31.189+0000] {data_modification.py:78} INFO - Updated row with Video_ID: YJiqYG-Mylk
[2025-10-23T08:16:31.202+0000] {data_modification.py:78} INFO - Updated row with Video_ID: jGE1sUTeR5g
[2025-10-23T08:16:31.223+0000] {data_modification.py:78} INFO - Updated row with Video_ID: 0tZCQ25fsoI
[2025-10-23T08:16:31.245+0000] {data_modification.py:78} INFO - Updated row with Video_ID: N9jTogPwqVY
[2025-10-23T08:16:31.305+0000] {data_modification.py:78} INFO - Updated row with Video_ID: yyJ7xEcENNI
[2025-10-23T08:16:31.327+0000] {data_modification.py:78} INFO - Updated row with Video_ID: 3rJgCGMPEqA
[2025-10-23T08:16:31.369+0000] {data_modification.py:78} INFO - Updated row with Video_ID: 7isfkomGg7o
[2025-10-23T08:16:31.412+0000] {data_modification.py:78} INFO - Updated row with Video_ID: UCYefSGBP00
[2025-10-23T08:16:31.443+0000] {data_modification.py:78} INFO - Updated row with Video_ID: dvdGkRK5a_0
[2025-10-23T08:16:31.467+0000] {data_modification.py:78} INFO - Updated row with Video_ID: X7doE4h6W64
[2025-10-23T08:16:31.488+0000] {data_modification.py:78} INFO - Updated row with Video_ID: GhppzOzN3MM
[2025-10-23T08:16:31.517+0000] {data_modification.py:78} INFO - Updated row with Video_ID: QkXDatNdL4U
[2025-10-23T08:16:31.535+0000] {data_modification.py:78} INFO - Updated row with Video_ID: hyt2t4r8lQ4
[2025-10-23T08:16:31.582+0000] {data_modification.py:78} INFO - Updated row with Video_ID: -mlok5iT3GE
[2025-10-23T08:16:31.592+0000] {data_modification.py:78} INFO - Updated row with Video_ID: STvOHHgJ1sQ
[2025-10-23T08:16:31.599+0000] {data_modification.py:78} INFO - Updated row with Video_ID: 2-ErX5oDzwM
[2025-10-23T08:16:31.608+0000] {data_modification.py:78} INFO - Updated row with Video_ID: 7ytYV-tVIvg
[2025-10-23T08:16:31.630+0000] {data_modification.py:78} INFO - Updated row with Video_ID: ELIoOUKSOJQ
[2025-10-23T08:16:31.648+0000] {data_modification.py:78} INFO - Updated row with Video_ID: uAoayezOaug
[2025-10-23T08:16:31.665+0000] {data_modification.py:78} INFO - Updated row with Video_ID: Vr2337tCLCI
[2025-10-23T08:16:31.683+0000] {data_modification.py:78} INFO - Updated row with Video_ID: NV7qmqbS8tM
[2025-10-23T08:16:31.697+0000] {data_modification.py:78} INFO - Updated row with Video_ID: U9c-ycvw02A
[2025-10-23T08:16:31.701+0000] {data_modification.py:78} INFO - Updated row with Video_ID: GfgcVOuHLAo
[2025-10-23T08:16:31.709+0000] {data_modification.py:78} INFO - Updated row with Video_ID: zi7tZ-2PhLk
[2025-10-23T08:16:31.732+0000] {data_modification.py:78} INFO - Updated row with Video_ID: TacjQmKCiZg
[2025-10-23T08:16:31.757+0000] {data_modification.py:78} INFO - Updated row with Video_ID: AIytwdufwW8
[2025-10-23T08:16:31.786+0000] {data_modification.py:78} INFO - Updated row with Video_ID: KLAI0c0Spog
[2025-10-23T08:16:31.805+0000] {data_modification.py:78} INFO - Updated row with Video_ID: UVin8WtE5eU
[2025-10-23T08:16:31.825+0000] {data_modification.py:78} INFO - Updated row with Video_ID: wNuxirsrwBk
[2025-10-23T08:16:31.840+0000] {data_modification.py:78} INFO - Updated row with Video_ID: 6bxZpS0cm5o
[2025-10-23T08:16:31.854+0000] {data_modification.py:78} INFO - Updated row with Video_ID: ajJbMGq9AS4
[2025-10-23T08:16:31.884+0000] {data_modification.py:78} INFO - Updated row with Video_ID: UXw9jqgJNNc
[2025-10-23T08:16:31.901+0000] {data_modification.py:78} INFO - Updated row with Video_ID: E3CqKvlzl-I
[2025-10-23T08:16:31.933+0000] {data_modification.py:78} INFO - Updated row with Video_ID: zfDr05ax0gM
[2025-10-23T08:16:31.968+0000] {data_modification.py:78} INFO - Updated row with Video_ID: 56OkH6ocYZU
[2025-10-23T08:16:31.980+0000] {data_modification.py:78} INFO - Updated row with Video_ID: w40Z8aT5fpQ
[2025-10-23T08:16:31.998+0000] {data_modification.py:78} INFO - Updated row with Video_ID: zgDezsMQyyU
[2025-10-23T08:16:32.006+0000] {data_modification.py:78} INFO - Updated row with Video_ID: UEwnitHoSDw
[2025-10-23T08:16:32.020+0000] {data_modification.py:78} INFO - Updated row with Video_ID: __SaaKSW9iE
[2025-10-23T08:16:32.036+0000] {data_modification.py:78} INFO - Updated row with Video_ID: qWnyJ55KBKo
[2025-10-23T08:16:32.061+0000] {data_modification.py:78} INFO - Updated row with Video_ID: 52awie9G00A
[2025-10-23T08:16:32.071+0000] {data_modification.py:78} INFO - Updated row with Video_ID: bB99NdUoxEQ
[2025-10-23T08:16:32.076+0000] {data_modification.py:78} INFO - Updated row with Video_ID: 7GjSaNi8Epg
[2025-10-23T08:16:32.093+0000] {data_modification.py:78} INFO - Updated row with Video_ID: h5uE4ERMiTk
[2025-10-23T08:16:32.099+0000] {data_modification.py:78} INFO - Updated row with Video_ID: umRLkCrmwcs
[2025-10-23T08:16:32.121+0000] {data_modification.py:78} INFO - Updated row with Video_ID: rHoLyltYDtQ
[2025-10-23T08:16:32.130+0000] {data_modification.py:78} INFO - Updated row with Video_ID: yeHjsYQ076A
[2025-10-23T08:16:32.147+0000] {data_modification.py:78} INFO - Updated row with Video_ID: pqrdPu2ESFo
[2025-10-23T08:16:32.166+0000] {data_modification.py:78} INFO - Updated row with Video_ID: ywZy_Fo2ydo
[2025-10-23T08:16:32.185+0000] {data_modification.py:78} INFO - Updated row with Video_ID: qr4v9pdfVlU
[2025-10-23T08:16:32.196+0000] {data_modification.py:78} INFO - Updated row with Video_ID: hgiPX33AHas
[2025-10-23T08:16:32.208+0000] {data_modification.py:78} INFO - Updated row with Video_ID: oZ-Mn5p1xMw
[2025-10-23T08:16:32.241+0000] {data_modification.py:78} INFO - Updated row with Video_ID: 5UPa_hu5opg
[2025-10-23T08:16:32.267+0000] {data_modification.py:78} INFO - Updated row with Video_ID: zv_oq5UNDAo
[2025-10-23T08:16:32.280+0000] {data_modification.py:78} INFO - Updated row with Video_ID: NiqkH7qVW0U
[2025-10-23T08:16:32.317+0000] {data_modification.py:78} INFO - Updated row with Video_ID: boBokLXe5o8
[2025-10-23T08:16:32.338+0000] {data_modification.py:78} INFO - Updated row with Video_ID: 7YOzgk-U4EU
[2025-10-23T08:16:32.374+0000] {data_modification.py:78} INFO - Updated row with Video_ID: prdSftLj9-g
[2025-10-23T08:16:32.405+0000] {data_modification.py:78} INFO - Updated row with Video_ID: pzlPJmNyepA
[2025-10-23T08:16:32.426+0000] {data_modification.py:78} INFO - Updated row with Video_ID: QNoqAnJOSqU
[2025-10-23T08:16:32.448+0000] {data_modification.py:78} INFO - Updated row with Video_ID: kzIA4vKyhRQ
[2025-10-23T08:16:32.466+0000] {data_modification.py:78} INFO - Updated row with Video_ID: DfonKqMENrg
[2025-10-23T08:16:32.503+0000] {data_modification.py:78} INFO - Updated row with Video_ID: MUQCwdkEbq0
[2025-10-23T08:16:32.556+0000] {data_modification.py:78} INFO - Updated row with Video_ID: JlUzoQN9FWw
[2025-10-23T08:16:32.564+0000] {data_modification.py:78} INFO - Updated row with Video_ID: 0VjLq-go1fg
[2025-10-23T08:16:32.588+0000] {data_modification.py:78} INFO - Updated row with Video_ID: uCIpW9zOmgI
[2025-10-23T08:16:32.600+0000] {data_modification.py:78} INFO - Updated row with Video_ID: Z0Poefgrs4w
[2025-10-23T08:16:32.652+0000] {data_modification.py:78} INFO - Updated row with Video_ID: MLN6TRB9Jxw
[2025-10-23T08:16:32.702+0000] {data_modification.py:78} INFO - Updated row with Video_ID: vZrL_FFITgs
[2025-10-23T08:16:32.764+0000] {data_modification.py:78} INFO - Updated row with Video_ID: L7lGD_anC00
[2025-10-23T08:16:32.798+0000] {data_modification.py:78} INFO - Updated row with Video_ID: xu1nhAfnMGA
[2025-10-23T08:16:32.812+0000] {data_modification.py:78} INFO - Updated row with Video_ID: D1livXdFGkQ
[2025-10-23T08:16:32.852+0000] {data_modification.py:78} INFO - Updated row with Video_ID: bwp_3qLgWpQ
[2025-10-23T08:16:32.872+0000] {data_modification.py:78} INFO - Updated row with Video_ID: tZpnfF0-7Ls
[2025-10-23T08:16:32.884+0000] {data_modification.py:78} INFO - Updated row with Video_ID: BwAMltY3-c0
[2025-10-23T08:16:32.904+0000] {data_modification.py:78} INFO - Updated row with Video_ID: 7HBR3Ea72CY
[2025-10-23T08:16:32.913+0000] {data_modification.py:78} INFO - Updated row with Video_ID: Ds9H2UnUHL0
[2025-10-23T08:16:32.950+0000] {data_modification.py:78} INFO - Updated row with Video_ID: iqUFeWAVp-0
[2025-10-23T08:16:32.974+0000] {data_modification.py:78} INFO - Updated row with Video_ID: W2skFWRk6qo
[2025-10-23T08:16:33.006+0000] {data_modification.py:78} INFO - Updated row with Video_ID: X_qd-1xSTFA
[2025-10-23T08:16:33.040+0000] {data_modification.py:78} INFO - Updated row with Video_ID: VWa0ImMY2bQ
[2025-10-23T08:16:33.070+0000] {data_modification.py:78} INFO - Updated row with Video_ID: fEcASr38n2E
[2025-10-23T08:16:33.101+0000] {data_modification.py:78} INFO - Updated row with Video_ID: udmf5MQLNGA
[2025-10-23T08:16:33.108+0000] {data_modification.py:78} INFO - Updated row with Video_ID: 0dg2eR2NSQ0
[2025-10-23T08:16:33.135+0000] {data_modification.py:78} INFO - Updated row with Video_ID: 6BNOWeYFyP8
[2025-10-23T08:16:33.151+0000] {data_modification.py:78} INFO - Updated row with Video_ID: LDegY-H60_U
[2025-10-23T08:16:33.164+0000] {data_modification.py:78} INFO - Updated row with Video_ID: D51HaR-XvgM
[2025-10-23T08:16:33.181+0000] {data_modification.py:78} INFO - Updated row with Video_ID: Rio7r_vLUEo
[2025-10-23T08:16:33.215+0000] {data_modification.py:78} INFO - Updated row with Video_ID: 8E5Ygl02wtM
[2025-10-23T08:16:33.235+0000] {data_modification.py:78} INFO - Updated row with Video_ID: moMJjt5KECc
[2025-10-23T08:16:33.252+0000] {data_modification.py:78} INFO - Updated row with Video_ID: OffgqPzDi7Q
[2025-10-23T08:16:33.284+0000] {data_modification.py:78} INFO - Updated row with Video_ID: B_7uD3B62MM
[2025-10-23T08:16:33.331+0000] {data_modification.py:78} INFO - Updated row with Video_ID: bA20RJcegOI
[2025-10-23T08:16:33.358+0000] {data_modification.py:78} INFO - Updated row with Video_ID: NbHwVDt9Rjk
[2025-10-23T08:16:33.368+0000] {data_modification.py:78} INFO - Updated row with Video_ID: VzsE09KjpKA
[2025-10-23T08:16:33.379+0000] {data_modification.py:78} INFO - Updated row with Video_ID: HduubRTdko4
[2025-10-23T08:16:33.414+0000] {data_modification.py:78} INFO - Updated row with Video_ID: qFOGv5zuTdw
[2025-10-23T08:16:33.448+0000] {data_modification.py:78} INFO - Updated row with Video_ID: u6t4jrhs56Q
[2025-10-23T08:16:33.467+0000] {data_modification.py:78} INFO - Updated row with Video_ID: 460GXJiGCEs
[2025-10-23T08:16:33.478+0000] {data_modification.py:78} INFO - Updated row with Video_ID: ZiuoOcj2eLY
[2025-10-23T08:16:33.495+0000] {data_modification.py:78} INFO - Updated row with Video_ID: LYK6SPMtJ_Y
[2025-10-23T08:16:33.499+0000] {data_modification.py:78} INFO - Updated row with Video_ID: 2ljWxaMvE_0
[2025-10-23T08:16:33.506+0000] {data_modification.py:78} INFO - Updated row with Video_ID: rSuuQ_s8gOw
[2025-10-23T08:16:33.522+0000] {data_modification.py:78} INFO - Updated row with Video_ID: vKKhX-Uyggw
[2025-10-23T08:16:33.541+0000] {data_modification.py:78} INFO - Updated row with Video_ID: EAwXH82m-6A
[2025-10-23T08:16:33.565+0000] {data_modification.py:78} INFO - Updated row with Video_ID: U_07AG_CR5A
[2025-10-23T08:16:33.571+0000] {data_modification.py:78} INFO - Updated row with Video_ID: Xe0AGtF5aNU
[2025-10-23T08:16:33.591+0000] {data_modification.py:78} INFO - Updated row with Video_ID: NCv0drAPm_M
[2025-10-23T08:16:33.602+0000] {data_modification.py:78} INFO - Updated row with Video_ID: HuLAAXZXIy0
[2025-10-23T08:16:33.624+0000] {data_modification.py:78} INFO - Updated row with Video_ID: pV7UcYW1OwA
[2025-10-23T08:16:33.634+0000] {data_modification.py:78} INFO - Updated row with Video_ID: x4IXCimma-s
[2025-10-23T08:16:33.706+0000] {data_modification.py:78} INFO - Updated row with Video_ID: anZbhN0Wh_4
[2025-10-23T08:16:33.769+0000] {data_modification.py:78} INFO - Updated row with Video_ID: 3Q3pQmzWyZM
[2025-10-23T08:16:33.800+0000] {data_modification.py:78} INFO - Updated row with Video_ID: BqS4iVHa-LU
[2025-10-23T08:16:33.814+0000] {data_modification.py:78} INFO - Updated row with Video_ID: zX04jQFKCpo
[2025-10-23T08:16:33.823+0000] {data_modification.py:78} INFO - Updated row with Video_ID: G7Y9ban7b0U
[2025-10-23T08:16:33.832+0000] {data_modification.py:78} INFO - Updated row with Video_ID: EMVvA5Cr0fY
[2025-10-23T08:16:33.840+0000] {data_modification.py:78} INFO - Updated row with Video_ID: e14MroQ5k_s
[2025-10-23T08:16:33.874+0000] {data_modification.py:78} INFO - Updated row with Video_ID: CuzdxsOXEZ8
[2025-10-23T08:16:33.890+0000] {data_modification.py:78} INFO - Updated row with Video_ID: 67Wj-0OyKOM
[2025-10-23T08:16:33.937+0000] {data_modification.py:78} INFO - Updated row with Video_ID: LWstCINhd8g
[2025-10-23T08:16:33.983+0000] {data_modification.py:78} INFO - Updated row with Video_ID: dg6iqLCPizs
[2025-10-23T08:16:34.004+0000] {data_modification.py:78} INFO - Updated row with Video_ID: cRPldarzw-M
[2025-10-23T08:16:34.022+0000] {data_modification.py:78} INFO - Updated row with Video_ID: -rdYtmUejSE
[2025-10-23T08:16:34.033+0000] {data_modification.py:78} INFO - Updated row with Video_ID: tusuuI7MEJU
[2025-10-23T08:16:34.040+0000] {data_modification.py:78} INFO - Updated row with Video_ID: XDe5f8BEvwY
[2025-10-23T08:16:34.050+0000] {data_modification.py:78} INFO - Updated row with Video_ID: BtCGABBPH9s
[2025-10-23T08:16:34.066+0000] {data_modification.py:78} INFO - Updated row with Video_ID: KJ_C_NSl0P8
[2025-10-23T08:16:34.076+0000] {data_modification.py:78} INFO - Updated row with Video_ID: LI8nWXeYtOs
[2025-10-23T08:16:34.083+0000] {data_modification.py:78} INFO - Updated row with Video_ID: LMe7k8I082w
[2025-10-23T08:16:34.093+0000] {data_modification.py:78} INFO - Updated row with Video_ID: h77pHTSPSiw
[2025-10-23T08:16:34.103+0000] {data_modification.py:78} INFO - Updated row with Video_ID: JUiijjJOInw
[2025-10-23T08:16:34.111+0000] {data_modification.py:78} INFO - Updated row with Video_ID: gpbY6zCEBv4
[2025-10-23T08:16:34.122+0000] {data_modification.py:78} INFO - Updated row with Video_ID: Kgu2ApayYvI
[2025-10-23T08:16:34.130+0000] {data_modification.py:78} INFO - Updated row with Video_ID: S9PIukDRcvk
[2025-10-23T08:16:34.135+0000] {data_modification.py:78} INFO - Updated row with Video_ID: lrw3zkGS9Vc
[2025-10-23T08:16:34.140+0000] {data_modification.py:78} INFO - Updated row with Video_ID: IQYW_lVBYGo
[2025-10-23T08:16:34.156+0000] {data_modification.py:78} INFO - Updated row with Video_ID: iOjxpow6jow
[2025-10-23T08:16:34.163+0000] {data_modification.py:78} INFO - Updated row with Video_ID: GdD2pqAdjXY
[2025-10-23T08:16:34.168+0000] {data_modification.py:78} INFO - Updated row with Video_ID: nmHCmLVLxcU
[2025-10-23T08:16:34.173+0000] {data_modification.py:78} INFO - Updated row with Video_ID: TZPlDuYrcDQ
[2025-10-23T08:16:34.187+0000] {data_modification.py:78} INFO - Updated row with Video_ID: Oub4nMrNTqQ
[2025-10-23T08:16:34.198+0000] {data_modification.py:78} INFO - Updated row with Video_ID: h5Z36IuyrKc
[2025-10-23T08:16:34.202+0000] {data_modification.py:78} INFO - Updated row with Video_ID: 2IGxSOfsBok
[2025-10-23T08:16:34.211+0000] {data_modification.py:78} INFO - Updated row with Video_ID: ZxkLCq49Tvk
[2025-10-23T08:16:34.215+0000] {data_modification.py:78} INFO - Updated row with Video_ID: smDPnIdlkhM
[2025-10-23T08:16:34.220+0000] {data_modification.py:78} INFO - Updated row with Video_ID: DjMYkWCEan8
[2025-10-23T08:16:34.226+0000] {data_modification.py:78} INFO - Updated row with Video_ID: 3nn_skHgkqI
[2025-10-23T08:16:34.232+0000] {data_modification.py:78} INFO - Updated row with Video_ID: A8IkOqb_7Yg
[2025-10-23T08:16:34.236+0000] {data_modification.py:78} INFO - Updated row with Video_ID: hHl_YMivv3c
[2025-10-23T08:16:34.244+0000] {data_modification.py:78} INFO - Updated row with Video_ID: 7mLSbgyjM0g
[2025-10-23T08:16:34.250+0000] {data_modification.py:78} INFO - Updated row with Video_ID: TGKkMl17Htg
[2025-10-23T08:16:34.260+0000] {data_modification.py:78} INFO - Updated row with Video_ID: Qw3eFnsSdlQ
[2025-10-23T08:16:34.264+0000] {data_modification.py:78} INFO - Updated row with Video_ID: KcNCJ1mgt14
[2025-10-23T08:16:34.269+0000] {data_modification.py:78} INFO - Updated row with Video_ID: A4lp4FRCo6o
[2025-10-23T08:16:34.273+0000] {data_modification.py:78} INFO - Updated row with Video_ID: WYKZz3Zygdc
[2025-10-23T08:16:34.281+0000] {data_modification.py:78} INFO - Updated row with Video_ID: 5U2fmvh9_Is
[2025-10-23T08:16:34.290+0000] {data_modification.py:78} INFO - Updated row with Video_ID: xvIpibLjs5k
[2025-10-23T08:16:34.297+0000] {data_modification.py:78} INFO - Updated row with Video_ID: jlpAON0ePME
[2025-10-23T08:16:34.302+0000] {data_modification.py:78} INFO - Updated row with Video_ID: sfp0a6zDoNQ
[2025-10-23T08:16:34.310+0000] {data_modification.py:78} INFO - Updated row with Video_ID: RaDRWNz3Al4
[2025-10-23T08:16:34.322+0000] {data_modification.py:78} INFO - Updated row with Video_ID: Ms9MGkEm4mg
[2025-10-23T08:16:34.330+0000] {data_modification.py:78} INFO - Updated row with Video_ID: 90wWStXJX5c
[2025-10-23T08:16:34.336+0000] {data_modification.py:78} INFO - Updated row with Video_ID: ruSVy-u2DzM
[2025-10-23T08:16:34.348+0000] {data_modification.py:78} INFO - Updated row with Video_ID: pP1KMQb51GA
[2025-10-23T08:16:34.354+0000] {data_modification.py:78} INFO - Updated row with Video_ID: dPxAFqs2eYE
[2025-10-23T08:16:34.361+0000] {data_modification.py:78} INFO - Updated row with Video_ID: p-KVD5rA_Cw
[2025-10-23T08:16:34.366+0000] {data_modification.py:78} INFO - Updated row with Video_ID: JdCgkcb1iwQ
[2025-10-23T08:16:34.370+0000] {data_modification.py:78} INFO - Updated row with Video_ID: 7anhkLPRk-A
[2025-10-23T08:16:34.377+0000] {data_modification.py:78} INFO - Updated row with Video_ID: XVMY7B3AzWM
[2025-10-23T08:16:34.390+0000] {data_modification.py:78} INFO - Updated row with Video_ID: QXag-irFHxE
[2025-10-23T08:16:34.397+0000] {data_modification.py:78} INFO - Updated row with Video_ID: vBEGODNmdas
[2025-10-23T08:16:34.406+0000] {data_modification.py:78} INFO - Updated row with Video_ID: v3tbnlc5cfo
[2025-10-23T08:16:34.435+0000] {data_modification.py:78} INFO - Updated row with Video_ID: ObYLL97-SBA
[2025-10-23T08:16:34.448+0000] {data_modification.py:78} INFO - Updated row with Video_ID: IaR7P4-wFK8
[2025-10-23T08:16:34.455+0000] {data_modification.py:78} INFO - Updated row with Video_ID: v1ELS84GQu8
[2025-10-23T08:16:34.467+0000] {data_modification.py:78} INFO - Updated row with Video_ID: ctJORnOjbrQ
[2025-10-23T08:16:34.473+0000] {data_modification.py:78} INFO - Updated row with Video_ID: -hrPQFaDVKQ
[2025-10-23T08:16:34.488+0000] {data_modification.py:78} INFO - Updated row with Video_ID: bIZ5_L1ru2w
[2025-10-23T08:16:34.498+0000] {data_modification.py:78} INFO - Updated row with Video_ID: yyssjJEJMt4
[2025-10-23T08:16:34.515+0000] {data_modification.py:78} INFO - Updated row with Video_ID: 2bwPntvb90U
[2025-10-23T08:16:34.548+0000] {data_modification.py:78} INFO - Updated row with Video_ID: Wz1VHTZq16c
[2025-10-23T08:16:34.580+0000] {data_modification.py:78} INFO - Updated row with Video_ID: Cs-kyTJso-A
[2025-10-23T08:16:34.602+0000] {data_modification.py:78} INFO - Updated row with Video_ID: jkqd-oc0F00
[2025-10-23T08:16:34.613+0000] {data_modification.py:78} INFO - Updated row with Video_ID: mVkT6Cd9SoI
[2025-10-23T08:16:34.631+0000] {data_modification.py:78} INFO - Updated row with Video_ID: rffyxTTNkyk
[2025-10-23T08:16:34.651+0000] {data_modification.py:78} INFO - Updated row with Video_ID: OOesLeO6-pc
[2025-10-23T08:16:34.666+0000] {data_modification.py:78} INFO - Updated row with Video_ID: Q5lcjP6XlHw
[2025-10-23T08:16:34.694+0000] {data_modification.py:78} INFO - Updated row with Video_ID: sE3ZZmYotSs
[2025-10-23T08:16:34.699+0000] {data_modification.py:78} INFO - Updated row with Video_ID: pUwUAtmBKxw
[2025-10-23T08:16:34.705+0000] {data_modification.py:78} INFO - Updated row with Video_ID: p5rGgPZtjDw
[2025-10-23T08:16:34.717+0000] {data_modification.py:78} INFO - Updated row with Video_ID: bWDmDsdvoBs
[2025-10-23T08:16:34.723+0000] {data_modification.py:78} INFO - Updated row with Video_ID: OJA1QK-j-Oo
[2025-10-23T08:16:34.733+0000] {data_modification.py:78} INFO - Updated row with Video_ID: KL1X8NsVGd0
[2025-10-23T08:16:34.738+0000] {data_modification.py:78} INFO - Updated row with Video_ID: q2HoSwCMcZw
[2025-10-23T08:16:34.754+0000] {data_modification.py:78} INFO - Updated row with Video_ID: RRknlgRqOds
[2025-10-23T08:16:34.764+0000] {data_modification.py:78} INFO - Updated row with Video_ID: j93M46a-W3U
[2025-10-23T08:16:34.772+0000] {data_modification.py:78} INFO - Updated row with Video_ID: uqjfMNEWNIg
[2025-10-23T08:16:34.797+0000] {data_modification.py:78} INFO - Updated row with Video_ID: X-g9aT2wFjM
[2025-10-23T08:16:34.803+0000] {data_modification.py:78} INFO - Updated row with Video_ID: pHKlrJeKmjA
[2025-10-23T08:16:34.817+0000] {data_modification.py:78} INFO - Updated row with Video_ID: C82suucz4i4
[2025-10-23T08:16:34.830+0000] {data_modification.py:78} INFO - Updated row with Video_ID: H_DYlka7QAQ
[2025-10-23T08:16:34.845+0000] {data_modification.py:78} INFO - Updated row with Video_ID: ov0KQthQ50U
[2025-10-23T08:16:34.853+0000] {data_modification.py:78} INFO - Updated row with Video_ID: MC-7ziNt_U4
[2025-10-23T08:16:34.868+0000] {data_modification.py:78} INFO - Updated row with Video_ID: PNsF1Uh5yP8
[2025-10-23T08:16:34.876+0000] {data_modification.py:78} INFO - Updated row with Video_ID: 9Y2sAtN5yRs
[2025-10-23T08:16:34.884+0000] {data_modification.py:78} INFO - Updated row with Video_ID: -z349CGAOXs
[2025-10-23T08:16:34.894+0000] {data_modification.py:78} INFO - Updated row with Video_ID: pl4xmh3RWfE
[2025-10-23T08:16:34.900+0000] {data_modification.py:78} INFO - Updated row with Video_ID: 6z5RwrvnH28
[2025-10-23T08:16:34.906+0000] {data_modification.py:78} INFO - Updated row with Video_ID: ivdQqobHDPc
[2025-10-23T08:16:34.927+0000] {data_modification.py:78} INFO - Updated row with Video_ID: uUIlb2rpIuY
[2025-10-23T08:16:34.936+0000] {data_modification.py:78} INFO - Updated row with Video_ID: Ros1PpcO5Js
[2025-10-23T08:16:34.962+0000] {data_modification.py:78} INFO - Updated row with Video_ID: KYv1nqutbK0
[2025-10-23T08:16:34.971+0000] {data_modification.py:78} INFO - Updated row with Video_ID: 7Yi-ctyTNU4
[2025-10-23T08:16:34.979+0000] {data_modification.py:78} INFO - Updated row with Video_ID: VN2-3OfUzd8
[2025-10-23T08:16:34.985+0000] {data_modification.py:78} INFO - Updated row with Video_ID: -2IFrMOM36w
[2025-10-23T08:16:35.002+0000] {data_modification.py:78} INFO - Updated row with Video_ID: 7dIFHQkrASM
[2025-10-23T08:16:35.008+0000] {data_modification.py:78} INFO - Updated row with Video_ID: QicO1Gd0kvU
[2025-10-23T08:16:35.014+0000] {data_modification.py:78} INFO - Updated row with Video_ID: yFfcsmK2TOA
[2025-10-23T08:16:35.026+0000] {data_modification.py:78} INFO - Updated row with Video_ID: Jl0-6tbNGBo
[2025-10-23T08:16:35.033+0000] {data_modification.py:78} INFO - Updated row with Video_ID: IAbX0FwX-GY
[2025-10-23T08:16:35.039+0000] {data_modification.py:78} INFO - Updated row with Video_ID: XKSJRulqDNA
[2025-10-23T08:16:35.051+0000] {data_modification.py:78} INFO - Updated row with Video_ID: jysfHFHNjYQ
[2025-10-23T08:16:35.059+0000] {data_modification.py:78} INFO - Updated row with Video_ID: Yox25V8Qsm4
[2025-10-23T08:16:35.065+0000] {data_modification.py:78} INFO - Updated row with Video_ID: clcN3OA8SNw
[2025-10-23T08:16:35.070+0000] {data_modification.py:78} INFO - Updated row with Video_ID: m3lTwO0aNyw
[2025-10-23T08:16:35.077+0000] {data_modification.py:78} INFO - Updated row with Video_ID: gchqnwXlxJw
[2025-10-23T08:16:35.085+0000] {data_modification.py:78} INFO - Updated row with Video_ID: atCPtw4dg7g
[2025-10-23T08:16:35.093+0000] {data_modification.py:78} INFO - Updated row with Video_ID: t8aM4HuVLrQ
[2025-10-23T08:16:35.098+0000] {data_modification.py:78} INFO - Updated row with Video_ID: M82VAcabSiA
[2025-10-23T08:16:35.102+0000] {data_modification.py:78} INFO - Updated row with Video_ID: 7qj3nuF9Dzw
[2025-10-23T08:16:35.110+0000] {data_modification.py:78} INFO - Updated row with Video_ID: Y74b7WlcEpk
[2025-10-23T08:16:35.121+0000] {data_modification.py:78} INFO - Updated row with Video_ID: Z8nEEdXTaX0
[2025-10-23T08:16:35.128+0000] {data_modification.py:78} INFO - Updated row with Video_ID: jP82d277Cc8
[2025-10-23T08:16:35.134+0000] {data_modification.py:78} INFO - Updated row with Video_ID: 2XVcLrB7B3Y
[2025-10-23T08:16:35.136+0000] {dataware_house.py:54} INFO - staging table update completed
[2025-10-23T08:16:35.143+0000] {python.py:237} INFO - Done. Returned value was: None
[2025-10-23T08:16:35.146+0000] {taskinstance.py:441} INFO - ::group::Post task execution logs
[2025-10-23T08:16:35.176+0000] {taskinstance.py:1206} INFO - Marking task as SUCCESS. dag_id=update_db, task_id=staging_table, run_id=manual__2025-10-23T08:16:06.700378+00:00, execution_date=20251023T081606, start_date=20251023T081623, end_date=20251023T081635
[2025-10-23T08:16:35.265+0000] {local_task_job_runner.py:240} INFO - Task exited with return code 0
[2025-10-23T08:16:35.409+0000] {taskinstance.py:3503} INFO - 1 downstream tasks scheduled from follow-on schedule check
[2025-10-23T08:16:35.430+0000] {local_task_job_runner.py:222} INFO - ::endgroup::
