[2025-10-22T15:36:56.597+0000] {local_task_job_runner.py:120} INFO - ::group::Pre task execution logs
[2025-10-22T15:36:56.641+0000] {taskinstance.py:2076} INFO - Dependencies all met for dep_context=non-requeueable deps ti=<TaskInstance: update_db.staging_table manual__2025-10-22T15:36:43.424971+00:00 [queued]>
[2025-10-22T15:36:56.664+0000] {taskinstance.py:2076} INFO - Dependencies all met for dep_context=requeueable deps ti=<TaskInstance: update_db.staging_table manual__2025-10-22T15:36:43.424971+00:00 [queued]>
[2025-10-22T15:36:56.665+0000] {taskinstance.py:2306} INFO - Starting attempt 1 of 1
[2025-10-22T15:36:56.697+0000] {taskinstance.py:2330} INFO - Executing <Task(_PythonDecoratedOperator): staging_table> on 2025-10-22 15:36:43.424971+00:00
[2025-10-22T15:36:56.707+0000] {standard_task_runner.py:63} INFO - Started process 2228 to run task
[2025-10-22T15:36:56.714+0000] {standard_task_runner.py:90} INFO - Running: ['airflow', 'tasks', 'run', 'update_db', 'staging_table', 'manual__2025-10-22T15:36:43.424971+00:00', '--job-id', '72', '--raw', '--subdir', 'DAGS_FOLDER/main.py', '--cfg-path', '/tmp/tmp73zjqzbb']
[2025-10-22T15:36:56.716+0000] {standard_task_runner.py:91} INFO - Job 72: Subtask staging_table
[2025-10-22T15:36:56.819+0000] {task_command.py:426} INFO - Running <TaskInstance: update_db.staging_table manual__2025-10-22T15:36:43.424971+00:00 [running]> on host 5adcf1b12c4a
[2025-10-22T15:36:56.958+0000] {taskinstance.py:2648} INFO - Exporting env vars: AIRFLOW_CTX_DAG_EMAIL='gidiboateng200@gmail.com' AIRFLOW_CTX_DAG_OWNER='dataengineers' AIRFLOW_CTX_DAG_ID='update_db' AIRFLOW_CTX_TASK_ID='staging_table' AIRFLOW_CTX_EXECUTION_DATE='2025-10-22T15:36:43.424971+00:00' AIRFLOW_CTX_TRY_NUMBER='1' AIRFLOW_CTX_DAG_RUN_ID='manual__2025-10-22T15:36:43.424971+00:00'
[2025-10-22T15:36:56.961+0000] {taskinstance.py:430} INFO - ::endgroup::
[2025-10-22T15:36:56.980+0000] {base.py:84} INFO - Using connection ID 'postgres_db_yt_elt' for task execution.
[2025-10-22T15:36:56.986+0000] {data_loading.py:12} INFO - Processing file: YT_data_2025-10-22
[2025-10-22T15:36:57.000+0000] {base.py:84} INFO - Using connection ID 'postgres_db_yt_elt' for task execution.
[2025-10-22T15:36:57.011+0000] {base.py:84} INFO - Using connection ID 'postgres_db_yt_elt' for task execution.
[2025-10-22T15:36:57.031+0000] {data_modification.py:78} INFO - Updated row with Video_ID: yWEUL3crU_E
[2025-10-22T15:36:57.034+0000] {data_modification.py:78} INFO - Updated row with Video_ID: JgJrQnDIRgg
[2025-10-22T15:36:57.037+0000] {data_modification.py:78} INFO - Updated row with Video_ID: gtkqnhN0VkU
[2025-10-22T15:36:57.041+0000] {data_modification.py:78} INFO - Updated row with Video_ID: oBXSvS2QKxU
[2025-10-22T15:36:57.045+0000] {data_modification.py:78} INFO - Updated row with Video_ID: UTdcX1e0cMA
[2025-10-22T15:36:57.048+0000] {data_modification.py:78} INFO - Updated row with Video_ID: oiZvK6MY7tI
[2025-10-22T15:36:57.051+0000] {data_modification.py:78} INFO - Updated row with Video_ID: F0OkwXKcPSE
[2025-10-22T15:36:57.055+0000] {data_modification.py:78} INFO - Updated row with Video_ID: 686PL7rt654
[2025-10-22T15:36:57.059+0000] {data_modification.py:78} INFO - Updated row with Video_ID: zo7i8VTpfNM
[2025-10-22T15:36:57.062+0000] {data_modification.py:78} INFO - Updated row with Video_ID: NfhuGUyWYfQ
[2025-10-22T15:36:57.065+0000] {data_modification.py:78} INFO - Updated row with Video_ID: wIpWCJKfRXs
[2025-10-22T15:36:57.069+0000] {data_modification.py:78} INFO - Updated row with Video_ID: 9Xeepzg1B8I
[2025-10-22T15:36:57.072+0000] {data_modification.py:78} INFO - Updated row with Video_ID: 50G0kIty7Cg
[2025-10-22T15:36:57.075+0000] {data_modification.py:78} INFO - Updated row with Video_ID: 4l97aNza_Zc
[2025-10-22T15:36:57.079+0000] {data_modification.py:78} INFO - Updated row with Video_ID: 3ih2bPKSWsQ
[2025-10-22T15:36:57.082+0000] {data_modification.py:78} INFO - Updated row with Video_ID: uA9Zcg3vHvo
[2025-10-22T15:36:57.085+0000] {data_modification.py:78} INFO - Updated row with Video_ID: _AbFXuGDRTs
[2025-10-22T15:36:57.088+0000] {data_modification.py:78} INFO - Updated row with Video_ID: MOGW3v3pJ5Y
[2025-10-22T15:36:57.091+0000] {data_modification.py:78} INFO - Updated row with Video_ID: XNtTO_339kU
[2025-10-22T15:36:57.094+0000] {data_modification.py:78} INFO - Updated row with Video_ID: rB9NynBZ4go
[2025-10-22T15:36:57.097+0000] {data_modification.py:78} INFO - Updated row with Video_ID: TDv56whosPQ
[2025-10-22T15:36:57.101+0000] {data_modification.py:78} INFO - Updated row with Video_ID: R_BmT1OJw98
[2025-10-22T15:36:57.103+0000] {data_modification.py:78} INFO - Updated row with Video_ID: vpRW4JhzfSE
[2025-10-22T15:36:57.106+0000] {data_modification.py:78} INFO - Updated row with Video_ID: qXW93Cois2s
[2025-10-22T15:36:57.110+0000] {data_modification.py:78} INFO - Updated row with Video_ID: r7f0L48dHpc
[2025-10-22T15:36:57.113+0000] {data_modification.py:78} INFO - Updated row with Video_ID: Z4hVGCWH1Kc
[2025-10-22T15:36:57.116+0000] {data_modification.py:78} INFO - Updated row with Video_ID: zxuICI0kL3s
[2025-10-22T15:36:57.120+0000] {data_modification.py:78} INFO - Updated row with Video_ID: R1SFXJo-FlE
[2025-10-22T15:36:57.123+0000] {data_modification.py:78} INFO - Updated row with Video_ID: lQz5aqjZ3lQ
[2025-10-22T15:36:57.128+0000] {data_modification.py:78} INFO - Updated row with Video_ID: EiFcNbXBqeo
[2025-10-22T15:36:57.131+0000] {data_modification.py:78} INFO - Updated row with Video_ID: pzBi1nwDn8U
[2025-10-22T15:36:57.133+0000] {data_modification.py:78} INFO - Updated row with Video_ID: R7oW0LwS_e4
[2025-10-22T15:36:57.137+0000] {data_modification.py:78} INFO - Updated row with Video_ID: BfKI_TQnQvo
[2025-10-22T15:36:57.140+0000] {data_modification.py:78} INFO - Updated row with Video_ID: FWAdfuPpLOc
[2025-10-22T15:36:57.144+0000] {data_modification.py:78} INFO - Updated row with Video_ID: NjlP2_l1Wr0
[2025-10-22T15:36:57.148+0000] {data_modification.py:78} INFO - Updated row with Video_ID: gGcaGdHlt60
[2025-10-22T15:36:57.151+0000] {data_modification.py:78} INFO - Updated row with Video_ID: pe_ejTiIcSs
[2025-10-22T15:36:57.154+0000] {data_modification.py:78} INFO - Updated row with Video_ID: V6In4tmd-w8
[2025-10-22T15:36:57.157+0000] {data_modification.py:78} INFO - Updated row with Video_ID: ZGvn9ywXjpY
[2025-10-22T15:36:57.161+0000] {data_modification.py:78} INFO - Updated row with Video_ID: hTSaweR8qMI
[2025-10-22T15:36:57.164+0000] {data_modification.py:78} INFO - Updated row with Video_ID: KCRLP-zBacU
[2025-10-22T15:36:57.167+0000] {data_modification.py:78} INFO - Updated row with Video_ID: c2ukL_zjFCk
[2025-10-22T15:36:57.170+0000] {data_modification.py:78} INFO - Updated row with Video_ID: DZIASl9q90s
[2025-10-22T15:36:57.174+0000] {data_modification.py:78} INFO - Updated row with Video_ID: 7qY-qalCI2Y
[2025-10-22T15:36:57.177+0000] {data_modification.py:78} INFO - Updated row with Video_ID: N0pwLtonPdg
[2025-10-22T15:36:57.180+0000] {data_modification.py:78} INFO - Updated row with Video_ID: -4GmbBoYQjE
[2025-10-22T15:36:57.183+0000] {data_modification.py:78} INFO - Updated row with Video_ID: 0yPgljFcTR4
[2025-10-22T15:36:57.186+0000] {data_modification.py:78} INFO - Updated row with Video_ID: TN1wErFGTzM
[2025-10-22T15:36:57.189+0000] {data_modification.py:78} INFO - Updated row with Video_ID: 3dxksf0CzS8
[2025-10-22T15:36:57.193+0000] {data_modification.py:78} INFO - Updated row with Video_ID: x7yv72s8h0o
[2025-10-22T15:36:57.197+0000] {data_modification.py:78} INFO - Updated row with Video_ID: uyiG6uw-6pA
[2025-10-22T15:36:57.200+0000] {data_modification.py:78} INFO - Updated row with Video_ID: M1STzb7k9L8
[2025-10-22T15:36:57.203+0000] {data_modification.py:78} INFO - Updated row with Video_ID: 7K-yxGWYsnk
[2025-10-22T15:36:57.206+0000] {data_modification.py:78} INFO - Updated row with Video_ID: Tbn4cYCaZCk
[2025-10-22T15:36:57.209+0000] {data_modification.py:78} INFO - Updated row with Video_ID: figrl0aOULs
[2025-10-22T15:36:57.213+0000] {data_modification.py:78} INFO - Updated row with Video_ID: Uxc84UUrVHk
[2025-10-22T15:36:57.215+0000] {data_modification.py:78} INFO - Updated row with Video_ID: BzKaMelDzqo
[2025-10-22T15:36:57.219+0000] {data_modification.py:78} INFO - Updated row with Video_ID: 4yx9ZJDfyKk
[2025-10-22T15:36:57.221+0000] {data_modification.py:78} INFO - Updated row with Video_ID: kPa_S6jN9ls
[2025-10-22T15:36:57.224+0000] {data_modification.py:78} INFO - Updated row with Video_ID: 69g-YcbmgQA
[2025-10-22T15:36:57.229+0000] {data_modification.py:78} INFO - Updated row with Video_ID: aKq8bkY5eTU
[2025-10-22T15:36:57.232+0000] {data_modification.py:78} INFO - Updated row with Video_ID: TNtpUQbW4mg
[2025-10-22T15:36:57.235+0000] {data_modification.py:78} INFO - Updated row with Video_ID: TgCm8oDmxOk
[2025-10-22T15:36:57.238+0000] {data_modification.py:78} INFO - Updated row with Video_ID: 954wJ3uHVAk
[2025-10-22T15:36:57.241+0000] {data_modification.py:78} INFO - Updated row with Video_ID: zajUgQLviwk
[2025-10-22T15:36:57.245+0000] {data_modification.py:78} INFO - Updated row with Video_ID: PXevNM0awlI
[2025-10-22T15:36:57.248+0000] {data_modification.py:78} INFO - Updated row with Video_ID: PuQ5UxKUY48
[2025-10-22T15:36:57.251+0000] {data_modification.py:78} INFO - Updated row with Video_ID: L5ihmu87xTE
[2025-10-22T15:36:57.254+0000] {data_modification.py:78} INFO - Updated row with Video_ID: nAiKLoCP-kU
[2025-10-22T15:36:57.257+0000] {data_modification.py:78} INFO - Updated row with Video_ID: NDsO1LT_0lw
[2025-10-22T15:36:57.261+0000] {data_modification.py:78} INFO - Updated row with Video_ID: sF5LYGgKbUA
[2025-10-22T15:36:57.264+0000] {data_modification.py:78} INFO - Updated row with Video_ID: MFpWEKN9c6Y
[2025-10-22T15:36:57.268+0000] {data_modification.py:78} INFO - Updated row with Video_ID: TRxMLLuWIhw
[2025-10-22T15:36:57.273+0000] {data_modification.py:78} INFO - Updated row with Video_ID: SM66GDRyIVY
[2025-10-22T15:36:57.279+0000] {data_modification.py:78} INFO - Updated row with Video_ID: EvqtfK_RaRg
[2025-10-22T15:36:57.282+0000] {data_modification.py:78} INFO - Updated row with Video_ID: 3cWm9B_0_kI
[2025-10-22T15:36:57.286+0000] {data_modification.py:78} INFO - Updated row with Video_ID: qtWqHIx8Z-o
[2025-10-22T15:36:57.290+0000] {data_modification.py:78} INFO - Updated row with Video_ID: gs8qfL9PNac
[2025-10-22T15:36:57.294+0000] {data_modification.py:78} INFO - Updated row with Video_ID: DBPYB8WkkDc
[2025-10-22T15:36:57.297+0000] {data_modification.py:78} INFO - Updated row with Video_ID: zvBXpoBegwE
[2025-10-22T15:36:57.300+0000] {data_modification.py:78} INFO - Updated row with Video_ID: SWc8fI_9iqA
[2025-10-22T15:36:57.303+0000] {data_modification.py:78} INFO - Updated row with Video_ID: 0BjlBnfHcHM
[2025-10-22T15:36:57.306+0000] {data_modification.py:78} INFO - Updated row with Video_ID: HcL1EQ5qD_g
[2025-10-22T15:36:57.310+0000] {data_modification.py:78} INFO - Updated row with Video_ID: dc089EZRGcg
[2025-10-22T15:36:57.313+0000] {data_modification.py:78} INFO - Updated row with Video_ID: vXNtju4VFm4
[2025-10-22T15:36:57.316+0000] {data_modification.py:78} INFO - Updated row with Video_ID: I9mw5UlDyPI
[2025-10-22T15:36:57.319+0000] {data_modification.py:78} INFO - Updated row with Video_ID: pS-fFdvyHLE
[2025-10-22T15:36:57.322+0000] {data_modification.py:78} INFO - Updated row with Video_ID: Xj0Jtjg3lHQ
[2025-10-22T15:36:57.325+0000] {data_modification.py:78} INFO - Updated row with Video_ID: 9UtcHPCEBgg
[2025-10-22T15:36:57.328+0000] {data_modification.py:78} INFO - Updated row with Video_ID: ZNt_GoOBHq8
[2025-10-22T15:36:57.331+0000] {data_modification.py:78} INFO - Updated row with Video_ID: bn0Kh9c4Zv4
[2025-10-22T15:36:57.334+0000] {data_modification.py:78} INFO - Updated row with Video_ID: dDVFnfCwjHA
[2025-10-22T15:36:57.337+0000] {data_modification.py:78} INFO - Updated row with Video_ID: Kt2HvqRruHQ
[2025-10-22T15:36:57.340+0000] {data_modification.py:78} INFO - Updated row with Video_ID: vDrSCXFMAKk
[2025-10-22T15:36:57.344+0000] {data_modification.py:78} INFO - Updated row with Video_ID: snX5YyflrGw
[2025-10-22T15:36:57.347+0000] {data_modification.py:78} INFO - Updated row with Video_ID: nbzQdlWrcnk
[2025-10-22T15:36:57.350+0000] {data_modification.py:78} INFO - Updated row with Video_ID: 8krJy31Diow
[2025-10-22T15:36:57.354+0000] {data_modification.py:78} INFO - Updated row with Video_ID: aRcUVhVlSHg
[2025-10-22T15:36:57.357+0000] {data_modification.py:78} INFO - Updated row with Video_ID: Jo7sfpeWqwE
[2025-10-22T15:36:57.360+0000] {data_modification.py:78} INFO - Updated row with Video_ID: QtD-CeUdRUQ
[2025-10-22T15:36:57.363+0000] {data_modification.py:78} INFO - Updated row with Video_ID: ndAQfTzlVjc
[2025-10-22T15:36:57.366+0000] {data_modification.py:78} INFO - Updated row with Video_ID: AydS-vA3qa4
[2025-10-22T15:36:57.369+0000] {data_modification.py:78} INFO - Updated row with Video_ID: UPrkC1LdlLY
[2025-10-22T15:36:57.371+0000] {data_modification.py:78} INFO - Updated row with Video_ID: 8bTQMDM4qvY
[2025-10-22T15:36:57.374+0000] {data_modification.py:78} INFO - Updated row with Video_ID: DBw0oD38z0Q
[2025-10-22T15:36:57.378+0000] {data_modification.py:78} INFO - Updated row with Video_ID: 4SNThp0YiU4
[2025-10-22T15:36:57.383+0000] {data_modification.py:78} INFO - Updated row with Video_ID: XhuisK0bTSA
[2025-10-22T15:36:57.386+0000] {data_modification.py:78} INFO - Updated row with Video_ID: lkCRPp7cnP8
[2025-10-22T15:36:57.391+0000] {data_modification.py:78} INFO - Updated row with Video_ID: KkCXLABwHP0
[2025-10-22T15:36:57.398+0000] {data_modification.py:78} INFO - Updated row with Video_ID: PWirijQkH4M
[2025-10-22T15:36:57.447+0000] {data_modification.py:78} INFO - Updated row with Video_ID: U_LlX4t0A9I
[2025-10-22T15:36:57.451+0000] {data_modification.py:78} INFO - Updated row with Video_ID: T8I165Qxeo8
[2025-10-22T15:36:57.455+0000] {data_modification.py:78} INFO - Updated row with Video_ID: i-9V21MqlhY
[2025-10-22T15:36:57.459+0000] {data_modification.py:78} INFO - Updated row with Video_ID: YyNz4--6fro
[2025-10-22T15:36:57.463+0000] {data_modification.py:78} INFO - Updated row with Video_ID: f0cXJ6mJxGc
[2025-10-22T15:36:57.467+0000] {data_modification.py:78} INFO - Updated row with Video_ID: F6PqxbvOCUI
[2025-10-22T15:36:57.471+0000] {data_modification.py:78} INFO - Updated row with Video_ID: oA4LSZvX4iE
[2025-10-22T15:36:57.474+0000] {data_modification.py:78} INFO - Updated row with Video_ID: ZKxnjszkZto
[2025-10-22T15:36:57.480+0000] {data_modification.py:78} INFO - Updated row with Video_ID: 8_gdcaX9Xqk
[2025-10-22T15:36:57.483+0000] {data_modification.py:78} INFO - Updated row with Video_ID: snUyLbGx6U4
[2025-10-22T15:36:57.487+0000] {data_modification.py:78} INFO - Updated row with Video_ID: Pv0iVoSZzN8
[2025-10-22T15:36:57.491+0000] {data_modification.py:78} INFO - Updated row with Video_ID: CWbV3NItSdY
[2025-10-22T15:36:57.496+0000] {data_modification.py:78} INFO - Updated row with Video_ID: l-nMKJ5J3Uc
[2025-10-22T15:36:57.501+0000] {data_modification.py:78} INFO - Updated row with Video_ID: XE1Qyss8GIY
[2025-10-22T15:36:57.504+0000] {data_modification.py:78} INFO - Updated row with Video_ID: 6GzHPS0rEgc
[2025-10-22T15:36:57.508+0000] {data_modification.py:78} INFO - Updated row with Video_ID: imhY0pe-Sd8
[2025-10-22T15:36:57.513+0000] {data_modification.py:78} INFO - Updated row with Video_ID: erLbbextvlY
[2025-10-22T15:36:57.516+0000] {data_modification.py:78} INFO - Updated row with Video_ID: OnTTThIzuNU
[2025-10-22T15:36:57.520+0000] {data_modification.py:78} INFO - Updated row with Video_ID: mKdjycj-7eE
[2025-10-22T15:36:57.524+0000] {data_modification.py:78} INFO - Updated row with Video_ID: tWYsfOSY9vY
[2025-10-22T15:36:57.531+0000] {data_modification.py:78} INFO - Updated row with Video_ID: sH48lKbayNU
[2025-10-22T15:36:57.535+0000] {data_modification.py:78} INFO - Updated row with Video_ID: AFXoSFNMwIA
[2025-10-22T15:36:57.538+0000] {data_modification.py:78} INFO - Updated row with Video_ID: k194wHZHjB0
[2025-10-22T15:36:57.544+0000] {data_modification.py:78} INFO - Updated row with Video_ID: AjwAdtlRKf8
[2025-10-22T15:36:57.548+0000] {data_modification.py:78} INFO - Updated row with Video_ID: KOEfDvr4DcQ
[2025-10-22T15:36:57.554+0000] {data_modification.py:78} INFO - Updated row with Video_ID: krsBRQbOPQ4
[2025-10-22T15:36:57.558+0000] {data_modification.py:78} INFO - Updated row with Video_ID: 7ESeQBeikKs
[2025-10-22T15:36:57.563+0000] {data_modification.py:78} INFO - Updated row with Video_ID: K_CbgLpvH9E
[2025-10-22T15:36:57.566+0000] {data_modification.py:78} INFO - Updated row with Video_ID: lOKASgtr6kU
[2025-10-22T15:36:57.570+0000] {data_modification.py:78} INFO - Updated row with Video_ID: 9RhWXPcKBI8
[2025-10-22T15:36:57.580+0000] {data_modification.py:78} INFO - Updated row with Video_ID: ZVt9ZJfWV1c
[2025-10-22T15:36:57.583+0000] {data_modification.py:78} INFO - Updated row with Video_ID: rWBOITBjitE
[2025-10-22T15:36:57.588+0000] {data_modification.py:78} INFO - Updated row with Video_ID: tnTPaLOaHz8
[2025-10-22T15:36:57.591+0000] {data_modification.py:78} INFO - Updated row with Video_ID: Wdjh81uH6FU
[2025-10-22T15:36:57.595+0000] {data_modification.py:78} INFO - Updated row with Video_ID: 7dYTw-jAYkY
[2025-10-22T15:36:57.599+0000] {data_modification.py:78} INFO - Updated row with Video_ID: AjZDwxt7S8w
[2025-10-22T15:36:57.603+0000] {data_modification.py:78} INFO - Updated row with Video_ID: aZnqqXaT02g
[2025-10-22T15:36:57.607+0000] {data_modification.py:78} INFO - Updated row with Video_ID: mwKJfNYwvm8
[2025-10-22T15:36:57.611+0000] {data_modification.py:78} INFO - Updated row with Video_ID: l9_8_pDTmis
[2025-10-22T15:36:57.614+0000] {data_modification.py:78} INFO - Updated row with Video_ID: n7x4Jj9pdH8
[2025-10-22T15:36:57.619+0000] {data_modification.py:78} INFO - Updated row with Video_ID: QjvpjXdgugA
[2025-10-22T15:36:57.622+0000] {data_modification.py:78} INFO - Updated row with Video_ID: jGAJCAuV3pQ
[2025-10-22T15:36:57.626+0000] {data_modification.py:78} INFO - Updated row with Video_ID: c0v8OPItCOg
[2025-10-22T15:36:57.630+0000] {data_modification.py:78} INFO - Updated row with Video_ID: 3ryID_SwU5E
[2025-10-22T15:36:57.634+0000] {data_modification.py:78} INFO - Updated row with Video_ID: IemzxkkzI5s
[2025-10-22T15:36:57.639+0000] {data_modification.py:78} INFO - Updated row with Video_ID: 3OFj6l2tQ9s
[2025-10-22T15:36:57.643+0000] {data_modification.py:78} INFO - Updated row with Video_ID: bvlFjrcpD6s
[2025-10-22T15:36:57.647+0000] {data_modification.py:78} INFO - Updated row with Video_ID: AZlBZuS4hr0
[2025-10-22T15:36:57.650+0000] {data_modification.py:78} INFO - Updated row with Video_ID: Gx6VeIIbWwM
[2025-10-22T15:36:57.654+0000] {data_modification.py:78} INFO - Updated row with Video_ID: CAOY8EKH1qU
[2025-10-22T15:36:57.658+0000] {data_modification.py:78} INFO - Updated row with Video_ID: IQxea9UB1nQ
[2025-10-22T15:36:57.662+0000] {data_modification.py:78} INFO - Updated row with Video_ID: KrLj6nc516A
[2025-10-22T15:36:57.666+0000] {data_modification.py:78} INFO - Updated row with Video_ID: zgLhCT7aFCA
[2025-10-22T15:36:57.669+0000] {data_modification.py:78} INFO - Updated row with Video_ID: L5kIXRdwGAI
[2025-10-22T15:36:57.673+0000] {data_modification.py:78} INFO - Updated row with Video_ID: 19NmWqv4Alk
[2025-10-22T15:36:57.677+0000] {data_modification.py:78} INFO - Updated row with Video_ID: vBpQ1SlfVtU
[2025-10-22T15:36:57.682+0000] {data_modification.py:78} INFO - Updated row with Video_ID: SGzWIoLAzmY
[2025-10-22T15:36:57.686+0000] {data_modification.py:78} INFO - Updated row with Video_ID: NnNZLCl78Ao
[2025-10-22T15:36:57.691+0000] {data_modification.py:78} INFO - Updated row with Video_ID: NTZhwAldqwg
[2025-10-22T15:36:57.696+0000] {data_modification.py:78} INFO - Updated row with Video_ID: J_z-W4UVHkw
[2025-10-22T15:36:57.701+0000] {data_modification.py:78} INFO - Updated row with Video_ID: mKIhHNznt4s
[2025-10-22T15:36:57.705+0000] {data_modification.py:78} INFO - Updated row with Video_ID: jObOjhUkf50
[2025-10-22T15:36:57.711+0000] {data_modification.py:78} INFO - Updated row with Video_ID: O3YVBJ2n5xg
[2025-10-22T15:36:57.715+0000] {data_modification.py:78} INFO - Updated row with Video_ID: yhB3BgJyGl8
[2025-10-22T15:36:57.718+0000] {data_modification.py:78} INFO - Updated row with Video_ID: CP82DAKzL1U
[2025-10-22T15:36:57.722+0000] {data_modification.py:78} INFO - Updated row with Video_ID: fuhE6PYnRMc
[2025-10-22T15:36:57.728+0000] {data_modification.py:78} INFO - Updated row with Video_ID: stUofW3whpE
[2025-10-22T15:36:57.732+0000] {data_modification.py:78} INFO - Updated row with Video_ID: 48h57PspBec
[2025-10-22T15:36:57.737+0000] {data_modification.py:78} INFO - Updated row with Video_ID: ooAwCOP67GQ
[2025-10-22T15:36:57.741+0000] {data_modification.py:78} INFO - Updated row with Video_ID: FM7Z-Xq8Drc
[2025-10-22T15:36:57.750+0000] {data_modification.py:78} INFO - Updated row with Video_ID: ykRq_rp7NhM
[2025-10-22T15:36:57.755+0000] {data_modification.py:78} INFO - Updated row with Video_ID: WTOm65IZneg
[2025-10-22T15:36:57.762+0000] {data_modification.py:78} INFO - Updated row with Video_ID: 8kggT2ej-lo
[2025-10-22T15:36:57.766+0000] {data_modification.py:78} INFO - Updated row with Video_ID: GGBy50KtvRk
[2025-10-22T15:36:57.777+0000] {data_modification.py:78} INFO - Updated row with Video_ID: Y4-gFIfGXiQ
[2025-10-22T15:36:57.781+0000] {data_modification.py:78} INFO - Updated row with Video_ID: 1WEAJ-DFkHE
[2025-10-22T15:36:57.785+0000] {data_modification.py:78} INFO - Updated row with Video_ID: Y0cBiGUuB1Y
[2025-10-22T15:36:57.789+0000] {data_modification.py:78} INFO - Updated row with Video_ID: YLt73w6criQ
[2025-10-22T15:36:57.795+0000] {data_modification.py:78} INFO - Updated row with Video_ID: NPYPXWJBTWM
[2025-10-22T15:36:57.798+0000] {data_modification.py:78} INFO - Updated row with Video_ID: lglIQkCHO0g
[2025-10-22T15:36:57.802+0000] {data_modification.py:78} INFO - Updated row with Video_ID: TJ2ifmkGGus
[2025-10-22T15:36:57.806+0000] {data_modification.py:78} INFO - Updated row with Video_ID: 7IKab3HcfFk
[2025-10-22T15:36:57.811+0000] {data_modification.py:78} INFO - Updated row with Video_ID: h5NvTTOlOtI
[2025-10-22T15:36:57.815+0000] {data_modification.py:78} INFO - Updated row with Video_ID: se50viFJ0AQ
[2025-10-22T15:36:57.818+0000] {data_modification.py:78} INFO - Updated row with Video_ID: 0CTp1a-aCUM
[2025-10-22T15:36:57.822+0000] {data_modification.py:78} INFO - Updated row with Video_ID: FD-0KG-h2-c
[2025-10-22T15:36:57.825+0000] {data_modification.py:78} INFO - Updated row with Video_ID: kX3nB4PpJko
[2025-10-22T15:36:57.829+0000] {data_modification.py:78} INFO - Updated row with Video_ID: YlvcFJOE-OE
[2025-10-22T15:36:57.833+0000] {data_modification.py:78} INFO - Updated row with Video_ID: iogcY_4xGjo
[2025-10-22T15:36:57.836+0000] {data_modification.py:78} INFO - Updated row with Video_ID: S_CUEOBZ0P4
[2025-10-22T15:36:57.839+0000] {data_modification.py:78} INFO - Updated row with Video_ID: gHzuabZUd6c
[2025-10-22T15:36:57.843+0000] {data_modification.py:78} INFO - Updated row with Video_ID: 65fN_OUawjk
[2025-10-22T15:36:57.846+0000] {data_modification.py:78} INFO - Updated row with Video_ID: jdMNoQE3mIQ
[2025-10-22T15:36:57.850+0000] {data_modification.py:78} INFO - Updated row with Video_ID: 2isYuQZMbdU
[2025-10-22T15:36:57.854+0000] {data_modification.py:78} INFO - Updated row with Video_ID: tVWWp1PqDus
[2025-10-22T15:36:57.857+0000] {data_modification.py:78} INFO - Updated row with Video_ID: vaIgyRoUkQI
[2025-10-22T15:36:57.862+0000] {data_modification.py:78} INFO - Updated row with Video_ID: Hwybp38GnZw
[2025-10-22T15:36:57.866+0000] {data_modification.py:78} INFO - Updated row with Video_ID: hD1YtmKXNb4
[2025-10-22T15:36:57.870+0000] {data_modification.py:78} INFO - Updated row with Video_ID: LnlKwzc_TNA
[2025-10-22T15:36:57.874+0000] {data_modification.py:78} INFO - Updated row with Video_ID: 3jS_yEK8qVI
[2025-10-22T15:36:57.879+0000] {data_modification.py:78} INFO - Updated row with Video_ID: 00NgUctWoLQ
[2025-10-22T15:36:57.882+0000] {data_modification.py:78} INFO - Updated row with Video_ID: x9TQ6culXIA
[2025-10-22T15:36:57.886+0000] {data_modification.py:78} INFO - Updated row with Video_ID: QbJJwaVdgIs
[2025-10-22T15:36:57.889+0000] {data_modification.py:78} INFO - Updated row with Video_ID: 0e3GPea1Tyg
[2025-10-22T15:36:57.893+0000] {data_modification.py:78} INFO - Updated row with Video_ID: cV2gBU6hKfY
[2025-10-22T15:36:57.896+0000] {data_modification.py:78} INFO - Updated row with Video_ID: qIsgdOVGA04
[2025-10-22T15:36:57.900+0000] {data_modification.py:78} INFO - Updated row with Video_ID: cExLQ1o2pDw
[2025-10-22T15:36:57.903+0000] {data_modification.py:78} INFO - Updated row with Video_ID: uocETPj4Jx4
[2025-10-22T15:36:57.907+0000] {data_modification.py:78} INFO - Updated row with Video_ID: zxYjTTXc-J8
[2025-10-22T15:36:57.912+0000] {data_modification.py:78} INFO - Updated row with Video_ID: hxwpkM5w3Cc
[2025-10-22T15:36:57.915+0000] {data_modification.py:78} INFO - Updated row with Video_ID: ktyJIj6i4Qw
[2025-10-22T15:36:57.919+0000] {data_modification.py:78} INFO - Updated row with Video_ID: urtFrxDUV6c
[2025-10-22T15:36:57.922+0000] {data_modification.py:78} INFO - Updated row with Video_ID: nM89Wl03Q4g
[2025-10-22T15:36:57.926+0000] {data_modification.py:78} INFO - Updated row with Video_ID: NZlClr_ivb4
[2025-10-22T15:36:57.929+0000] {data_modification.py:78} INFO - Updated row with Video_ID: E6E22XQPhhg
[2025-10-22T15:36:57.933+0000] {data_modification.py:78} INFO - Updated row with Video_ID: TQHEJj68Jew
[2025-10-22T15:36:57.936+0000] {data_modification.py:78} INFO - Updated row with Video_ID: WcwGleN38zE
[2025-10-22T15:36:57.940+0000] {data_modification.py:78} INFO - Updated row with Video_ID: fMfipiV_17o
[2025-10-22T15:36:57.943+0000] {data_modification.py:78} INFO - Updated row with Video_ID: ayXxwJJId_c
[2025-10-22T15:36:57.948+0000] {data_modification.py:78} INFO - Updated row with Video_ID: 9bqk6ZUsKyA
[2025-10-22T15:36:57.952+0000] {data_modification.py:78} INFO - Updated row with Video_ID: DuQbOQwVaNE
[2025-10-22T15:36:57.955+0000] {data_modification.py:78} INFO - Updated row with Video_ID: vJH28ICkCdU
[2025-10-22T15:36:57.959+0000] {data_modification.py:78} INFO - Updated row with Video_ID: _uwNDiU04zE
[2025-10-22T15:36:57.963+0000] {data_modification.py:78} INFO - Updated row with Video_ID: C680oxL__ck
[2025-10-22T15:36:57.967+0000] {data_modification.py:78} INFO - Updated row with Video_ID: 5Fg9oZk-5uA
[2025-10-22T15:36:57.970+0000] {data_modification.py:78} INFO - Updated row with Video_ID: PKtnafFtfEo
[2025-10-22T15:36:57.974+0000] {data_modification.py:78} INFO - Updated row with Video_ID: f0c7pSCoZqE
[2025-10-22T15:36:57.978+0000] {data_modification.py:78} INFO - Updated row with Video_ID: dg2Ag3e8W-Q
[2025-10-22T15:36:57.982+0000] {data_modification.py:78} INFO - Updated row with Video_ID: LeYsRMZFUq0
[2025-10-22T15:36:57.985+0000] {data_modification.py:78} INFO - Updated row with Video_ID: Dc2ZRmuH5OM
[2025-10-22T15:36:57.989+0000] {data_modification.py:78} INFO - Updated row with Video_ID: GLoeAJUcz38
[2025-10-22T15:36:57.993+0000] {data_modification.py:78} INFO - Updated row with Video_ID: SZQhgExjBvQ
[2025-10-22T15:36:57.996+0000] {data_modification.py:78} INFO - Updated row with Video_ID: IoZri9hq7z4
[2025-10-22T15:36:57.999+0000] {data_modification.py:78} INFO - Updated row with Video_ID: vp5sSqyZ5Go
[2025-10-22T15:36:58.003+0000] {data_modification.py:78} INFO - Updated row with Video_ID: AKJfakEsgy0
[2025-10-22T15:36:58.006+0000] {data_modification.py:78} INFO - Updated row with Video_ID: Vl3swga-Xrk
[2025-10-22T15:36:58.010+0000] {data_modification.py:78} INFO - Updated row with Video_ID: UE5AHE2Ypr8
[2025-10-22T15:36:58.014+0000] {data_modification.py:78} INFO - Updated row with Video_ID: TDiXxsQ0w2Q
[2025-10-22T15:36:58.018+0000] {data_modification.py:78} INFO - Updated row with Video_ID: oD155zWANQg
[2025-10-22T15:36:58.022+0000] {data_modification.py:78} INFO - Updated row with Video_ID: s1ax8Tx_Jz0
[2025-10-22T15:36:58.026+0000] {data_modification.py:78} INFO - Updated row with Video_ID: NkE0AMGzpJY
[2025-10-22T15:36:58.029+0000] {data_modification.py:78} INFO - Updated row with Video_ID: FbM1yi4mMMc
[2025-10-22T15:36:58.033+0000] {data_modification.py:78} INFO - Updated row with Video_ID: 5V2B28OqfqM
[2025-10-22T15:36:58.037+0000] {data_modification.py:78} INFO - Updated row with Video_ID: Rj_vssRaZlQ
[2025-10-22T15:36:58.041+0000] {data_modification.py:78} INFO - Updated row with Video_ID: YQDDm9HLkV4
[2025-10-22T15:36:58.045+0000] {data_modification.py:78} INFO - Updated row with Video_ID: erQ_9yEz0ls
[2025-10-22T15:36:58.049+0000] {data_modification.py:78} INFO - Updated row with Video_ID: OAbP-V6fEVc
[2025-10-22T15:36:58.053+0000] {data_modification.py:78} INFO - Updated row with Video_ID: _qAJMXfL6o0
[2025-10-22T15:36:58.057+0000] {data_modification.py:78} INFO - Updated row with Video_ID: 59AYXzCa-Cs
[2025-10-22T15:36:58.061+0000] {data_modification.py:78} INFO - Updated row with Video_ID: r7zJ8srwwjk
[2025-10-22T15:36:58.064+0000] {data_modification.py:78} INFO - Updated row with Video_ID: YSoJPA8-oHc
[2025-10-22T15:36:58.067+0000] {data_modification.py:78} INFO - Updated row with Video_ID: 5Hg_QSIJm8I
[2025-10-22T15:36:58.071+0000] {data_modification.py:78} INFO - Updated row with Video_ID: gsWPpE4Rid0
[2025-10-22T15:36:58.074+0000] {data_modification.py:78} INFO - Updated row with Video_ID: HBMmK1c44sE
[2025-10-22T15:36:58.077+0000] {data_modification.py:78} INFO - Updated row with Video_ID: oBYbxw8f5OI
[2025-10-22T15:36:58.081+0000] {data_modification.py:78} INFO - Updated row with Video_ID: AiGKBNGlzHo
[2025-10-22T15:36:58.083+0000] {data_modification.py:78} INFO - Updated row with Video_ID: _mdKvblL_8s
[2025-10-22T15:36:58.086+0000] {data_modification.py:78} INFO - Updated row with Video_ID: yXWw0_UfSFg
[2025-10-22T15:36:58.089+0000] {data_modification.py:78} INFO - Updated row with Video_ID: F4Y3Pkn95GI
[2025-10-22T15:36:58.094+0000] {data_modification.py:78} INFO - Updated row with Video_ID: KSKJKLmAqpI
[2025-10-22T15:36:58.097+0000] {data_modification.py:78} INFO - Updated row with Video_ID: IYVjOfoU3uI
[2025-10-22T15:36:58.100+0000] {data_modification.py:78} INFO - Updated row with Video_ID: oI6aXhowFDY
[2025-10-22T15:36:58.102+0000] {data_modification.py:78} INFO - Updated row with Video_ID: LdMx2U5tby0
[2025-10-22T15:36:58.106+0000] {data_modification.py:78} INFO - Updated row with Video_ID: fY-LA3YaZ_M
[2025-10-22T15:36:58.109+0000] {data_modification.py:78} INFO - Updated row with Video_ID: 0hVZOJCYBBM
[2025-10-22T15:36:58.112+0000] {data_modification.py:78} INFO - Updated row with Video_ID: Z9WQy9jEY8M
[2025-10-22T15:36:58.115+0000] {data_modification.py:78} INFO - Updated row with Video_ID: bs0SWXbty18
[2025-10-22T15:36:58.119+0000] {data_modification.py:78} INFO - Updated row with Video_ID: yeqARWqjkps
[2025-10-22T15:36:58.123+0000] {data_modification.py:78} INFO - Updated row with Video_ID: wMuYiLby3-s
[2025-10-22T15:36:58.126+0000] {data_modification.py:78} INFO - Updated row with Video_ID: NbaWrbJDr48
[2025-10-22T15:36:58.129+0000] {data_modification.py:78} INFO - Updated row with Video_ID: sfv1QaRzJg8
[2025-10-22T15:36:58.133+0000] {data_modification.py:78} INFO - Updated row with Video_ID: RwnN2FVaHmw
[2025-10-22T15:36:58.136+0000] {data_modification.py:78} INFO - Updated row with Video_ID: X1jMMFOqxEw
[2025-10-22T15:36:58.140+0000] {data_modification.py:78} INFO - Updated row with Video_ID: ORUX1lHbOa8
[2025-10-22T15:36:58.143+0000] {data_modification.py:78} INFO - Updated row with Video_ID: LU_xVr4b2qM
[2025-10-22T15:36:58.146+0000] {data_modification.py:78} INFO - Updated row with Video_ID: tQ4m4zD7BBA
[2025-10-22T15:36:58.150+0000] {data_modification.py:78} INFO - Updated row with Video_ID: D9lVNzyhYnc
[2025-10-22T15:36:58.153+0000] {data_modification.py:78} INFO - Updated row with Video_ID: jokVbbLqV_E
[2025-10-22T15:36:58.156+0000] {data_modification.py:78} INFO - Updated row with Video_ID: HPJKxAhLw5I
[2025-10-22T15:36:58.160+0000] {data_modification.py:78} INFO - Updated row with Video_ID: Ims5p6wjW9s
[2025-10-22T15:36:58.164+0000] {data_modification.py:78} INFO - Updated row with Video_ID: anFxsa5jXrE
[2025-10-22T15:36:58.167+0000] {data_modification.py:78} INFO - Updated row with Video_ID: QxGVgXf_LNk
[2025-10-22T15:36:58.170+0000] {data_modification.py:78} INFO - Updated row with Video_ID: al6130OD1Ck
[2025-10-22T15:36:58.173+0000] {data_modification.py:78} INFO - Updated row with Video_ID: d1010B3sKNQ
[2025-10-22T15:36:58.176+0000] {data_modification.py:78} INFO - Updated row with Video_ID: NS3hse9ezik
[2025-10-22T15:36:58.180+0000] {data_modification.py:78} INFO - Updated row with Video_ID: npDey6_9YRs
[2025-10-22T15:36:58.183+0000] {data_modification.py:78} INFO - Updated row with Video_ID: 0NGWT9COcEI
[2025-10-22T15:36:58.186+0000] {data_modification.py:78} INFO - Updated row with Video_ID: 3LLnjRLrvLU
[2025-10-22T15:36:58.189+0000] {data_modification.py:78} INFO - Updated row with Video_ID: bTrV5v7GLcQ
[2025-10-22T15:36:58.192+0000] {data_modification.py:78} INFO - Updated row with Video_ID: lBYC4_Lccjw
[2025-10-22T15:36:58.196+0000] {data_modification.py:78} INFO - Updated row with Video_ID: gL6iSCSHjco
[2025-10-22T15:36:58.199+0000] {data_modification.py:78} INFO - Updated row with Video_ID: UQtltNZ_pjs
[2025-10-22T15:36:58.202+0000] {data_modification.py:78} INFO - Updated row with Video_ID: 0DaMUhgcAqo
[2025-10-22T15:36:58.205+0000] {data_modification.py:78} INFO - Updated row with Video_ID: TOcGSwJBPMQ
[2025-10-22T15:36:58.208+0000] {data_modification.py:78} INFO - Updated row with Video_ID: ws694xrKopA
[2025-10-22T15:36:58.211+0000] {data_modification.py:78} INFO - Updated row with Video_ID: UtnsWzaoRtg
[2025-10-22T15:36:58.214+0000] {data_modification.py:78} INFO - Updated row with Video_ID: 6wsFjjhZPJI
[2025-10-22T15:36:58.218+0000] {data_modification.py:78} INFO - Updated row with Video_ID: Rmf6T_Ewt38
[2025-10-22T15:36:58.221+0000] {data_modification.py:78} INFO - Updated row with Video_ID: n6qc4LHN2KQ
[2025-10-22T15:36:58.224+0000] {data_modification.py:78} INFO - Updated row with Video_ID: 2eFSU7TFOnk
[2025-10-22T15:36:58.227+0000] {data_modification.py:78} INFO - Updated row with Video_ID: RCvnytndd9c
[2025-10-22T15:36:58.230+0000] {data_modification.py:78} INFO - Updated row with Video_ID: AA-VpIj8F5Y
[2025-10-22T15:36:58.234+0000] {data_modification.py:78} INFO - Updated row with Video_ID: fWcSBWadolA
[2025-10-22T15:36:58.238+0000] {data_modification.py:78} INFO - Updated row with Video_ID: YyhKdOCwD7s
[2025-10-22T15:36:58.241+0000] {data_modification.py:78} INFO - Updated row with Video_ID: ha4tRQwKIUg
[2025-10-22T15:36:58.244+0000] {data_modification.py:78} INFO - Updated row with Video_ID: xRwy_rKc7gI
[2025-10-22T15:36:58.247+0000] {data_modification.py:78} INFO - Updated row with Video_ID: H1WBdh56Vq4
[2025-10-22T15:36:58.251+0000] {data_modification.py:78} INFO - Updated row with Video_ID: xhIYirjB4Yc
[2025-10-22T15:36:58.254+0000] {data_modification.py:78} INFO - Updated row with Video_ID: HfJMs4mrSJM
[2025-10-22T15:36:58.257+0000] {data_modification.py:78} INFO - Updated row with Video_ID: tYHTVjfShOA
[2025-10-22T15:36:58.260+0000] {data_modification.py:78} INFO - Updated row with Video_ID: JTQcIR2ZxU4
[2025-10-22T15:36:58.263+0000] {data_modification.py:78} INFO - Updated row with Video_ID: xpNeg0hPZIs
[2025-10-22T15:36:58.267+0000] {data_modification.py:78} INFO - Updated row with Video_ID: 9yrdFAJUSaU
[2025-10-22T15:36:58.270+0000] {data_modification.py:78} INFO - Updated row with Video_ID: i2O6GMpNWGo
[2025-10-22T15:36:58.273+0000] {data_modification.py:78} INFO - Updated row with Video_ID: Y6jC6VaO3j0
[2025-10-22T15:36:58.276+0000] {data_modification.py:78} INFO - Updated row with Video_ID: Ooke4YZv8Ts
[2025-10-22T15:36:58.279+0000] {data_modification.py:78} INFO - Updated row with Video_ID: ZV7rU6lnAKQ
[2025-10-22T15:36:58.283+0000] {data_modification.py:78} INFO - Updated row with Video_ID: iUzi5JmJNWc
[2025-10-22T15:36:58.286+0000] {data_modification.py:78} INFO - Updated row with Video_ID: 9cCpZl8euLI
[2025-10-22T15:36:58.289+0000] {data_modification.py:78} INFO - Updated row with Video_ID: I046_n20d3s
[2025-10-22T15:36:58.292+0000] {data_modification.py:78} INFO - Updated row with Video_ID: 2nd73lyvq4w
[2025-10-22T15:36:58.295+0000] {data_modification.py:78} INFO - Updated row with Video_ID: nuM0Z4a7kMs
[2025-10-22T15:36:58.299+0000] {data_modification.py:78} INFO - Updated row with Video_ID: qPBtTPJHS0Q
[2025-10-22T15:36:58.302+0000] {data_modification.py:78} INFO - Updated row with Video_ID: A-vX1AGBGsc
[2025-10-22T15:36:58.305+0000] {data_modification.py:78} INFO - Updated row with Video_ID: IiW2smvEcBM
[2025-10-22T15:36:58.308+0000] {data_modification.py:78} INFO - Updated row with Video_ID: q6Qw8mUVTrE
[2025-10-22T15:36:58.311+0000] {data_modification.py:78} INFO - Updated row with Video_ID: dBxOYE2j55U
[2025-10-22T15:36:58.314+0000] {data_modification.py:78} INFO - Updated row with Video_ID: 984NGLLYDUg
[2025-10-22T15:36:58.317+0000] {data_modification.py:78} INFO - Updated row with Video_ID: 7zi0bi-RDj4
[2025-10-22T15:36:58.320+0000] {data_modification.py:78} INFO - Updated row with Video_ID: XaxhLbxZ13k
[2025-10-22T15:36:58.323+0000] {data_modification.py:78} INFO - Updated row with Video_ID: L8nh1wuXTbI
[2025-10-22T15:36:58.327+0000] {data_modification.py:78} INFO - Updated row with Video_ID: 9-HphHIJS9c
[2025-10-22T15:36:58.330+0000] {data_modification.py:78} INFO - Updated row with Video_ID: rPXmbM2UEbU
[2025-10-22T15:36:58.333+0000] {data_modification.py:78} INFO - Updated row with Video_ID: sESRuTyfsEk
[2025-10-22T15:36:58.336+0000] {data_modification.py:78} INFO - Updated row with Video_ID: QapO3maXd9k
[2025-10-22T15:36:58.339+0000] {data_modification.py:78} INFO - Updated row with Video_ID: 71VpdDb8e6U
[2025-10-22T15:36:58.342+0000] {data_modification.py:78} INFO - Updated row with Video_ID: Su34c5Z8DW4
[2025-10-22T15:36:58.345+0000] {data_modification.py:78} INFO - Updated row with Video_ID: e5DqdX-7_g4
[2025-10-22T15:36:58.348+0000] {data_modification.py:78} INFO - Updated row with Video_ID: 9vB-48kHbBU
[2025-10-22T15:36:58.351+0000] {data_modification.py:78} INFO - Updated row with Video_ID: 3ix_gbcubTo
[2025-10-22T15:36:58.355+0000] {data_modification.py:78} INFO - Updated row with Video_ID: mGIpOtncmSM
[2025-10-22T15:36:58.359+0000] {data_modification.py:78} INFO - Updated row with Video_ID: VqnQ-0q2gb4
[2025-10-22T15:36:58.362+0000] {data_modification.py:78} INFO - Updated row with Video_ID: 3TflpIllQHY
[2025-10-22T15:36:58.365+0000] {data_modification.py:78} INFO - Updated row with Video_ID: 1SwVSTKFCsc
[2025-10-22T15:36:58.369+0000] {data_modification.py:78} INFO - Updated row with Video_ID: ZPuEUe_8SRM
[2025-10-22T15:36:58.372+0000] {data_modification.py:78} INFO - Updated row with Video_ID: gKVZz4kcuns
[2025-10-22T15:36:58.375+0000] {data_modification.py:78} INFO - Updated row with Video_ID: xBP9EUQIkNs
[2025-10-22T15:36:58.379+0000] {data_modification.py:78} INFO - Updated row with Video_ID: qZNxvnQv0h4
[2025-10-22T15:36:58.383+0000] {data_modification.py:78} INFO - Updated row with Video_ID: uE6gud1voDs
[2025-10-22T15:36:58.386+0000] {data_modification.py:78} INFO - Updated row with Video_ID: f0M64XpmTz8
[2025-10-22T15:36:58.389+0000] {data_modification.py:78} INFO - Updated row with Video_ID: Gz3yak1cl-8
[2025-10-22T15:36:58.392+0000] {data_modification.py:78} INFO - Updated row with Video_ID: 9GD6hbqu2oM
[2025-10-22T15:36:58.396+0000] {data_modification.py:78} INFO - Updated row with Video_ID: GUWGsIVEMSQ
[2025-10-22T15:36:58.399+0000] {data_modification.py:78} INFO - Updated row with Video_ID: wDqJZ_2ZA3A
[2025-10-22T15:36:58.403+0000] {data_modification.py:78} INFO - Updated row with Video_ID: RywkkwO78m8
[2025-10-22T15:36:58.406+0000] {data_modification.py:78} INFO - Updated row with Video_ID: P4qWhSZ7_WA
[2025-10-22T15:36:58.409+0000] {data_modification.py:78} INFO - Updated row with Video_ID: UlUcwJc5nBs
[2025-10-22T15:36:58.412+0000] {data_modification.py:78} INFO - Updated row with Video_ID: qAW6CE7_bFM
[2025-10-22T15:36:58.415+0000] {data_modification.py:78} INFO - Updated row with Video_ID: tBEBc4KQVsU
[2025-10-22T15:36:58.418+0000] {data_modification.py:78} INFO - Updated row with Video_ID: q0OK-zHnvnA
[2025-10-22T15:36:58.422+0000] {data_modification.py:78} INFO - Updated row with Video_ID: bFZdU9dr4OM
[2025-10-22T15:36:58.425+0000] {data_modification.py:78} INFO - Updated row with Video_ID: nd-bwvNB7YA
[2025-10-22T15:36:58.429+0000] {data_modification.py:78} INFO - Updated row with Video_ID: 6_im_hGxGRk
[2025-10-22T15:36:58.432+0000] {data_modification.py:78} INFO - Updated row with Video_ID: b91vrgVY-ZQ
[2025-10-22T15:36:58.435+0000] {data_modification.py:78} INFO - Updated row with Video_ID: 52ubXjlVzUY
[2025-10-22T15:36:58.438+0000] {data_modification.py:78} INFO - Updated row with Video_ID: XHb7g6yuGgE
[2025-10-22T15:36:58.442+0000] {data_modification.py:78} INFO - Updated row with Video_ID: rH1D_3G56DY
[2025-10-22T15:36:58.445+0000] {data_modification.py:78} INFO - Updated row with Video_ID: -0zoWMSEOGg
[2025-10-22T15:36:58.448+0000] {data_modification.py:78} INFO - Updated row with Video_ID: WRzIuC2MKOU
[2025-10-22T15:36:58.451+0000] {data_modification.py:78} INFO - Updated row with Video_ID: foLlul8Tl3E
[2025-10-22T15:36:58.453+0000] {data_modification.py:78} INFO - Updated row with Video_ID: 3iaDrpKdaIc
[2025-10-22T15:36:58.457+0000] {data_modification.py:78} INFO - Updated row with Video_ID: qrIh-ZHN4-E
[2025-10-22T15:36:58.460+0000] {data_modification.py:78} INFO - Updated row with Video_ID: mpZWt5pGKZ8
[2025-10-22T15:36:58.463+0000] {data_modification.py:78} INFO - Updated row with Video_ID: vbph9F_pRNI
[2025-10-22T15:36:58.465+0000] {data_modification.py:78} INFO - Updated row with Video_ID: wbzD04leeLI
[2025-10-22T15:36:58.468+0000] {data_modification.py:78} INFO - Updated row with Video_ID: MC5h-ShR-S8
[2025-10-22T15:36:58.471+0000] {data_modification.py:78} INFO - Updated row with Video_ID: dp8IaLrZpGs
[2025-10-22T15:36:58.474+0000] {data_modification.py:78} INFO - Updated row with Video_ID: 97Gh93Daio0
[2025-10-22T15:36:58.477+0000] {data_modification.py:78} INFO - Updated row with Video_ID: t4OumncEiKo
[2025-10-22T15:36:58.480+0000] {data_modification.py:78} INFO - Updated row with Video_ID: Ejou8aa5eZk
[2025-10-22T15:36:58.483+0000] {data_modification.py:78} INFO - Updated row with Video_ID: ehEuczQUh8E
[2025-10-22T15:36:58.485+0000] {data_modification.py:78} INFO - Updated row with Video_ID: uBC7805Smsg
[2025-10-22T15:36:58.489+0000] {data_modification.py:78} INFO - Updated row with Video_ID: d8pJkuSp1iI
[2025-10-22T15:36:58.491+0000] {data_modification.py:78} INFO - Updated row with Video_ID: dFr5YQaQQdo
[2025-10-22T15:36:58.494+0000] {data_modification.py:78} INFO - Updated row with Video_ID: xBLxMfO3pDw
[2025-10-22T15:36:58.497+0000] {data_modification.py:78} INFO - Updated row with Video_ID: d7QmQtNwhcU
[2025-10-22T15:36:58.500+0000] {data_modification.py:78} INFO - Updated row with Video_ID: NZR4WEjpOQg
[2025-10-22T15:36:58.503+0000] {data_modification.py:78} INFO - Updated row with Video_ID: vETSAZgfDP4
[2025-10-22T15:36:58.506+0000] {data_modification.py:78} INFO - Updated row with Video_ID: zE3FLbpu9-Q
[2025-10-22T15:36:58.509+0000] {data_modification.py:78} INFO - Updated row with Video_ID: Izmibu7dxcs
[2025-10-22T15:36:58.512+0000] {data_modification.py:78} INFO - Updated row with Video_ID: 2Pvt8awds44
[2025-10-22T15:36:58.515+0000] {data_modification.py:78} INFO - Updated row with Video_ID: n9BbAfbsyj0
[2025-10-22T15:36:58.517+0000] {data_modification.py:78} INFO - Updated row with Video_ID: WZ2rYlVxt4g
[2025-10-22T15:36:58.521+0000] {data_modification.py:78} INFO - Updated row with Video_ID: CWK6an4mYL0
[2025-10-22T15:36:58.524+0000] {data_modification.py:78} INFO - Updated row with Video_ID: VwWV4JelEzY
[2025-10-22T15:36:58.527+0000] {data_modification.py:78} INFO - Updated row with Video_ID: koRKIlRQj4g
[2025-10-22T15:36:58.529+0000] {data_modification.py:78} INFO - Updated row with Video_ID: XKFKPQHdWRI
[2025-10-22T15:36:58.533+0000] {data_modification.py:78} INFO - Updated row with Video_ID: yuGEB4ZZdUQ
[2025-10-22T15:36:58.536+0000] {data_modification.py:78} INFO - Updated row with Video_ID: szt8xabJoSo
[2025-10-22T15:36:58.540+0000] {data_modification.py:78} INFO - Updated row with Video_ID: Fbl3E_XCQfA
[2025-10-22T15:36:58.543+0000] {data_modification.py:78} INFO - Updated row with Video_ID: Pe3pGsCeYXg
[2025-10-22T15:36:58.546+0000] {data_modification.py:78} INFO - Updated row with Video_ID: yzGmnjDFuZE
[2025-10-22T15:36:58.549+0000] {data_modification.py:78} INFO - Updated row with Video_ID: l_huIWJBhJM
[2025-10-22T15:36:58.552+0000] {data_modification.py:78} INFO - Updated row with Video_ID: 7ALCsEyn3mg
[2025-10-22T15:36:58.555+0000] {data_modification.py:78} INFO - Updated row with Video_ID: CvMRiR4k49Y
[2025-10-22T15:36:58.558+0000] {data_modification.py:78} INFO - Updated row with Video_ID: g2rbhIB-ITM
[2025-10-22T15:36:58.561+0000] {data_modification.py:78} INFO - Updated row with Video_ID: nLpqZEAFnkE
[2025-10-22T15:36:58.564+0000] {data_modification.py:78} INFO - Updated row with Video_ID: sirrTXiPFmw
[2025-10-22T15:36:58.567+0000] {data_modification.py:78} INFO - Updated row with Video_ID: nRkwuTOESCc
[2025-10-22T15:36:58.570+0000] {data_modification.py:78} INFO - Updated row with Video_ID: AS6WMS_Bemg
[2025-10-22T15:36:58.573+0000] {data_modification.py:78} INFO - Updated row with Video_ID: wMn8d7IeCYM
[2025-10-22T15:36:58.577+0000] {data_modification.py:78} INFO - Updated row with Video_ID: BMZP4CtphaU
[2025-10-22T15:36:58.580+0000] {data_modification.py:78} INFO - Updated row with Video_ID: 93s1JECSy60
[2025-10-22T15:36:58.583+0000] {data_modification.py:78} INFO - Updated row with Video_ID: YR6Wh2Zy9jE
[2025-10-22T15:36:58.586+0000] {data_modification.py:78} INFO - Updated row with Video_ID: 5PCxQSMOl3o
[2025-10-22T15:36:58.589+0000] {data_modification.py:78} INFO - Updated row with Video_ID: 5qzAVMe_SnM
[2025-10-22T15:36:58.592+0000] {data_modification.py:78} INFO - Updated row with Video_ID: zAAXW7ySu1k
[2025-10-22T15:36:58.595+0000] {data_modification.py:78} INFO - Updated row with Video_ID: sx5k8xd_VoU
[2025-10-22T15:36:58.598+0000] {data_modification.py:78} INFO - Updated row with Video_ID: uotb9ZHnI2g
[2025-10-22T15:36:58.601+0000] {data_modification.py:78} INFO - Updated row with Video_ID: nPlqRbVFBHI
[2025-10-22T15:36:58.604+0000] {data_modification.py:78} INFO - Updated row with Video_ID: _FX6rml2Yjs
[2025-10-22T15:36:58.607+0000] {data_modification.py:78} INFO - Updated row with Video_ID: kupaqq-xJ_8
[2025-10-22T15:36:58.610+0000] {data_modification.py:78} INFO - Updated row with Video_ID: 4KVmSG6KS2k
[2025-10-22T15:36:58.614+0000] {data_modification.py:78} INFO - Updated row with Video_ID: Lx9fRu5ehFo
[2025-10-22T15:36:58.617+0000] {data_modification.py:78} INFO - Updated row with Video_ID: ZJwX2jTXWwQ
[2025-10-22T15:36:58.620+0000] {data_modification.py:78} INFO - Updated row with Video_ID: N_GMakKf7G4
[2025-10-22T15:36:58.624+0000] {data_modification.py:78} INFO - Updated row with Video_ID: 63gyUQ_JeOE
[2025-10-22T15:36:58.628+0000] {data_modification.py:78} INFO - Updated row with Video_ID: IZVbzNRUlQI
[2025-10-22T15:36:58.631+0000] {data_modification.py:78} INFO - Updated row with Video_ID: 8D3vI1615K4
[2025-10-22T15:36:58.634+0000] {data_modification.py:78} INFO - Updated row with Video_ID: igVcy5dtN80
[2025-10-22T15:36:58.637+0000] {data_modification.py:78} INFO - Updated row with Video_ID: dEOlvTqYUNo
[2025-10-22T15:36:58.642+0000] {data_modification.py:78} INFO - Updated row with Video_ID: AS5CxLCWq-Q
[2025-10-22T15:36:58.648+0000] {data_modification.py:78} INFO - Updated row with Video_ID: jtOalDNVrKM
[2025-10-22T15:36:58.651+0000] {data_modification.py:78} INFO - Updated row with Video_ID: dDYP56hEYF0
[2025-10-22T15:36:58.655+0000] {data_modification.py:78} INFO - Updated row with Video_ID: iengNekeTNo
[2025-10-22T15:36:58.658+0000] {data_modification.py:78} INFO - Updated row with Video_ID: rqUvnLPvbrM
[2025-10-22T15:36:58.661+0000] {data_modification.py:78} INFO - Updated row with Video_ID: 9CVwXBYVqVk
[2025-10-22T15:36:58.665+0000] {data_modification.py:78} INFO - Updated row with Video_ID: i8pmk5xnO2s
[2025-10-22T15:36:58.668+0000] {data_modification.py:78} INFO - Updated row with Video_ID: xWcldHxHFpo
[2025-10-22T15:36:58.672+0000] {data_modification.py:78} INFO - Updated row with Video_ID: YH1-fDzHHpo
[2025-10-22T15:36:58.675+0000] {data_modification.py:78} INFO - Updated row with Video_ID: ntlG5XgYg4k
[2025-10-22T15:36:58.679+0000] {data_modification.py:78} INFO - Updated row with Video_ID: Qy17S3g8ZuY
[2025-10-22T15:36:58.682+0000] {data_modification.py:78} INFO - Updated row with Video_ID: PJyWmlWNor8
[2025-10-22T15:36:58.685+0000] {data_modification.py:78} INFO - Updated row with Video_ID: KzwTYZ2W3ZA
[2025-10-22T15:36:58.688+0000] {data_modification.py:78} INFO - Updated row with Video_ID: 9fa_JYTPZ2Y
[2025-10-22T15:36:58.692+0000] {data_modification.py:78} INFO - Updated row with Video_ID: t1BWMa8btIw
[2025-10-22T15:36:58.695+0000] {data_modification.py:78} INFO - Updated row with Video_ID: 2O8wta4FsD4
[2025-10-22T15:36:58.698+0000] {data_modification.py:78} INFO - Updated row with Video_ID: dSDBr0WjrwQ
[2025-10-22T15:36:58.701+0000] {data_modification.py:78} INFO - Updated row with Video_ID: DbC9CauTXoM
[2025-10-22T15:36:58.704+0000] {data_modification.py:78} INFO - Updated row with Video_ID: yhNcDBnQsEY
[2025-10-22T15:36:58.707+0000] {data_modification.py:78} INFO - Updated row with Video_ID: Wyyqz3OxB5c
[2025-10-22T15:36:58.711+0000] {data_modification.py:78} INFO - Updated row with Video_ID: KO8B2kw_Jxs
[2025-10-22T15:36:58.714+0000] {data_modification.py:78} INFO - Updated row with Video_ID: NEDPgQYhbqs
[2025-10-22T15:36:58.717+0000] {data_modification.py:78} INFO - Updated row with Video_ID: RPcXg2-0ejw
[2025-10-22T15:36:58.720+0000] {data_modification.py:78} INFO - Updated row with Video_ID: jhYG5BStQSk
[2025-10-22T15:36:58.723+0000] {data_modification.py:78} INFO - Updated row with Video_ID: wTIPpjUgAFE
[2025-10-22T15:36:58.727+0000] {data_modification.py:78} INFO - Updated row with Video_ID: Fzh65vCyHWQ
[2025-10-22T15:36:58.730+0000] {data_modification.py:78} INFO - Updated row with Video_ID: vBp0bzVr09s
[2025-10-22T15:36:58.734+0000] {data_modification.py:78} INFO - Updated row with Video_ID: AXjdI_LHWJU
[2025-10-22T15:36:58.737+0000] {data_modification.py:78} INFO - Updated row with Video_ID: dJCsc_Cq9i4
[2025-10-22T15:36:58.740+0000] {data_modification.py:78} INFO - Updated row with Video_ID: bqpKlkPpT10
[2025-10-22T15:36:58.743+0000] {data_modification.py:78} INFO - Updated row with Video_ID: TIIU1ivhLKs
[2025-10-22T15:36:58.746+0000] {data_modification.py:78} INFO - Updated row with Video_ID: G4qOiwIE_o0
[2025-10-22T15:36:58.750+0000] {data_modification.py:78} INFO - Updated row with Video_ID: yozl6enFC-w
[2025-10-22T15:36:58.753+0000] {data_modification.py:78} INFO - Updated row with Video_ID: LP_mGU3CgXk
[2025-10-22T15:36:58.756+0000] {data_modification.py:78} INFO - Updated row with Video_ID: DoIQMkoYSzw
[2025-10-22T15:36:58.759+0000] {data_modification.py:78} INFO - Updated row with Video_ID: e-If_d_bzfI
[2025-10-22T15:36:58.762+0000] {data_modification.py:78} INFO - Updated row with Video_ID: 5J6-5g2alp8
[2025-10-22T15:36:58.765+0000] {data_modification.py:78} INFO - Updated row with Video_ID: qjGNBluF6_I
[2025-10-22T15:36:58.769+0000] {data_modification.py:78} INFO - Updated row with Video_ID: TLoDwqQF5ug
[2025-10-22T15:36:58.771+0000] {data_modification.py:78} INFO - Updated row with Video_ID: uAFGIQPWL54
[2025-10-22T15:36:58.774+0000] {data_modification.py:78} INFO - Updated row with Video_ID: SaDDjW9Rw-M
[2025-10-22T15:36:58.783+0000] {data_modification.py:78} INFO - Updated row with Video_ID: CHdy9wND1jo
[2025-10-22T15:36:58.786+0000] {data_modification.py:78} INFO - Updated row with Video_ID: 9LiS_3HEErU
[2025-10-22T15:36:58.790+0000] {data_modification.py:78} INFO - Updated row with Video_ID: hRj5qNfkdO0
[2025-10-22T15:36:58.793+0000] {data_modification.py:78} INFO - Updated row with Video_ID: ocruJKe2tFk
[2025-10-22T15:36:58.796+0000] {data_modification.py:78} INFO - Updated row with Video_ID: MgRMNzKknto
[2025-10-22T15:36:58.799+0000] {data_modification.py:78} INFO - Updated row with Video_ID: XW1TsAVdXsw
[2025-10-22T15:36:58.802+0000] {data_modification.py:78} INFO - Updated row with Video_ID: Qhdj_Umh1IE
[2025-10-22T15:36:58.804+0000] {data_modification.py:78} INFO - Updated row with Video_ID: fN_RQFqaGHI
[2025-10-22T15:36:58.808+0000] {data_modification.py:78} INFO - Updated row with Video_ID: hC3xW8xeCDs
[2025-10-22T15:36:58.811+0000] {data_modification.py:78} INFO - Updated row with Video_ID: xGJEPTCw9GU
[2025-10-22T15:36:58.814+0000] {data_modification.py:78} INFO - Updated row with Video_ID: FmjsePPBbdU
[2025-10-22T15:36:58.818+0000] {data_modification.py:78} INFO - Updated row with Video_ID: lMLEcUXz6T8
[2025-10-22T15:36:58.821+0000] {data_modification.py:78} INFO - Updated row with Video_ID: BKJy7BFP3Is
[2025-10-22T15:36:58.824+0000] {data_modification.py:78} INFO - Updated row with Video_ID: 1gfgZhW3YgU
[2025-10-22T15:36:58.827+0000] {data_modification.py:78} INFO - Updated row with Video_ID: VXmKt_1T0QM
[2025-10-22T15:36:58.830+0000] {data_modification.py:78} INFO - Updated row with Video_ID: 6XCUHLhdnEY
[2025-10-22T15:36:58.833+0000] {data_modification.py:78} INFO - Updated row with Video_ID: ttWTSskmxTA
[2025-10-22T15:36:58.836+0000] {data_modification.py:78} INFO - Updated row with Video_ID: 5bCyFf8lSfk
[2025-10-22T15:36:58.839+0000] {data_modification.py:78} INFO - Updated row with Video_ID: ngVEpJs5A5s
[2025-10-22T15:36:58.842+0000] {data_modification.py:78} INFO - Updated row with Video_ID: zjC48c3ptt0
[2025-10-22T15:36:58.845+0000] {data_modification.py:78} INFO - Updated row with Video_ID: rS2sntC-lJI
[2025-10-22T15:36:58.849+0000] {data_modification.py:78} INFO - Updated row with Video_ID: fG1N5kzeAhM
[2025-10-22T15:36:58.851+0000] {data_modification.py:78} INFO - Updated row with Video_ID: vT_gRRMjDi0
[2025-10-22T15:36:58.854+0000] {data_modification.py:78} INFO - Updated row with Video_ID: dfcPUqiivDY
[2025-10-22T15:36:58.857+0000] {data_modification.py:78} INFO - Updated row with Video_ID: zCR6DJX7Kak
[2025-10-22T15:36:58.861+0000] {data_modification.py:78} INFO - Updated row with Video_ID: 4cX-w-ia0RU
[2025-10-22T15:36:58.864+0000] {data_modification.py:78} INFO - Updated row with Video_ID: 2nVjy-zd65Q
[2025-10-22T15:36:58.867+0000] {data_modification.py:78} INFO - Updated row with Video_ID: xlzpD4GeBW0
[2025-10-22T15:36:58.871+0000] {data_modification.py:78} INFO - Updated row with Video_ID: 8ZTy3K2QgOY
[2025-10-22T15:36:58.874+0000] {data_modification.py:78} INFO - Updated row with Video_ID: k9zko79_3_I
[2025-10-22T15:36:58.878+0000] {data_modification.py:78} INFO - Updated row with Video_ID: fYnPyLfxSJg
[2025-10-22T15:36:58.881+0000] {data_modification.py:78} INFO - Updated row with Video_ID: pBH_QL4JGcI
[2025-10-22T15:36:58.884+0000] {data_modification.py:78} INFO - Updated row with Video_ID: 1wtFD9zSQO8
[2025-10-22T15:36:58.887+0000] {data_modification.py:78} INFO - Updated row with Video_ID: VqhjiwmGNKA
[2025-10-22T15:36:58.890+0000] {data_modification.py:78} INFO - Updated row with Video_ID: EhZ9gHZOZT8
[2025-10-22T15:36:58.894+0000] {data_modification.py:78} INFO - Updated row with Video_ID: LHtkve6-O0g
[2025-10-22T15:36:58.897+0000] {data_modification.py:78} INFO - Updated row with Video_ID: m3Ol8zn7brk
[2025-10-22T15:36:58.900+0000] {data_modification.py:78} INFO - Updated row with Video_ID: qBiZA4QDsj0
[2025-10-22T15:36:58.903+0000] {data_modification.py:78} INFO - Updated row with Video_ID: NeOrh4GnPZ4
[2025-10-22T15:36:58.906+0000] {data_modification.py:78} INFO - Updated row with Video_ID: fWhfOAuOqjY
[2025-10-22T15:36:58.910+0000] {data_modification.py:78} INFO - Updated row with Video_ID: 9Ax56oRhcZc
[2025-10-22T15:36:58.913+0000] {data_modification.py:78} INFO - Updated row with Video_ID: -cWVrFABWHw
[2025-10-22T15:36:58.916+0000] {data_modification.py:78} INFO - Updated row with Video_ID: z7qtJAAV5d0
[2025-10-22T15:36:58.919+0000] {data_modification.py:78} INFO - Updated row with Video_ID: 9pk-neTrDoM
[2025-10-22T15:36:58.922+0000] {data_modification.py:78} INFO - Updated row with Video_ID: JQscW6DfNZY
[2025-10-22T15:36:58.925+0000] {data_modification.py:78} INFO - Updated row with Video_ID: 9smE_EiKJ8Q
[2025-10-22T15:36:58.928+0000] {data_modification.py:78} INFO - Updated row with Video_ID: hfaPkoXeYfU
[2025-10-22T15:36:58.931+0000] {data_modification.py:78} INFO - Updated row with Video_ID: u0hHxeWkB_o
[2025-10-22T15:36:58.934+0000] {data_modification.py:78} INFO - Updated row with Video_ID: 64WGWubQO3I
[2025-10-22T15:36:58.937+0000] {data_modification.py:78} INFO - Updated row with Video_ID: QJUs6CSRCFU
[2025-10-22T15:36:58.940+0000] {data_modification.py:78} INFO - Updated row with Video_ID: Om4c4ilT_6g
[2025-10-22T15:36:58.944+0000] {data_modification.py:78} INFO - Updated row with Video_ID: GbOfxRfHdeg
[2025-10-22T15:36:58.947+0000] {data_modification.py:78} INFO - Updated row with Video_ID: yzxYCRDcGDs
[2025-10-22T15:36:58.950+0000] {data_modification.py:78} INFO - Updated row with Video_ID: PCakYf_PnT0
[2025-10-22T15:36:58.953+0000] {data_modification.py:78} INFO - Updated row with Video_ID: 8nv_ltg4RAg
[2025-10-22T15:36:58.955+0000] {data_modification.py:78} INFO - Updated row with Video_ID: VvphlSvCyj8
[2025-10-22T15:36:58.959+0000] {data_modification.py:78} INFO - Updated row with Video_ID: JP3v6UxI124
[2025-10-22T15:36:58.962+0000] {data_modification.py:78} INFO - Updated row with Video_ID: jRURlbRAUhI
[2025-10-22T15:36:58.966+0000] {data_modification.py:78} INFO - Updated row with Video_ID: I_3R9YGFlHE
[2025-10-22T15:36:58.968+0000] {data_modification.py:78} INFO - Updated row with Video_ID: xjJJ_wDlc1E
[2025-10-22T15:36:58.971+0000] {data_modification.py:78} INFO - Updated row with Video_ID: cqirhwhq_qM
[2025-10-22T15:36:58.974+0000] {data_modification.py:78} INFO - Updated row with Video_ID: 3IQdDBwc42o
[2025-10-22T15:36:58.977+0000] {data_modification.py:78} INFO - Updated row with Video_ID: 4YHnf3YepwU
[2025-10-22T15:36:58.980+0000] {data_modification.py:78} INFO - Updated row with Video_ID: uxzBq4Y_fNw
[2025-10-22T15:36:58.983+0000] {data_modification.py:78} INFO - Updated row with Video_ID: HIhUkvAG0o4
[2025-10-22T15:36:58.985+0000] {data_modification.py:78} INFO - Updated row with Video_ID: cpI5lCaqZcQ
[2025-10-22T15:36:58.989+0000] {data_modification.py:78} INFO - Updated row with Video_ID: 6zQhLOw1nw8
[2025-10-22T15:36:58.992+0000] {data_modification.py:78} INFO - Updated row with Video_ID: mfvi_jgdVqE
[2025-10-22T15:36:58.995+0000] {data_modification.py:78} INFO - Updated row with Video_ID: zExxMxcoJ6A
[2025-10-22T15:36:58.998+0000] {data_modification.py:78} INFO - Updated row with Video_ID: hD_Af6W2qug
[2025-10-22T15:36:59.001+0000] {data_modification.py:78} INFO - Updated row with Video_ID: XOtTKQujlkI
[2025-10-22T15:36:59.004+0000] {data_modification.py:78} INFO - Updated row with Video_ID: dRqthQ2Mc_0
[2025-10-22T15:36:59.007+0000] {data_modification.py:78} INFO - Updated row with Video_ID: 8TFq_vvO_Wg
[2025-10-22T15:36:59.011+0000] {data_modification.py:78} INFO - Updated row with Video_ID: oo8ve4Ldpck
[2025-10-22T15:36:59.014+0000] {data_modification.py:78} INFO - Updated row with Video_ID: sKn8Tbp2a-4
[2025-10-22T15:36:59.017+0000] {data_modification.py:78} INFO - Updated row with Video_ID: g0IrVKXIbmE
[2025-10-22T15:36:59.020+0000] {data_modification.py:78} INFO - Updated row with Video_ID: 2Om2M4_Kyd0
[2025-10-22T15:36:59.022+0000] {data_modification.py:78} INFO - Updated row with Video_ID: KaaEivIqX6M
[2025-10-22T15:36:59.026+0000] {data_modification.py:78} INFO - Updated row with Video_ID: W4gBpws7Ug8
[2025-10-22T15:36:59.030+0000] {data_modification.py:78} INFO - Updated row with Video_ID: NT3EkjxO8hs
[2025-10-22T15:36:59.033+0000] {data_modification.py:78} INFO - Updated row with Video_ID: syMozMiJneM
[2025-10-22T15:36:59.035+0000] {data_modification.py:78} INFO - Updated row with Video_ID: Wt6cMjn3YLg
[2025-10-22T15:36:59.038+0000] {data_modification.py:78} INFO - Updated row with Video_ID: OEuS7fjMlMc
[2025-10-22T15:36:59.042+0000] {data_modification.py:78} INFO - Updated row with Video_ID: 1Pr-R2nKTY4
[2025-10-22T15:36:59.045+0000] {data_modification.py:78} INFO - Updated row with Video_ID: QqdUhn99E-s
[2025-10-22T15:36:59.048+0000] {data_modification.py:78} INFO - Updated row with Video_ID: 1UygJmcHUdQ
[2025-10-22T15:36:59.051+0000] {data_modification.py:78} INFO - Updated row with Video_ID: g4DAFnZcCcQ
[2025-10-22T15:36:59.053+0000] {data_modification.py:78} INFO - Updated row with Video_ID: LTr8cXAxy1I
[2025-10-22T15:36:59.056+0000] {data_modification.py:78} INFO - Updated row with Video_ID: Ow3xqv7ahXo
[2025-10-22T15:36:59.059+0000] {data_modification.py:78} INFO - Updated row with Video_ID: TRiF8PdrIP8
[2025-10-22T15:36:59.062+0000] {data_modification.py:78} INFO - Updated row with Video_ID: NFZ_MtTvwm0
[2025-10-22T15:36:59.065+0000] {data_modification.py:78} INFO - Updated row with Video_ID: Pgxi8dsUW-o
[2025-10-22T15:36:59.068+0000] {data_modification.py:78} INFO - Updated row with Video_ID: YY2-jJojnOA
[2025-10-22T15:36:59.071+0000] {data_modification.py:78} INFO - Updated row with Video_ID: 7Pogam71094
[2025-10-22T15:36:59.074+0000] {data_modification.py:78} INFO - Updated row with Video_ID: DL0OPJ2hahc
[2025-10-22T15:36:59.077+0000] {data_modification.py:78} INFO - Updated row with Video_ID: WwE0tR08OTU
[2025-10-22T15:36:59.080+0000] {data_modification.py:78} INFO - Updated row with Video_ID: 2LIJtcI4dbg
[2025-10-22T15:36:59.083+0000] {data_modification.py:78} INFO - Updated row with Video_ID: rXnaD7PU9kY
[2025-10-22T15:36:59.086+0000] {data_modification.py:78} INFO - Updated row with Video_ID: Ng_qwlvhrJo
[2025-10-22T15:36:59.089+0000] {data_modification.py:78} INFO - Updated row with Video_ID: bzIPun3cVsw
[2025-10-22T15:36:59.093+0000] {data_modification.py:78} INFO - Updated row with Video_ID: miKQkeq5sbU
[2025-10-22T15:36:59.097+0000] {data_modification.py:78} INFO - Updated row with Video_ID: Lwt_VThQIdM
[2025-10-22T15:36:59.100+0000] {data_modification.py:78} INFO - Updated row with Video_ID: P2oPACr4uuU
[2025-10-22T15:36:59.102+0000] {data_modification.py:78} INFO - Updated row with Video_ID: h-D6ukDcS9o
[2025-10-22T15:36:59.104+0000] {data_modification.py:78} INFO - Updated row with Video_ID: mY77HA20MzA
[2025-10-22T15:36:59.108+0000] {data_modification.py:78} INFO - Updated row with Video_ID: 4krBgDFycgY
[2025-10-22T15:36:59.110+0000] {data_modification.py:78} INFO - Updated row with Video_ID: dpUxRIqbNlc
[2025-10-22T15:36:59.113+0000] {data_modification.py:78} INFO - Updated row with Video_ID: Cp431S5z8PE
[2025-10-22T15:36:59.116+0000] {data_modification.py:78} INFO - Updated row with Video_ID: ttLYXcza4j4
[2025-10-22T15:36:59.119+0000] {data_modification.py:78} INFO - Updated row with Video_ID: 3-f9DEFsh4w
[2025-10-22T15:36:59.122+0000] {data_modification.py:78} INFO - Updated row with Video_ID: vuOTP206zWM
[2025-10-22T15:36:59.125+0000] {data_modification.py:78} INFO - Updated row with Video_ID: J590MYm0SY8
[2025-10-22T15:36:59.128+0000] {data_modification.py:78} INFO - Updated row with Video_ID: vGB2d5cQJpY
[2025-10-22T15:36:59.131+0000] {data_modification.py:78} INFO - Updated row with Video_ID: M94G0iKYiSM
[2025-10-22T15:36:59.133+0000] {data_modification.py:78} INFO - Updated row with Video_ID: pGYyUssWLTA
[2025-10-22T15:36:59.137+0000] {data_modification.py:78} INFO - Updated row with Video_ID: j7kM8G_AjuY
[2025-10-22T15:36:59.140+0000] {data_modification.py:78} INFO - Updated row with Video_ID: deK-My3Of0o
[2025-10-22T15:36:59.143+0000] {data_modification.py:78} INFO - Updated row with Video_ID: oB8kFFvJdhE
[2025-10-22T15:36:59.145+0000] {data_modification.py:78} INFO - Updated row with Video_ID: X9eXa-Uzuj0
[2025-10-22T15:36:59.148+0000] {data_modification.py:78} INFO - Updated row with Video_ID: GxTVDClFXuc
[2025-10-22T15:36:59.151+0000] {data_modification.py:78} INFO - Updated row with Video_ID: kGaq-Qi9hoE
[2025-10-22T15:36:59.154+0000] {data_modification.py:78} INFO - Updated row with Video_ID: 9zFfp3gzZ88
[2025-10-22T15:36:59.158+0000] {data_modification.py:78} INFO - Updated row with Video_ID: mM2KwBYa-u4
[2025-10-22T15:36:59.161+0000] {data_modification.py:78} INFO - Updated row with Video_ID: WAcmsAISniQ
[2025-10-22T15:36:59.164+0000] {data_modification.py:78} INFO - Updated row with Video_ID: kqUT-s3a6tU
[2025-10-22T15:36:59.167+0000] {data_modification.py:78} INFO - Updated row with Video_ID: NUVglXbGBfs
[2025-10-22T15:36:59.170+0000] {data_modification.py:78} INFO - Updated row with Video_ID: T-v4b3WtPAg
[2025-10-22T15:36:59.172+0000] {data_modification.py:78} INFO - Updated row with Video_ID: m8qGlpcfAIw
[2025-10-22T15:36:59.176+0000] {data_modification.py:78} INFO - Updated row with Video_ID: uZPkMnv8b-o
[2025-10-22T15:36:59.179+0000] {data_modification.py:78} INFO - Updated row with Video_ID: qVLr6SMxvJw
[2025-10-22T15:36:59.182+0000] {data_modification.py:78} INFO - Updated row with Video_ID: 4AigP5OY8JE
[2025-10-22T15:36:59.185+0000] {data_modification.py:78} INFO - Updated row with Video_ID: RMoFUeBVefA
[2025-10-22T15:36:59.188+0000] {data_modification.py:78} INFO - Updated row with Video_ID: ep7S1XnuQLU
[2025-10-22T15:36:59.192+0000] {data_modification.py:78} INFO - Updated row with Video_ID: p6bzNpgbX8Y
[2025-10-22T15:36:59.195+0000] {data_modification.py:78} INFO - Updated row with Video_ID: 6T17licWsQ4
[2025-10-22T15:36:59.197+0000] {data_modification.py:78} INFO - Updated row with Video_ID: 1s6UOlWdpw4
[2025-10-22T15:36:59.200+0000] {data_modification.py:78} INFO - Updated row with Video_ID: 3LuchpUc7PU
[2025-10-22T15:36:59.203+0000] {data_modification.py:78} INFO - Updated row with Video_ID: _f6xCA0-gAo
[2025-10-22T15:36:59.207+0000] {data_modification.py:78} INFO - Updated row with Video_ID: lfD7kMZKuNg
[2025-10-22T15:36:59.210+0000] {data_modification.py:78} INFO - Updated row with Video_ID: ejlkNGm82w4
[2025-10-22T15:36:59.214+0000] {data_modification.py:78} INFO - Updated row with Video_ID: Jtj9rUqlB1Y
[2025-10-22T15:36:59.217+0000] {data_modification.py:78} INFO - Updated row with Video_ID: ZqzFRGH_tMQ
[2025-10-22T15:36:59.220+0000] {data_modification.py:78} INFO - Updated row with Video_ID: 94A-bsumX9A
[2025-10-22T15:36:59.223+0000] {data_modification.py:78} INFO - Updated row with Video_ID: gYaxI_allkQ
[2025-10-22T15:36:59.226+0000] {data_modification.py:78} INFO - Updated row with Video_ID: AjXbO2XfBkE
[2025-10-22T15:36:59.230+0000] {data_modification.py:78} INFO - Updated row with Video_ID: ZQZzR0DUujc
[2025-10-22T15:36:59.233+0000] {data_modification.py:78} INFO - Updated row with Video_ID: -V3-fhJQZkk
[2025-10-22T15:36:59.237+0000] {data_modification.py:78} INFO - Updated row with Video_ID: QX0wvWGW2qg
[2025-10-22T15:36:59.240+0000] {data_modification.py:78} INFO - Updated row with Video_ID: oODUkNQAzXU
[2025-10-22T15:36:59.245+0000] {data_modification.py:78} INFO - Updated row with Video_ID: 2jWZtKTN6jU
[2025-10-22T15:36:59.288+0000] {data_modification.py:78} INFO - Updated row with Video_ID: zsADECFHY8w
[2025-10-22T15:36:59.295+0000] {data_modification.py:78} INFO - Updated row with Video_ID: Feh8o-HmthM
[2025-10-22T15:36:59.299+0000] {data_modification.py:78} INFO - Updated row with Video_ID: 6Xv-LVYZQxk
[2025-10-22T15:36:59.302+0000] {data_modification.py:78} INFO - Updated row with Video_ID: 8-0ZHJHp9g4
[2025-10-22T15:36:59.311+0000] {data_modification.py:78} INFO - Updated row with Video_ID: QqIG0R-KpGk
[2025-10-22T15:36:59.313+0000] {data_modification.py:78} INFO - Updated row with Video_ID: qENpZBzgaUM
[2025-10-22T15:36:59.316+0000] {data_modification.py:78} INFO - Updated row with Video_ID: 4DYBVA4884Y
[2025-10-22T15:36:59.319+0000] {data_modification.py:78} INFO - Updated row with Video_ID: skEf9R0TXkM
[2025-10-22T15:36:59.322+0000] {data_modification.py:78} INFO - Updated row with Video_ID: CnMv_zTXZ38
[2025-10-22T15:36:59.326+0000] {data_modification.py:78} INFO - Updated row with Video_ID: bEIK5ni_Pzs
[2025-10-22T15:36:59.329+0000] {data_modification.py:78} INFO - Updated row with Video_ID: _oZyp4mTzSQ
[2025-10-22T15:36:59.332+0000] {data_modification.py:78} INFO - Updated row with Video_ID: is1LSWbssuA
[2025-10-22T15:36:59.335+0000] {data_modification.py:78} INFO - Updated row with Video_ID: XR_q9_LEKuc
[2025-10-22T15:36:59.338+0000] {data_modification.py:78} INFO - Updated row with Video_ID: X9UiBpDHW3w
[2025-10-22T15:36:59.342+0000] {data_modification.py:78} INFO - Updated row with Video_ID: PRU47AuQF2M
[2025-10-22T15:36:59.344+0000] {data_modification.py:78} INFO - Updated row with Video_ID: Y3Rxgf5_R_I
[2025-10-22T15:36:59.348+0000] {data_modification.py:78} INFO - Updated row with Video_ID: R6zuvKbvKyU
[2025-10-22T15:36:59.351+0000] {data_modification.py:78} INFO - Updated row with Video_ID: yCKe65Nvp0Q
[2025-10-22T15:36:59.354+0000] {data_modification.py:78} INFO - Updated row with Video_ID: XBe57FyB2xU
[2025-10-22T15:36:59.357+0000] {data_modification.py:78} INFO - Updated row with Video_ID: zpCwHwWgbsI
[2025-10-22T15:36:59.360+0000] {data_modification.py:78} INFO - Updated row with Video_ID: lh61MVUxJt0
[2025-10-22T15:36:59.363+0000] {data_modification.py:78} INFO - Updated row with Video_ID: yWnmEPgLroQ
[2025-10-22T15:36:59.365+0000] {data_modification.py:78} INFO - Updated row with Video_ID: eBklqeeIu10
[2025-10-22T15:36:59.369+0000] {data_modification.py:78} INFO - Updated row with Video_ID: SgMydsOucFg
[2025-10-22T15:36:59.371+0000] {data_modification.py:78} INFO - Updated row with Video_ID: jPm3hRiMKuU
[2025-10-22T15:36:59.374+0000] {data_modification.py:78} INFO - Updated row with Video_ID: OweuuinkVZI
[2025-10-22T15:36:59.378+0000] {data_modification.py:78} INFO - Updated row with Video_ID: 7Pr0HP-Trgk
[2025-10-22T15:36:59.381+0000] {data_modification.py:78} INFO - Updated row with Video_ID: UEK0fYAqMss
[2025-10-22T15:36:59.384+0000] {data_modification.py:78} INFO - Updated row with Video_ID: lRznKN2oPUc
[2025-10-22T15:36:59.387+0000] {data_modification.py:78} INFO - Updated row with Video_ID: IDrS_TrjuK4
[2025-10-22T15:36:59.390+0000] {data_modification.py:78} INFO - Updated row with Video_ID: J1lhxfZtR3M
[2025-10-22T15:36:59.393+0000] {data_modification.py:78} INFO - Updated row with Video_ID: b_o8cz0ZNdk
[2025-10-22T15:36:59.397+0000] {data_modification.py:78} INFO - Updated row with Video_ID: i5dhcAxO25Q
[2025-10-22T15:36:59.400+0000] {data_modification.py:78} INFO - Updated row with Video_ID: -o_8CDbFMJ0
[2025-10-22T15:36:59.402+0000] {data_modification.py:78} INFO - Updated row with Video_ID: v5J1Cycn3s8
[2025-10-22T15:36:59.405+0000] {data_modification.py:78} INFO - Updated row with Video_ID: YJiqYG-Mylk
[2025-10-22T15:36:59.409+0000] {data_modification.py:78} INFO - Updated row with Video_ID: jGE1sUTeR5g
[2025-10-22T15:36:59.412+0000] {data_modification.py:78} INFO - Updated row with Video_ID: 0tZCQ25fsoI
[2025-10-22T15:36:59.415+0000] {data_modification.py:78} INFO - Updated row with Video_ID: N9jTogPwqVY
[2025-10-22T15:36:59.419+0000] {data_modification.py:78} INFO - Updated row with Video_ID: yyJ7xEcENNI
[2025-10-22T15:36:59.422+0000] {data_modification.py:78} INFO - Updated row with Video_ID: 3rJgCGMPEqA
[2025-10-22T15:36:59.425+0000] {data_modification.py:78} INFO - Updated row with Video_ID: 7isfkomGg7o
[2025-10-22T15:36:59.429+0000] {data_modification.py:78} INFO - Updated row with Video_ID: UCYefSGBP00
[2025-10-22T15:36:59.431+0000] {data_modification.py:78} INFO - Updated row with Video_ID: dvdGkRK5a_0
[2025-10-22T15:36:59.434+0000] {data_modification.py:78} INFO - Updated row with Video_ID: X7doE4h6W64
[2025-10-22T15:36:59.438+0000] {data_modification.py:78} INFO - Updated row with Video_ID: GhppzOzN3MM
[2025-10-22T15:36:59.441+0000] {data_modification.py:78} INFO - Updated row with Video_ID: QkXDatNdL4U
[2025-10-22T15:36:59.445+0000] {data_modification.py:78} INFO - Updated row with Video_ID: hyt2t4r8lQ4
[2025-10-22T15:36:59.453+0000] {data_modification.py:78} INFO - Updated row with Video_ID: -mlok5iT3GE
[2025-10-22T15:36:59.456+0000] {data_modification.py:78} INFO - Updated row with Video_ID: STvOHHgJ1sQ
[2025-10-22T15:36:59.459+0000] {data_modification.py:78} INFO - Updated row with Video_ID: 2-ErX5oDzwM
[2025-10-22T15:36:59.462+0000] {data_modification.py:78} INFO - Updated row with Video_ID: 7ytYV-tVIvg
[2025-10-22T15:36:59.466+0000] {data_modification.py:78} INFO - Updated row with Video_ID: ELIoOUKSOJQ
[2025-10-22T15:36:59.469+0000] {data_modification.py:78} INFO - Updated row with Video_ID: uAoayezOaug
[2025-10-22T15:36:59.472+0000] {data_modification.py:78} INFO - Updated row with Video_ID: Vr2337tCLCI
[2025-10-22T15:36:59.476+0000] {data_modification.py:78} INFO - Updated row with Video_ID: NV7qmqbS8tM
[2025-10-22T15:36:59.480+0000] {data_modification.py:78} INFO - Updated row with Video_ID: U9c-ycvw02A
[2025-10-22T15:36:59.484+0000] {data_modification.py:78} INFO - Updated row with Video_ID: GfgcVOuHLAo
[2025-10-22T15:36:59.487+0000] {data_modification.py:78} INFO - Updated row with Video_ID: zi7tZ-2PhLk
[2025-10-22T15:36:59.490+0000] {data_modification.py:78} INFO - Updated row with Video_ID: TacjQmKCiZg
[2025-10-22T15:36:59.494+0000] {data_modification.py:78} INFO - Updated row with Video_ID: AIytwdufwW8
[2025-10-22T15:36:59.497+0000] {data_modification.py:78} INFO - Updated row with Video_ID: KLAI0c0Spog
[2025-10-22T15:36:59.500+0000] {data_modification.py:78} INFO - Updated row with Video_ID: UVin8WtE5eU
[2025-10-22T15:36:59.503+0000] {data_modification.py:78} INFO - Updated row with Video_ID: wNuxirsrwBk
[2025-10-22T15:36:59.506+0000] {data_modification.py:78} INFO - Updated row with Video_ID: 6bxZpS0cm5o
[2025-10-22T15:36:59.509+0000] {data_modification.py:78} INFO - Updated row with Video_ID: ajJbMGq9AS4
[2025-10-22T15:36:59.512+0000] {data_modification.py:78} INFO - Updated row with Video_ID: UXw9jqgJNNc
[2025-10-22T15:36:59.515+0000] {data_modification.py:78} INFO - Updated row with Video_ID: E3CqKvlzl-I
[2025-10-22T15:36:59.517+0000] {data_modification.py:78} INFO - Updated row with Video_ID: zfDr05ax0gM
[2025-10-22T15:36:59.520+0000] {data_modification.py:78} INFO - Updated row with Video_ID: 56OkH6ocYZU
[2025-10-22T15:36:59.523+0000] {data_modification.py:78} INFO - Updated row with Video_ID: w40Z8aT5fpQ
[2025-10-22T15:36:59.527+0000] {data_modification.py:78} INFO - Updated row with Video_ID: zgDezsMQyyU
[2025-10-22T15:36:59.529+0000] {data_modification.py:78} INFO - Updated row with Video_ID: UEwnitHoSDw
[2025-10-22T15:36:59.532+0000] {data_modification.py:78} INFO - Updated row with Video_ID: __SaaKSW9iE
[2025-10-22T15:36:59.534+0000] {data_modification.py:78} INFO - Updated row with Video_ID: qWnyJ55KBKo
[2025-10-22T15:36:59.537+0000] {data_modification.py:78} INFO - Updated row with Video_ID: 52awie9G00A
[2025-10-22T15:36:59.540+0000] {data_modification.py:78} INFO - Updated row with Video_ID: bB99NdUoxEQ
[2025-10-22T15:36:59.543+0000] {data_modification.py:78} INFO - Updated row with Video_ID: 7GjSaNi8Epg
[2025-10-22T15:36:59.545+0000] {data_modification.py:78} INFO - Updated row with Video_ID: h5uE4ERMiTk
[2025-10-22T15:36:59.548+0000] {data_modification.py:78} INFO - Updated row with Video_ID: umRLkCrmwcs
[2025-10-22T15:36:59.551+0000] {data_modification.py:78} INFO - Updated row with Video_ID: rHoLyltYDtQ
[2025-10-22T15:36:59.553+0000] {data_modification.py:78} INFO - Updated row with Video_ID: yeHjsYQ076A
[2025-10-22T15:36:59.556+0000] {data_modification.py:78} INFO - Updated row with Video_ID: pqrdPu2ESFo
[2025-10-22T15:36:59.559+0000] {data_modification.py:78} INFO - Updated row with Video_ID: ywZy_Fo2ydo
[2025-10-22T15:36:59.562+0000] {data_modification.py:78} INFO - Updated row with Video_ID: qr4v9pdfVlU
[2025-10-22T15:36:59.564+0000] {data_modification.py:78} INFO - Updated row with Video_ID: hgiPX33AHas
[2025-10-22T15:36:59.567+0000] {data_modification.py:78} INFO - Updated row with Video_ID: oZ-Mn5p1xMw
[2025-10-22T15:36:59.570+0000] {data_modification.py:78} INFO - Updated row with Video_ID: 5UPa_hu5opg
[2025-10-22T15:36:59.573+0000] {data_modification.py:78} INFO - Updated row with Video_ID: zv_oq5UNDAo
[2025-10-22T15:36:59.576+0000] {data_modification.py:78} INFO - Updated row with Video_ID: NiqkH7qVW0U
[2025-10-22T15:36:59.579+0000] {data_modification.py:78} INFO - Updated row with Video_ID: boBokLXe5o8
[2025-10-22T15:36:59.581+0000] {data_modification.py:78} INFO - Updated row with Video_ID: 7YOzgk-U4EU
[2025-10-22T15:36:59.583+0000] {data_modification.py:78} INFO - Updated row with Video_ID: prdSftLj9-g
[2025-10-22T15:36:59.586+0000] {data_modification.py:78} INFO - Updated row with Video_ID: pzlPJmNyepA
[2025-10-22T15:36:59.589+0000] {data_modification.py:78} INFO - Updated row with Video_ID: QNoqAnJOSqU
[2025-10-22T15:36:59.592+0000] {data_modification.py:78} INFO - Updated row with Video_ID: kzIA4vKyhRQ
[2025-10-22T15:36:59.595+0000] {data_modification.py:78} INFO - Updated row with Video_ID: DfonKqMENrg
[2025-10-22T15:36:59.597+0000] {data_modification.py:78} INFO - Updated row with Video_ID: MUQCwdkEbq0
[2025-10-22T15:36:59.601+0000] {data_modification.py:78} INFO - Updated row with Video_ID: JlUzoQN9FWw
[2025-10-22T15:36:59.603+0000] {data_modification.py:78} INFO - Updated row with Video_ID: 0VjLq-go1fg
[2025-10-22T15:36:59.606+0000] {data_modification.py:78} INFO - Updated row with Video_ID: uCIpW9zOmgI
[2025-10-22T15:36:59.608+0000] {data_modification.py:78} INFO - Updated row with Video_ID: Z0Poefgrs4w
[2025-10-22T15:36:59.611+0000] {data_modification.py:78} INFO - Updated row with Video_ID: MLN6TRB9Jxw
[2025-10-22T15:36:59.613+0000] {data_modification.py:78} INFO - Updated row with Video_ID: vZrL_FFITgs
[2025-10-22T15:36:59.616+0000] {data_modification.py:78} INFO - Updated row with Video_ID: L7lGD_anC00
[2025-10-22T15:36:59.618+0000] {data_modification.py:78} INFO - Updated row with Video_ID: xu1nhAfnMGA
[2025-10-22T15:36:59.621+0000] {data_modification.py:78} INFO - Updated row with Video_ID: D1livXdFGkQ
[2025-10-22T15:36:59.624+0000] {data_modification.py:78} INFO - Updated row with Video_ID: bwp_3qLgWpQ
[2025-10-22T15:36:59.627+0000] {data_modification.py:78} INFO - Updated row with Video_ID: tZpnfF0-7Ls
[2025-10-22T15:36:59.630+0000] {data_modification.py:78} INFO - Updated row with Video_ID: BwAMltY3-c0
[2025-10-22T15:36:59.633+0000] {data_modification.py:78} INFO - Updated row with Video_ID: 7HBR3Ea72CY
[2025-10-22T15:36:59.635+0000] {data_modification.py:78} INFO - Updated row with Video_ID: Ds9H2UnUHL0
[2025-10-22T15:36:59.637+0000] {data_modification.py:78} INFO - Updated row with Video_ID: iqUFeWAVp-0
[2025-10-22T15:36:59.641+0000] {data_modification.py:78} INFO - Updated row with Video_ID: W2skFWRk6qo
[2025-10-22T15:36:59.643+0000] {data_modification.py:78} INFO - Updated row with Video_ID: X_qd-1xSTFA
[2025-10-22T15:36:59.647+0000] {data_modification.py:78} INFO - Updated row with Video_ID: VWa0ImMY2bQ
[2025-10-22T15:36:59.650+0000] {data_modification.py:78} INFO - Updated row with Video_ID: fEcASr38n2E
[2025-10-22T15:36:59.653+0000] {data_modification.py:78} INFO - Updated row with Video_ID: udmf5MQLNGA
[2025-10-22T15:36:59.655+0000] {data_modification.py:78} INFO - Updated row with Video_ID: 0dg2eR2NSQ0
[2025-10-22T15:36:59.659+0000] {data_modification.py:78} INFO - Updated row with Video_ID: 6BNOWeYFyP8
[2025-10-22T15:36:59.662+0000] {data_modification.py:78} INFO - Updated row with Video_ID: LDegY-H60_U
[2025-10-22T15:36:59.664+0000] {data_modification.py:78} INFO - Updated row with Video_ID: D51HaR-XvgM
[2025-10-22T15:36:59.667+0000] {data_modification.py:78} INFO - Updated row with Video_ID: Rio7r_vLUEo
[2025-10-22T15:36:59.669+0000] {data_modification.py:78} INFO - Updated row with Video_ID: 8E5Ygl02wtM
[2025-10-22T15:36:59.672+0000] {data_modification.py:78} INFO - Updated row with Video_ID: moMJjt5KECc
[2025-10-22T15:36:59.675+0000] {data_modification.py:78} INFO - Updated row with Video_ID: OffgqPzDi7Q
[2025-10-22T15:36:59.678+0000] {data_modification.py:78} INFO - Updated row with Video_ID: B_7uD3B62MM
[2025-10-22T15:36:59.680+0000] {data_modification.py:78} INFO - Updated row with Video_ID: bA20RJcegOI
[2025-10-22T15:36:59.683+0000] {data_modification.py:78} INFO - Updated row with Video_ID: NbHwVDt9Rjk
[2025-10-22T15:36:59.686+0000] {data_modification.py:78} INFO - Updated row with Video_ID: VzsE09KjpKA
[2025-10-22T15:36:59.689+0000] {data_modification.py:78} INFO - Updated row with Video_ID: HduubRTdko4
[2025-10-22T15:36:59.693+0000] {data_modification.py:78} INFO - Updated row with Video_ID: qFOGv5zuTdw
[2025-10-22T15:36:59.696+0000] {data_modification.py:78} INFO - Updated row with Video_ID: u6t4jrhs56Q
[2025-10-22T15:36:59.700+0000] {data_modification.py:78} INFO - Updated row with Video_ID: 460GXJiGCEs
[2025-10-22T15:36:59.706+0000] {data_modification.py:78} INFO - Updated row with Video_ID: ZiuoOcj2eLY
[2025-10-22T15:36:59.710+0000] {data_modification.py:78} INFO - Updated row with Video_ID: LYK6SPMtJ_Y
[2025-10-22T15:36:59.715+0000] {data_modification.py:78} INFO - Updated row with Video_ID: 2ljWxaMvE_0
[2025-10-22T15:36:59.718+0000] {data_modification.py:78} INFO - Updated row with Video_ID: rSuuQ_s8gOw
[2025-10-22T15:36:59.724+0000] {data_modification.py:78} INFO - Updated row with Video_ID: vKKhX-Uyggw
[2025-10-22T15:36:59.731+0000] {data_modification.py:78} INFO - Updated row with Video_ID: EAwXH82m-6A
[2025-10-22T15:36:59.736+0000] {data_modification.py:78} INFO - Updated row with Video_ID: U_07AG_CR5A
[2025-10-22T15:36:59.741+0000] {data_modification.py:78} INFO - Updated row with Video_ID: Xe0AGtF5aNU
[2025-10-22T15:36:59.747+0000] {data_modification.py:78} INFO - Updated row with Video_ID: NCv0drAPm_M
[2025-10-22T15:36:59.752+0000] {data_modification.py:78} INFO - Updated row with Video_ID: HuLAAXZXIy0
[2025-10-22T15:36:59.757+0000] {data_modification.py:78} INFO - Updated row with Video_ID: pV7UcYW1OwA
[2025-10-22T15:36:59.762+0000] {data_modification.py:78} INFO - Updated row with Video_ID: x4IXCimma-s
[2025-10-22T15:36:59.765+0000] {data_modification.py:78} INFO - Updated row with Video_ID: anZbhN0Wh_4
[2025-10-22T15:36:59.769+0000] {data_modification.py:78} INFO - Updated row with Video_ID: 3Q3pQmzWyZM
[2025-10-22T15:36:59.773+0000] {data_modification.py:78} INFO - Updated row with Video_ID: BqS4iVHa-LU
[2025-10-22T15:36:59.777+0000] {data_modification.py:78} INFO - Updated row with Video_ID: zX04jQFKCpo
[2025-10-22T15:36:59.781+0000] {data_modification.py:78} INFO - Updated row with Video_ID: G7Y9ban7b0U
[2025-10-22T15:36:59.785+0000] {data_modification.py:78} INFO - Updated row with Video_ID: EMVvA5Cr0fY
[2025-10-22T15:36:59.788+0000] {data_modification.py:78} INFO - Updated row with Video_ID: e14MroQ5k_s
[2025-10-22T15:36:59.793+0000] {data_modification.py:78} INFO - Updated row with Video_ID: CuzdxsOXEZ8
[2025-10-22T15:36:59.797+0000] {data_modification.py:78} INFO - Updated row with Video_ID: 67Wj-0OyKOM
[2025-10-22T15:36:59.800+0000] {data_modification.py:78} INFO - Updated row with Video_ID: LWstCINhd8g
[2025-10-22T15:36:59.803+0000] {data_modification.py:78} INFO - Updated row with Video_ID: dg6iqLCPizs
[2025-10-22T15:36:59.807+0000] {data_modification.py:78} INFO - Updated row with Video_ID: cRPldarzw-M
[2025-10-22T15:36:59.811+0000] {data_modification.py:78} INFO - Updated row with Video_ID: -rdYtmUejSE
[2025-10-22T15:36:59.814+0000] {data_modification.py:78} INFO - Updated row with Video_ID: tusuuI7MEJU
[2025-10-22T15:36:59.817+0000] {data_modification.py:78} INFO - Updated row with Video_ID: XDe5f8BEvwY
[2025-10-22T15:36:59.821+0000] {data_modification.py:78} INFO - Updated row with Video_ID: BtCGABBPH9s
[2025-10-22T15:36:59.825+0000] {data_modification.py:78} INFO - Updated row with Video_ID: KJ_C_NSl0P8
[2025-10-22T15:36:59.829+0000] {data_modification.py:78} INFO - Updated row with Video_ID: LI8nWXeYtOs
[2025-10-22T15:36:59.832+0000] {data_modification.py:78} INFO - Updated row with Video_ID: LMe7k8I082w
[2025-10-22T15:36:59.835+0000] {data_modification.py:78} INFO - Updated row with Video_ID: h77pHTSPSiw
[2025-10-22T15:36:59.839+0000] {data_modification.py:78} INFO - Updated row with Video_ID: JUiijjJOInw
[2025-10-22T15:36:59.842+0000] {data_modification.py:78} INFO - Updated row with Video_ID: gpbY6zCEBv4
[2025-10-22T15:36:59.845+0000] {data_modification.py:78} INFO - Updated row with Video_ID: Kgu2ApayYvI
[2025-10-22T15:36:59.848+0000] {data_modification.py:78} INFO - Updated row with Video_ID: S9PIukDRcvk
[2025-10-22T15:36:59.852+0000] {data_modification.py:78} INFO - Updated row with Video_ID: lrw3zkGS9Vc
[2025-10-22T15:36:59.854+0000] {data_modification.py:78} INFO - Updated row with Video_ID: IQYW_lVBYGo
[2025-10-22T15:36:59.858+0000] {data_modification.py:78} INFO - Updated row with Video_ID: iOjxpow6jow
[2025-10-22T15:36:59.861+0000] {data_modification.py:78} INFO - Updated row with Video_ID: GdD2pqAdjXY
[2025-10-22T15:36:59.865+0000] {data_modification.py:78} INFO - Updated row with Video_ID: nmHCmLVLxcU
[2025-10-22T15:36:59.867+0000] {data_modification.py:78} INFO - Updated row with Video_ID: TZPlDuYrcDQ
[2025-10-22T15:36:59.870+0000] {data_modification.py:78} INFO - Updated row with Video_ID: Oub4nMrNTqQ
[2025-10-22T15:36:59.874+0000] {data_modification.py:78} INFO - Updated row with Video_ID: h5Z36IuyrKc
[2025-10-22T15:36:59.877+0000] {data_modification.py:78} INFO - Updated row with Video_ID: 2IGxSOfsBok
[2025-10-22T15:36:59.880+0000] {data_modification.py:78} INFO - Updated row with Video_ID: ZxkLCq49Tvk
[2025-10-22T15:36:59.884+0000] {data_modification.py:78} INFO - Updated row with Video_ID: smDPnIdlkhM
[2025-10-22T15:36:59.887+0000] {data_modification.py:78} INFO - Updated row with Video_ID: DjMYkWCEan8
[2025-10-22T15:36:59.892+0000] {data_modification.py:78} INFO - Updated row with Video_ID: 3nn_skHgkqI
[2025-10-22T15:36:59.896+0000] {data_modification.py:78} INFO - Updated row with Video_ID: A8IkOqb_7Yg
[2025-10-22T15:36:59.899+0000] {data_modification.py:78} INFO - Updated row with Video_ID: hHl_YMivv3c
[2025-10-22T15:36:59.903+0000] {data_modification.py:78} INFO - Updated row with Video_ID: 7mLSbgyjM0g
[2025-10-22T15:36:59.906+0000] {data_modification.py:78} INFO - Updated row with Video_ID: TGKkMl17Htg
[2025-10-22T15:36:59.910+0000] {data_modification.py:78} INFO - Updated row with Video_ID: Qw3eFnsSdlQ
[2025-10-22T15:36:59.913+0000] {data_modification.py:78} INFO - Updated row with Video_ID: KcNCJ1mgt14
[2025-10-22T15:36:59.916+0000] {data_modification.py:78} INFO - Updated row with Video_ID: A4lp4FRCo6o
[2025-10-22T15:36:59.919+0000] {data_modification.py:78} INFO - Updated row with Video_ID: WYKZz3Zygdc
[2025-10-22T15:36:59.922+0000] {data_modification.py:78} INFO - Updated row with Video_ID: 5U2fmvh9_Is
[2025-10-22T15:36:59.926+0000] {data_modification.py:78} INFO - Updated row with Video_ID: xvIpibLjs5k
[2025-10-22T15:36:59.929+0000] {data_modification.py:78} INFO - Updated row with Video_ID: jlpAON0ePME
[2025-10-22T15:36:59.933+0000] {data_modification.py:78} INFO - Updated row with Video_ID: sfp0a6zDoNQ
[2025-10-22T15:36:59.936+0000] {data_modification.py:78} INFO - Updated row with Video_ID: RaDRWNz3Al4
[2025-10-22T15:36:59.939+0000] {data_modification.py:78} INFO - Updated row with Video_ID: Ms9MGkEm4mg
[2025-10-22T15:36:59.943+0000] {data_modification.py:78} INFO - Updated row with Video_ID: 90wWStXJX5c
[2025-10-22T15:36:59.947+0000] {data_modification.py:78} INFO - Updated row with Video_ID: ruSVy-u2DzM
[2025-10-22T15:36:59.950+0000] {data_modification.py:78} INFO - Updated row with Video_ID: pP1KMQb51GA
[2025-10-22T15:36:59.953+0000] {data_modification.py:78} INFO - Updated row with Video_ID: dPxAFqs2eYE
[2025-10-22T15:36:59.957+0000] {data_modification.py:78} INFO - Updated row with Video_ID: p-KVD5rA_Cw
[2025-10-22T15:36:59.961+0000] {data_modification.py:78} INFO - Updated row with Video_ID: JdCgkcb1iwQ
[2025-10-22T15:36:59.964+0000] {data_modification.py:78} INFO - Updated row with Video_ID: 7anhkLPRk-A
[2025-10-22T15:36:59.967+0000] {data_modification.py:78} INFO - Updated row with Video_ID: XVMY7B3AzWM
[2025-10-22T15:36:59.970+0000] {data_modification.py:78} INFO - Updated row with Video_ID: QXag-irFHxE
[2025-10-22T15:36:59.974+0000] {data_modification.py:78} INFO - Updated row with Video_ID: vBEGODNmdas
[2025-10-22T15:36:59.977+0000] {data_modification.py:78} INFO - Updated row with Video_ID: v3tbnlc5cfo
[2025-10-22T15:36:59.980+0000] {data_modification.py:78} INFO - Updated row with Video_ID: ObYLL97-SBA
[2025-10-22T15:36:59.983+0000] {data_modification.py:78} INFO - Updated row with Video_ID: IaR7P4-wFK8
[2025-10-22T15:36:59.986+0000] {data_modification.py:78} INFO - Updated row with Video_ID: v1ELS84GQu8
[2025-10-22T15:36:59.989+0000] {data_modification.py:78} INFO - Updated row with Video_ID: ctJORnOjbrQ
[2025-10-22T15:36:59.993+0000] {data_modification.py:78} INFO - Updated row with Video_ID: -hrPQFaDVKQ
[2025-10-22T15:36:59.996+0000] {data_modification.py:78} INFO - Updated row with Video_ID: bIZ5_L1ru2w
[2025-10-22T15:36:59.999+0000] {data_modification.py:78} INFO - Updated row with Video_ID: yyssjJEJMt4
[2025-10-22T15:37:00.001+0000] {data_modification.py:78} INFO - Updated row with Video_ID: 2bwPntvb90U
[2025-10-22T15:37:00.012+0000] {data_modification.py:78} INFO - Updated row with Video_ID: Wz1VHTZq16c
[2025-10-22T15:37:00.020+0000] {data_modification.py:78} INFO - Updated row with Video_ID: Cs-kyTJso-A
[2025-10-22T15:37:00.027+0000] {data_modification.py:78} INFO - Updated row with Video_ID: jkqd-oc0F00
[2025-10-22T15:37:00.032+0000] {data_modification.py:78} INFO - Updated row with Video_ID: mVkT6Cd9SoI
[2025-10-22T15:37:00.036+0000] {data_modification.py:78} INFO - Updated row with Video_ID: rffyxTTNkyk
[2025-10-22T15:37:00.040+0000] {data_modification.py:78} INFO - Updated row with Video_ID: OOesLeO6-pc
[2025-10-22T15:37:00.043+0000] {data_modification.py:78} INFO - Updated row with Video_ID: Q5lcjP6XlHw
[2025-10-22T15:37:00.047+0000] {data_modification.py:78} INFO - Updated row with Video_ID: sE3ZZmYotSs
[2025-10-22T15:37:00.050+0000] {data_modification.py:78} INFO - Updated row with Video_ID: pUwUAtmBKxw
[2025-10-22T15:37:00.053+0000] {data_modification.py:78} INFO - Updated row with Video_ID: p5rGgPZtjDw
[2025-10-22T15:37:00.056+0000] {data_modification.py:78} INFO - Updated row with Video_ID: bWDmDsdvoBs
[2025-10-22T15:37:00.060+0000] {data_modification.py:78} INFO - Updated row with Video_ID: OJA1QK-j-Oo
[2025-10-22T15:37:00.063+0000] {data_modification.py:78} INFO - Updated row with Video_ID: KL1X8NsVGd0
[2025-10-22T15:37:00.066+0000] {data_modification.py:78} INFO - Updated row with Video_ID: q2HoSwCMcZw
[2025-10-22T15:37:00.068+0000] {data_modification.py:78} INFO - Updated row with Video_ID: RRknlgRqOds
[2025-10-22T15:37:00.071+0000] {data_modification.py:78} INFO - Updated row with Video_ID: j93M46a-W3U
[2025-10-22T15:37:00.075+0000] {data_modification.py:78} INFO - Updated row with Video_ID: uqjfMNEWNIg
[2025-10-22T15:37:00.078+0000] {data_modification.py:78} INFO - Updated row with Video_ID: X-g9aT2wFjM
[2025-10-22T15:37:00.081+0000] {data_modification.py:78} INFO - Updated row with Video_ID: pHKlrJeKmjA
[2025-10-22T15:37:00.084+0000] {data_modification.py:78} INFO - Updated row with Video_ID: C82suucz4i4
[2025-10-22T15:37:00.087+0000] {data_modification.py:78} INFO - Updated row with Video_ID: H_DYlka7QAQ
[2025-10-22T15:37:00.091+0000] {data_modification.py:78} INFO - Updated row with Video_ID: ov0KQthQ50U
[2025-10-22T15:37:00.094+0000] {data_modification.py:78} INFO - Updated row with Video_ID: MC-7ziNt_U4
[2025-10-22T15:37:00.097+0000] {data_modification.py:78} INFO - Updated row with Video_ID: PNsF1Uh5yP8
[2025-10-22T15:37:00.100+0000] {data_modification.py:78} INFO - Updated row with Video_ID: 9Y2sAtN5yRs
[2025-10-22T15:37:00.103+0000] {data_modification.py:78} INFO - Updated row with Video_ID: -z349CGAOXs
[2025-10-22T15:37:00.106+0000] {data_modification.py:78} INFO - Updated row with Video_ID: pl4xmh3RWfE
[2025-10-22T15:37:00.109+0000] {data_modification.py:78} INFO - Updated row with Video_ID: 6z5RwrvnH28
[2025-10-22T15:37:00.112+0000] {data_modification.py:78} INFO - Updated row with Video_ID: ivdQqobHDPc
[2025-10-22T15:37:00.115+0000] {data_modification.py:78} INFO - Updated row with Video_ID: uUIlb2rpIuY
[2025-10-22T15:37:00.118+0000] {data_modification.py:78} INFO - Updated row with Video_ID: Ros1PpcO5Js
[2025-10-22T15:37:00.120+0000] {data_modification.py:78} INFO - Updated row with Video_ID: KYv1nqutbK0
[2025-10-22T15:37:00.124+0000] {data_modification.py:78} INFO - Updated row with Video_ID: 7Yi-ctyTNU4
[2025-10-22T15:37:00.127+0000] {data_modification.py:78} INFO - Updated row with Video_ID: VN2-3OfUzd8
[2025-10-22T15:37:00.130+0000] {data_modification.py:78} INFO - Updated row with Video_ID: -2IFrMOM36w
[2025-10-22T15:37:00.132+0000] {data_modification.py:78} INFO - Updated row with Video_ID: 7dIFHQkrASM
[2025-10-22T15:37:00.135+0000] {data_modification.py:78} INFO - Updated row with Video_ID: QicO1Gd0kvU
[2025-10-22T15:37:00.138+0000] {data_modification.py:78} INFO - Updated row with Video_ID: yFfcsmK2TOA
[2025-10-22T15:37:00.141+0000] {data_modification.py:78} INFO - Updated row with Video_ID: Jl0-6tbNGBo
[2025-10-22T15:37:00.144+0000] {data_modification.py:78} INFO - Updated row with Video_ID: IAbX0FwX-GY
[2025-10-22T15:37:00.149+0000] {data_modification.py:78} INFO - Updated row with Video_ID: XKSJRulqDNA
[2025-10-22T15:37:00.151+0000] {data_modification.py:78} INFO - Updated row with Video_ID: jysfHFHNjYQ
[2025-10-22T15:37:00.154+0000] {data_modification.py:78} INFO - Updated row with Video_ID: Yox25V8Qsm4
[2025-10-22T15:37:00.157+0000] {data_modification.py:78} INFO - Updated row with Video_ID: clcN3OA8SNw
[2025-10-22T15:37:00.160+0000] {data_modification.py:78} INFO - Updated row with Video_ID: m3lTwO0aNyw
[2025-10-22T15:37:00.163+0000] {data_modification.py:78} INFO - Updated row with Video_ID: gchqnwXlxJw
[2025-10-22T15:37:00.165+0000] {data_modification.py:78} INFO - Updated row with Video_ID: atCPtw4dg7g
[2025-10-22T15:37:00.168+0000] {data_modification.py:78} INFO - Updated row with Video_ID: t8aM4HuVLrQ
[2025-10-22T15:37:00.170+0000] {data_modification.py:78} INFO - Updated row with Video_ID: M82VAcabSiA
[2025-10-22T15:37:00.173+0000] {data_modification.py:78} INFO - Updated row with Video_ID: 7qj3nuF9Dzw
[2025-10-22T15:37:00.176+0000] {data_modification.py:78} INFO - Updated row with Video_ID: Y74b7WlcEpk
[2025-10-22T15:37:00.179+0000] {data_modification.py:78} INFO - Updated row with Video_ID: Z8nEEdXTaX0
[2025-10-22T15:37:00.182+0000] {data_modification.py:78} INFO - Updated row with Video_ID: jP82d277Cc8
[2025-10-22T15:37:00.184+0000] {data_modification.py:78} INFO - Updated row with Video_ID: 2XVcLrB7B3Y
[2025-10-22T15:37:00.185+0000] {dataware_house.py:54} INFO - staging table update completed
[2025-10-22T15:37:00.186+0000] {python.py:237} INFO - Done. Returned value was: None
[2025-10-22T15:37:00.187+0000] {taskinstance.py:441} INFO - ::group::Post task execution logs
[2025-10-22T15:37:00.200+0000] {taskinstance.py:1206} INFO - Marking task as SUCCESS. dag_id=update_db, task_id=staging_table, run_id=manual__2025-10-22T15:36:43.424971+00:00, execution_date=20251022T153643, start_date=20251022T153656, end_date=20251022T153700
[2025-10-22T15:37:00.267+0000] {local_task_job_runner.py:240} INFO - Task exited with return code 0
[2025-10-22T15:37:00.306+0000] {taskinstance.py:3503} INFO - 1 downstream tasks scheduled from follow-on schedule check
[2025-10-22T15:37:00.310+0000] {local_task_job_runner.py:222} INFO - ::endgroup::
