[2025-10-22T15:00:16.369+0000] {local_task_job_runner.py:120} INFO - ::group::Pre task execution logs
[2025-10-22T15:00:16.459+0000] {taskinstance.py:2076} INFO - Dependencies all met for dep_context=non-requeueable deps ti=<TaskInstance: update_db.core_table scheduled__2025-10-21T15:00:00+00:00 [queued]>
[2025-10-22T15:00:16.497+0000] {taskinstance.py:2076} INFO - Dependencies all met for dep_context=requeueable deps ti=<TaskInstance: update_db.core_table scheduled__2025-10-21T15:00:00+00:00 [queued]>
[2025-10-22T15:00:16.506+0000] {taskinstance.py:2306} INFO - Starting attempt 1 of 1
[2025-10-22T15:00:16.572+0000] {taskinstance.py:2330} INFO - Executing <Task(_PythonDecoratedOperator): core_table> on 2025-10-21 15:00:00+00:00
[2025-10-22T15:00:16.593+0000] {standard_task_runner.py:63} INFO - Started process 1750 to run task
[2025-10-22T15:00:16.601+0000] {standard_task_runner.py:90} INFO - Running: ['airflow', 'tasks', 'run', 'update_db', 'core_table', 'scheduled__2025-10-21T15:00:00+00:00', '--job-id', '61', '--raw', '--subdir', 'DAGS_FOLDER/main.py', '--cfg-path', '/tmp/tmpzrdqp12q']
[2025-10-22T15:00:16.612+0000] {standard_task_runner.py:91} INFO - Job 61: Subtask core_table
[2025-10-22T15:00:17.130+0000] {task_command.py:426} INFO - Running <TaskInstance: update_db.core_table scheduled__2025-10-21T15:00:00+00:00 [running]> on host 5adcf1b12c4a
[2025-10-22T15:00:17.441+0000] {taskinstance.py:2648} INFO - Exporting env vars: AIRFLOW_CTX_DAG_EMAIL='gidiboateng200@gmail.com' AIRFLOW_CTX_DAG_OWNER='dataengineers' AIRFLOW_CTX_DAG_ID='update_db' AIRFLOW_CTX_TASK_ID='core_table' AIRFLOW_CTX_EXECUTION_DATE='2025-10-21T15:00:00+00:00' AIRFLOW_CTX_TRY_NUMBER='1' AIRFLOW_CTX_DAG_RUN_ID='scheduled__2025-10-21T15:00:00+00:00'
[2025-10-22T15:00:17.445+0000] {taskinstance.py:430} INFO - ::endgroup::
[2025-10-22T15:00:17.495+0000] {base.py:84} INFO - Using connection ID 'postgres_db_yt_elt' for task execution.
[2025-10-22T15:00:17.514+0000] {base.py:84} INFO - Using connection ID 'postgres_db_yt_elt' for task execution.
[2025-10-22T15:00:17.539+0000] {base.py:84} INFO - Using connection ID 'postgres_db_yt_elt' for task execution.
[2025-10-22T15:00:17.642+0000] {data_modification.py:78} INFO - Updated row with Video_ID: JgJrQnDIRgg
[2025-10-22T15:00:17.647+0000] {data_modification.py:78} INFO - Updated row with Video_ID: gtkqnhN0VkU
[2025-10-22T15:00:17.651+0000] {data_modification.py:78} INFO - Updated row with Video_ID: oBXSvS2QKxU
[2025-10-22T15:00:17.656+0000] {data_modification.py:78} INFO - Updated row with Video_ID: UTdcX1e0cMA
[2025-10-22T15:00:17.660+0000] {data_modification.py:78} INFO - Updated row with Video_ID: oiZvK6MY7tI
[2025-10-22T15:00:17.664+0000] {data_modification.py:78} INFO - Updated row with Video_ID: F0OkwXKcPSE
[2025-10-22T15:00:17.671+0000] {data_modification.py:78} INFO - Updated row with Video_ID: 686PL7rt654
[2025-10-22T15:00:17.683+0000] {data_modification.py:78} INFO - Updated row with Video_ID: zo7i8VTpfNM
[2025-10-22T15:00:17.713+0000] {data_modification.py:78} INFO - Updated row with Video_ID: NfhuGUyWYfQ
[2025-10-22T15:00:17.746+0000] {data_modification.py:78} INFO - Updated row with Video_ID: wIpWCJKfRXs
[2025-10-22T15:00:17.823+0000] {data_modification.py:78} INFO - Updated row with Video_ID: 9Xeepzg1B8I
[2025-10-22T15:00:17.832+0000] {data_modification.py:78} INFO - Updated row with Video_ID: 50G0kIty7Cg
[2025-10-22T15:00:17.839+0000] {data_modification.py:78} INFO - Updated row with Video_ID: 4l97aNza_Zc
[2025-10-22T15:00:17.845+0000] {data_modification.py:78} INFO - Updated row with Video_ID: 3ih2bPKSWsQ
[2025-10-22T15:00:17.863+0000] {data_modification.py:78} INFO - Updated row with Video_ID: uA9Zcg3vHvo
[2025-10-22T15:00:17.878+0000] {data_modification.py:78} INFO - Updated row with Video_ID: _AbFXuGDRTs
[2025-10-22T15:00:17.904+0000] {data_modification.py:78} INFO - Updated row with Video_ID: MOGW3v3pJ5Y
[2025-10-22T15:00:17.920+0000] {data_modification.py:78} INFO - Updated row with Video_ID: XNtTO_339kU
[2025-10-22T15:00:17.982+0000] {data_modification.py:78} INFO - Updated row with Video_ID: rB9NynBZ4go
[2025-10-22T15:00:17.994+0000] {data_modification.py:78} INFO - Updated row with Video_ID: R_BmT1OJw98
[2025-10-22T15:00:18.033+0000] {data_modification.py:78} INFO - Updated row with Video_ID: vpRW4JhzfSE
[2025-10-22T15:00:18.056+0000] {data_modification.py:78} INFO - Updated row with Video_ID: qXW93Cois2s
[2025-10-22T15:00:18.076+0000] {data_modification.py:78} INFO - Updated row with Video_ID: r7f0L48dHpc
[2025-10-22T15:00:18.096+0000] {data_modification.py:78} INFO - Updated row with Video_ID: Z4hVGCWH1Kc
[2025-10-22T15:00:18.136+0000] {data_modification.py:78} INFO - Updated row with Video_ID: zxuICI0kL3s
[2025-10-22T15:00:18.153+0000] {data_modification.py:78} INFO - Updated row with Video_ID: R1SFXJo-FlE
[2025-10-22T15:00:18.172+0000] {data_modification.py:78} INFO - Updated row with Video_ID: lQz5aqjZ3lQ
[2025-10-22T15:00:18.186+0000] {data_modification.py:78} INFO - Updated row with Video_ID: EiFcNbXBqeo
[2025-10-22T15:00:18.192+0000] {data_modification.py:78} INFO - Updated row with Video_ID: pzBi1nwDn8U
[2025-10-22T15:00:18.204+0000] {data_modification.py:78} INFO - Updated row with Video_ID: R7oW0LwS_e4
[2025-10-22T15:00:18.212+0000] {data_modification.py:78} INFO - Updated row with Video_ID: BfKI_TQnQvo
[2025-10-22T15:00:18.220+0000] {data_modification.py:78} INFO - Updated row with Video_ID: FWAdfuPpLOc
[2025-10-22T15:00:18.230+0000] {data_modification.py:78} INFO - Updated row with Video_ID: NjlP2_l1Wr0
[2025-10-22T15:00:18.242+0000] {data_modification.py:78} INFO - Updated row with Video_ID: gGcaGdHlt60
[2025-10-22T15:00:18.254+0000] {data_modification.py:78} INFO - Updated row with Video_ID: pe_ejTiIcSs
[2025-10-22T15:00:18.260+0000] {data_modification.py:78} INFO - Updated row with Video_ID: V6In4tmd-w8
[2025-10-22T15:00:18.269+0000] {data_modification.py:78} INFO - Updated row with Video_ID: ZGvn9ywXjpY
[2025-10-22T15:00:18.276+0000] {data_modification.py:78} INFO - Updated row with Video_ID: hTSaweR8qMI
[2025-10-22T15:00:18.281+0000] {data_modification.py:78} INFO - Updated row with Video_ID: KCRLP-zBacU
[2025-10-22T15:00:18.286+0000] {data_modification.py:78} INFO - Updated row with Video_ID: c2ukL_zjFCk
[2025-10-22T15:00:18.292+0000] {data_modification.py:78} INFO - Updated row with Video_ID: DZIASl9q90s
[2025-10-22T15:00:18.299+0000] {data_modification.py:78} INFO - Updated row with Video_ID: 7qY-qalCI2Y
[2025-10-22T15:00:18.310+0000] {data_modification.py:78} INFO - Updated row with Video_ID: N0pwLtonPdg
[2025-10-22T15:00:18.315+0000] {data_modification.py:78} INFO - Updated row with Video_ID: -4GmbBoYQjE
[2025-10-22T15:00:18.323+0000] {data_modification.py:78} INFO - Updated row with Video_ID: 0yPgljFcTR4
[2025-10-22T15:00:18.327+0000] {data_modification.py:78} INFO - Updated row with Video_ID: TN1wErFGTzM
[2025-10-22T15:00:18.332+0000] {data_modification.py:78} INFO - Updated row with Video_ID: 3dxksf0CzS8
[2025-10-22T15:00:18.337+0000] {data_modification.py:78} INFO - Updated row with Video_ID: uyiG6uw-6pA
[2025-10-22T15:00:18.342+0000] {data_modification.py:78} INFO - Updated row with Video_ID: M1STzb7k9L8
[2025-10-22T15:00:18.347+0000] {data_modification.py:78} INFO - Updated row with Video_ID: 7K-yxGWYsnk
[2025-10-22T15:00:18.355+0000] {data_modification.py:78} INFO - Updated row with Video_ID: Tbn4cYCaZCk
[2025-10-22T15:00:18.361+0000] {data_modification.py:78} INFO - Updated row with Video_ID: figrl0aOULs
[2025-10-22T15:00:18.366+0000] {data_modification.py:78} INFO - Updated row with Video_ID: Uxc84UUrVHk
[2025-10-22T15:00:18.371+0000] {data_modification.py:78} INFO - Updated row with Video_ID: BzKaMelDzqo
[2025-10-22T15:00:18.379+0000] {data_modification.py:78} INFO - Updated row with Video_ID: 4yx9ZJDfyKk
[2025-10-22T15:00:18.389+0000] {data_modification.py:78} INFO - Updated row with Video_ID: kPa_S6jN9ls
[2025-10-22T15:00:18.396+0000] {data_modification.py:78} INFO - Updated row with Video_ID: 69g-YcbmgQA
[2025-10-22T15:00:18.406+0000] {data_modification.py:78} INFO - Updated row with Video_ID: aKq8bkY5eTU
[2025-10-22T15:00:18.415+0000] {data_modification.py:78} INFO - Updated row with Video_ID: TNtpUQbW4mg
[2025-10-22T15:00:18.423+0000] {data_modification.py:78} INFO - Updated row with Video_ID: TgCm8oDmxOk
[2025-10-22T15:00:18.437+0000] {data_modification.py:78} INFO - Updated row with Video_ID: 954wJ3uHVAk
[2025-10-22T15:00:18.444+0000] {data_modification.py:78} INFO - Updated row with Video_ID: zajUgQLviwk
[2025-10-22T15:00:18.450+0000] {data_modification.py:78} INFO - Updated row with Video_ID: PXevNM0awlI
[2025-10-22T15:00:18.456+0000] {data_modification.py:78} INFO - Updated row with Video_ID: PuQ5UxKUY48
[2025-10-22T15:00:18.462+0000] {data_modification.py:78} INFO - Updated row with Video_ID: L5ihmu87xTE
[2025-10-22T15:00:18.469+0000] {data_modification.py:78} INFO - Updated row with Video_ID: nAiKLoCP-kU
[2025-10-22T15:00:18.479+0000] {data_modification.py:78} INFO - Updated row with Video_ID: NDsO1LT_0lw
[2025-10-22T15:00:18.488+0000] {data_modification.py:78} INFO - Updated row with Video_ID: sF5LYGgKbUA
[2025-10-22T15:00:18.495+0000] {data_modification.py:78} INFO - Updated row with Video_ID: MFpWEKN9c6Y
[2025-10-22T15:00:18.500+0000] {data_modification.py:78} INFO - Updated row with Video_ID: TRxMLLuWIhw
[2025-10-22T15:00:18.508+0000] {data_modification.py:78} INFO - Updated row with Video_ID: SM66GDRyIVY
[2025-10-22T15:00:18.512+0000] {data_modification.py:78} INFO - Updated row with Video_ID: EvqtfK_RaRg
[2025-10-22T15:00:18.516+0000] {data_modification.py:78} INFO - Updated row with Video_ID: 3cWm9B_0_kI
[2025-10-22T15:00:18.523+0000] {data_modification.py:78} INFO - Updated row with Video_ID: gs8qfL9PNac
[2025-10-22T15:00:18.528+0000] {data_modification.py:78} INFO - Updated row with Video_ID: DBPYB8WkkDc
[2025-10-22T15:00:18.532+0000] {data_modification.py:78} INFO - Updated row with Video_ID: zvBXpoBegwE
[2025-10-22T15:00:18.540+0000] {data_modification.py:78} INFO - Updated row with Video_ID: SWc8fI_9iqA
[2025-10-22T15:00:18.544+0000] {data_modification.py:78} INFO - Updated row with Video_ID: 0BjlBnfHcHM
[2025-10-22T15:00:18.548+0000] {data_modification.py:78} INFO - Updated row with Video_ID: HcL1EQ5qD_g
[2025-10-22T15:00:18.552+0000] {data_modification.py:78} INFO - Updated row with Video_ID: vXNtju4VFm4
[2025-10-22T15:00:18.559+0000] {data_modification.py:78} INFO - Updated row with Video_ID: I9mw5UlDyPI
[2025-10-22T15:00:18.563+0000] {data_modification.py:78} INFO - Updated row with Video_ID: pS-fFdvyHLE
[2025-10-22T15:00:18.570+0000] {data_modification.py:78} INFO - Updated row with Video_ID: Xj0Jtjg3lHQ
[2025-10-22T15:00:18.579+0000] {data_modification.py:78} INFO - Updated row with Video_ID: 9UtcHPCEBgg
[2025-10-22T15:00:18.588+0000] {data_modification.py:78} INFO - Updated row with Video_ID: ZNt_GoOBHq8
[2025-10-22T15:00:18.595+0000] {data_modification.py:78} INFO - Updated row with Video_ID: bn0Kh9c4Zv4
[2025-10-22T15:00:18.603+0000] {data_modification.py:78} INFO - Updated row with Video_ID: dDVFnfCwjHA
[2025-10-22T15:00:18.607+0000] {data_modification.py:78} INFO - Updated row with Video_ID: Kt2HvqRruHQ
[2025-10-22T15:00:18.611+0000] {data_modification.py:78} INFO - Updated row with Video_ID: vDrSCXFMAKk
[2025-10-22T15:00:18.615+0000] {data_modification.py:78} INFO - Updated row with Video_ID: snX5YyflrGw
[2025-10-22T15:00:18.621+0000] {data_modification.py:78} INFO - Updated row with Video_ID: nbzQdlWrcnk
[2025-10-22T15:00:18.626+0000] {data_modification.py:78} INFO - Updated row with Video_ID: 8krJy31Diow
[2025-10-22T15:00:18.631+0000] {data_modification.py:78} INFO - Updated row with Video_ID: aRcUVhVlSHg
[2025-10-22T15:00:18.643+0000] {data_modification.py:78} INFO - Updated row with Video_ID: Jo7sfpeWqwE
[2025-10-22T15:00:18.647+0000] {data_modification.py:78} INFO - Updated row with Video_ID: QtD-CeUdRUQ
[2025-10-22T15:00:18.652+0000] {data_modification.py:78} INFO - Updated row with Video_ID: ndAQfTzlVjc
[2025-10-22T15:00:18.656+0000] {data_modification.py:78} INFO - Updated row with Video_ID: AydS-vA3qa4
[2025-10-22T15:00:18.662+0000] {data_modification.py:78} INFO - Updated row with Video_ID: UPrkC1LdlLY
[2025-10-22T15:00:18.665+0000] {data_modification.py:78} INFO - Updated row with Video_ID: 8bTQMDM4qvY
[2025-10-22T15:00:18.671+0000] {data_modification.py:78} INFO - Updated row with Video_ID: DBw0oD38z0Q
[2025-10-22T15:00:18.675+0000] {data_modification.py:78} INFO - Updated row with Video_ID: 4SNThp0YiU4
[2025-10-22T15:00:18.688+0000] {data_modification.py:78} INFO - Updated row with Video_ID: XhuisK0bTSA
[2025-10-22T15:00:18.698+0000] {data_modification.py:78} INFO - Updated row with Video_ID: lkCRPp7cnP8
[2025-10-22T15:00:18.702+0000] {data_modification.py:78} INFO - Updated row with Video_ID: KkCXLABwHP0
[2025-10-22T15:00:18.709+0000] {data_modification.py:78} INFO - Updated row with Video_ID: U_LlX4t0A9I
[2025-10-22T15:00:18.713+0000] {data_modification.py:78} INFO - Updated row with Video_ID: T8I165Qxeo8
[2025-10-22T15:00:18.722+0000] {data_modification.py:78} INFO - Updated row with Video_ID: i-9V21MqlhY
[2025-10-22T15:00:18.728+0000] {data_modification.py:78} INFO - Updated row with Video_ID: YyNz4--6fro
[2025-10-22T15:00:18.743+0000] {data_modification.py:78} INFO - Updated row with Video_ID: f0cXJ6mJxGc
[2025-10-22T15:00:18.750+0000] {data_modification.py:78} INFO - Updated row with Video_ID: F6PqxbvOCUI
[2025-10-22T15:00:18.754+0000] {data_modification.py:78} INFO - Updated row with Video_ID: oA4LSZvX4iE
[2025-10-22T15:00:18.759+0000] {data_modification.py:78} INFO - Updated row with Video_ID: ZKxnjszkZto
[2025-10-22T15:00:18.763+0000] {data_modification.py:78} INFO - Updated row with Video_ID: 8_gdcaX9Xqk
[2025-10-22T15:00:18.768+0000] {data_modification.py:78} INFO - Updated row with Video_ID: snUyLbGx6U4
[2025-10-22T15:00:18.773+0000] {data_modification.py:78} INFO - Updated row with Video_ID: Pv0iVoSZzN8
[2025-10-22T15:00:18.777+0000] {data_modification.py:78} INFO - Updated row with Video_ID: CWbV3NItSdY
[2025-10-22T15:00:18.781+0000] {data_modification.py:78} INFO - Updated row with Video_ID: l-nMKJ5J3Uc
[2025-10-22T15:00:18.786+0000] {data_modification.py:78} INFO - Updated row with Video_ID: XE1Qyss8GIY
[2025-10-22T15:00:18.790+0000] {data_modification.py:78} INFO - Updated row with Video_ID: 6GzHPS0rEgc
[2025-10-22T15:00:18.794+0000] {data_modification.py:78} INFO - Updated row with Video_ID: imhY0pe-Sd8
[2025-10-22T15:00:18.800+0000] {data_modification.py:78} INFO - Updated row with Video_ID: erLbbextvlY
[2025-10-22T15:00:18.808+0000] {data_modification.py:78} INFO - Updated row with Video_ID: OnTTThIzuNU
[2025-10-22T15:00:18.814+0000] {data_modification.py:78} INFO - Updated row with Video_ID: mKdjycj-7eE
[2025-10-22T15:00:18.818+0000] {data_modification.py:78} INFO - Updated row with Video_ID: tWYsfOSY9vY
[2025-10-22T15:00:18.822+0000] {data_modification.py:78} INFO - Updated row with Video_ID: sH48lKbayNU
[2025-10-22T15:00:18.826+0000] {data_modification.py:78} INFO - Updated row with Video_ID: AFXoSFNMwIA
[2025-10-22T15:00:18.830+0000] {data_modification.py:78} INFO - Updated row with Video_ID: k194wHZHjB0
[2025-10-22T15:00:18.834+0000] {data_modification.py:78} INFO - Updated row with Video_ID: AjwAdtlRKf8
[2025-10-22T15:00:18.840+0000] {data_modification.py:78} INFO - Updated row with Video_ID: KOEfDvr4DcQ
[2025-10-22T15:00:18.843+0000] {data_modification.py:78} INFO - Updated row with Video_ID: krsBRQbOPQ4
[2025-10-22T15:00:18.847+0000] {data_modification.py:78} INFO - Updated row with Video_ID: 7ESeQBeikKs
[2025-10-22T15:00:18.852+0000] {data_modification.py:78} INFO - Updated row with Video_ID: K_CbgLpvH9E
[2025-10-22T15:00:18.857+0000] {data_modification.py:78} INFO - Updated row with Video_ID: lOKASgtr6kU
[2025-10-22T15:00:18.861+0000] {data_modification.py:78} INFO - Updated row with Video_ID: ZVt9ZJfWV1c
[2025-10-22T15:00:18.869+0000] {data_modification.py:78} INFO - Updated row with Video_ID: rWBOITBjitE
[2025-10-22T15:00:18.872+0000] {data_modification.py:78} INFO - Updated row with Video_ID: tnTPaLOaHz8
[2025-10-22T15:00:18.877+0000] {data_modification.py:78} INFO - Updated row with Video_ID: Wdjh81uH6FU
[2025-10-22T15:00:18.881+0000] {data_modification.py:78} INFO - Updated row with Video_ID: 7dYTw-jAYkY
[2025-10-22T15:00:18.884+0000] {data_modification.py:78} INFO - Updated row with Video_ID: AjZDwxt7S8w
[2025-10-22T15:00:18.887+0000] {data_modification.py:78} INFO - Updated row with Video_ID: aZnqqXaT02g
[2025-10-22T15:00:18.892+0000] {data_modification.py:78} INFO - Updated row with Video_ID: mwKJfNYwvm8
[2025-10-22T15:00:18.895+0000] {data_modification.py:78} INFO - Updated row with Video_ID: l9_8_pDTmis
[2025-10-22T15:00:18.899+0000] {data_modification.py:78} INFO - Updated row with Video_ID: n7x4Jj9pdH8
[2025-10-22T15:00:18.903+0000] {data_modification.py:78} INFO - Updated row with Video_ID: h5uE4ERMiTk
[2025-10-22T15:00:18.907+0000] {data_modification.py:78} INFO - Updated row with Video_ID: jGAJCAuV3pQ
[2025-10-22T15:00:18.910+0000] {data_modification.py:78} INFO - Updated row with Video_ID: c0v8OPItCOg
[2025-10-22T15:00:18.914+0000] {data_modification.py:78} INFO - Updated row with Video_ID: 3ryID_SwU5E
[2025-10-22T15:00:18.918+0000] {data_modification.py:78} INFO - Updated row with Video_ID: IemzxkkzI5s
[2025-10-22T15:00:18.921+0000] {data_modification.py:78} INFO - Updated row with Video_ID: 3OFj6l2tQ9s
[2025-10-22T15:00:18.925+0000] {data_modification.py:78} INFO - Updated row with Video_ID: bvlFjrcpD6s
[2025-10-22T15:00:18.929+0000] {data_modification.py:78} INFO - Updated row with Video_ID: AZlBZuS4hr0
[2025-10-22T15:00:18.933+0000] {data_modification.py:78} INFO - Updated row with Video_ID: Gx6VeIIbWwM
[2025-10-22T15:00:18.936+0000] {data_modification.py:78} INFO - Updated row with Video_ID: CAOY8EKH1qU
[2025-10-22T15:00:18.941+0000] {data_modification.py:78} INFO - Updated row with Video_ID: IQxea9UB1nQ
[2025-10-22T15:00:18.945+0000] {data_modification.py:78} INFO - Updated row with Video_ID: KrLj6nc516A
[2025-10-22T15:00:18.948+0000] {data_modification.py:78} INFO - Updated row with Video_ID: zgLhCT7aFCA
[2025-10-22T15:00:18.952+0000] {data_modification.py:78} INFO - Updated row with Video_ID: L5kIXRdwGAI
[2025-10-22T15:00:18.957+0000] {data_modification.py:78} INFO - Updated row with Video_ID: 19NmWqv4Alk
[2025-10-22T15:00:18.961+0000] {data_modification.py:78} INFO - Updated row with Video_ID: SGzWIoLAzmY
[2025-10-22T15:00:18.964+0000] {data_modification.py:78} INFO - Updated row with Video_ID: NnNZLCl78Ao
[2025-10-22T15:00:18.968+0000] {data_modification.py:78} INFO - Updated row with Video_ID: NTZhwAldqwg
[2025-10-22T15:00:18.971+0000] {data_modification.py:78} INFO - Updated row with Video_ID: J_z-W4UVHkw
[2025-10-22T15:00:18.975+0000] {data_modification.py:78} INFO - Updated row with Video_ID: 7IKab3HcfFk
[2025-10-22T15:00:18.979+0000] {data_modification.py:78} INFO - Updated row with Video_ID: h5NvTTOlOtI
[2025-10-22T15:00:18.983+0000] {data_modification.py:78} INFO - Updated row with Video_ID: se50viFJ0AQ
[2025-10-22T15:00:18.986+0000] {data_modification.py:78} INFO - Updated row with Video_ID: 0CTp1a-aCUM
[2025-10-22T15:00:18.989+0000] {data_modification.py:78} INFO - Updated row with Video_ID: FD-0KG-h2-c
[2025-10-22T15:00:18.993+0000] {data_modification.py:78} INFO - Updated row with Video_ID: kX3nB4PpJko
[2025-10-22T15:00:18.996+0000] {data_modification.py:78} INFO - Updated row with Video_ID: YlvcFJOE-OE
[2025-10-22T15:00:18.999+0000] {data_modification.py:78} INFO - Updated row with Video_ID: iogcY_4xGjo
[2025-10-22T15:00:19.002+0000] {data_modification.py:78} INFO - Updated row with Video_ID: S_CUEOBZ0P4
[2025-10-22T15:00:19.007+0000] {data_modification.py:78} INFO - Updated row with Video_ID: gHzuabZUd6c
[2025-10-22T15:00:19.010+0000] {data_modification.py:78} INFO - Updated row with Video_ID: 65fN_OUawjk
[2025-10-22T15:00:19.013+0000] {data_modification.py:78} INFO - Updated row with Video_ID: jdMNoQE3mIQ
[2025-10-22T15:00:19.017+0000] {data_modification.py:78} INFO - Updated row with Video_ID: 2isYuQZMbdU
[2025-10-22T15:00:19.020+0000] {data_modification.py:78} INFO - Updated row with Video_ID: tVWWp1PqDus
[2025-10-22T15:00:19.023+0000] {data_modification.py:78} INFO - Updated row with Video_ID: vaIgyRoUkQI
[2025-10-22T15:00:19.027+0000] {data_modification.py:78} INFO - Updated row with Video_ID: Hwybp38GnZw
[2025-10-22T15:00:19.030+0000] {data_modification.py:78} INFO - Updated row with Video_ID: hD1YtmKXNb4
[2025-10-22T15:00:19.034+0000] {data_modification.py:78} INFO - Updated row with Video_ID: LnlKwzc_TNA
[2025-10-22T15:00:19.038+0000] {data_modification.py:78} INFO - Updated row with Video_ID: 3jS_yEK8qVI
[2025-10-22T15:00:19.041+0000] {data_modification.py:78} INFO - Updated row with Video_ID: 00NgUctWoLQ
[2025-10-22T15:00:19.044+0000] {data_modification.py:78} INFO - Updated row with Video_ID: x9TQ6culXIA
[2025-10-22T15:00:19.052+0000] {data_modification.py:78} INFO - Updated row with Video_ID: QbJJwaVdgIs
[2025-10-22T15:00:19.055+0000] {data_modification.py:78} INFO - Updated row with Video_ID: 0e3GPea1Tyg
[2025-10-22T15:00:19.061+0000] {data_modification.py:78} INFO - Updated row with Video_ID: cV2gBU6hKfY
[2025-10-22T15:00:19.064+0000] {data_modification.py:78} INFO - Updated row with Video_ID: qIsgdOVGA04
[2025-10-22T15:00:19.068+0000] {data_modification.py:78} INFO - Updated row with Video_ID: cExLQ1o2pDw
[2025-10-22T15:00:19.071+0000] {data_modification.py:78} INFO - Updated row with Video_ID: uocETPj4Jx4
[2025-10-22T15:00:19.074+0000] {data_modification.py:78} INFO - Updated row with Video_ID: zxYjTTXc-J8
[2025-10-22T15:00:19.077+0000] {data_modification.py:78} INFO - Updated row with Video_ID: hxwpkM5w3Cc
[2025-10-22T15:00:19.081+0000] {data_modification.py:78} INFO - Updated row with Video_ID: ktyJIj6i4Qw
[2025-10-22T15:00:19.084+0000] {data_modification.py:78} INFO - Updated row with Video_ID: urtFrxDUV6c
[2025-10-22T15:00:19.088+0000] {data_modification.py:78} INFO - Updated row with Video_ID: nM89Wl03Q4g
[2025-10-22T15:00:19.091+0000] {data_modification.py:78} INFO - Updated row with Video_ID: NZlClr_ivb4
[2025-10-22T15:00:19.094+0000] {data_modification.py:78} INFO - Updated row with Video_ID: TQHEJj68Jew
[2025-10-22T15:00:19.098+0000] {data_modification.py:78} INFO - Updated row with Video_ID: WcwGleN38zE
[2025-10-22T15:00:19.101+0000] {data_modification.py:78} INFO - Updated row with Video_ID: fMfipiV_17o
[2025-10-22T15:00:19.107+0000] {data_modification.py:78} INFO - Updated row with Video_ID: ayXxwJJId_c
[2025-10-22T15:00:19.114+0000] {data_modification.py:78} INFO - Updated row with Video_ID: 9bqk6ZUsKyA
[2025-10-22T15:00:19.123+0000] {data_modification.py:78} INFO - Updated row with Video_ID: DuQbOQwVaNE
[2025-10-22T15:00:19.128+0000] {data_modification.py:78} INFO - Updated row with Video_ID: vJH28ICkCdU
[2025-10-22T15:00:19.131+0000] {data_modification.py:78} INFO - Updated row with Video_ID: _uwNDiU04zE
[2025-10-22T15:00:19.137+0000] {data_modification.py:78} INFO - Updated row with Video_ID: C680oxL__ck
[2025-10-22T15:00:19.141+0000] {data_modification.py:78} INFO - Updated row with Video_ID: 5Fg9oZk-5uA
[2025-10-22T15:00:19.144+0000] {data_modification.py:78} INFO - Updated row with Video_ID: PKtnafFtfEo
[2025-10-22T15:00:19.148+0000] {data_modification.py:78} INFO - Updated row with Video_ID: f0c7pSCoZqE
[2025-10-22T15:00:19.151+0000] {data_modification.py:78} INFO - Updated row with Video_ID: dg2Ag3e8W-Q
[2025-10-22T15:00:19.156+0000] {data_modification.py:78} INFO - Updated row with Video_ID: LeYsRMZFUq0
[2025-10-22T15:00:19.160+0000] {data_modification.py:78} INFO - Updated row with Video_ID: Dc2ZRmuH5OM
[2025-10-22T15:00:19.163+0000] {data_modification.py:78} INFO - Updated row with Video_ID: GLoeAJUcz38
[2025-10-22T15:00:19.166+0000] {data_modification.py:78} INFO - Updated row with Video_ID: SZQhgExjBvQ
[2025-10-22T15:00:19.169+0000] {data_modification.py:78} INFO - Updated row with Video_ID: IoZri9hq7z4
[2025-10-22T15:00:19.172+0000] {data_modification.py:78} INFO - Updated row with Video_ID: AKJfakEsgy0
[2025-10-22T15:00:19.175+0000] {data_modification.py:78} INFO - Updated row with Video_ID: Vl3swga-Xrk
[2025-10-22T15:00:19.178+0000] {data_modification.py:78} INFO - Updated row with Video_ID: UE5AHE2Ypr8
[2025-10-22T15:00:19.182+0000] {data_modification.py:78} INFO - Updated row with Video_ID: TDiXxsQ0w2Q
[2025-10-22T15:00:19.186+0000] {data_modification.py:78} INFO - Updated row with Video_ID: oD155zWANQg
[2025-10-22T15:00:19.189+0000] {data_modification.py:78} INFO - Updated row with Video_ID: s1ax8Tx_Jz0
[2025-10-22T15:00:19.193+0000] {data_modification.py:78} INFO - Updated row with Video_ID: NkE0AMGzpJY
[2025-10-22T15:00:19.201+0000] {data_modification.py:78} INFO - Updated row with Video_ID: FbM1yi4mMMc
[2025-10-22T15:00:19.204+0000] {data_modification.py:78} INFO - Updated row with Video_ID: 5V2B28OqfqM
[2025-10-22T15:00:19.208+0000] {data_modification.py:78} INFO - Updated row with Video_ID: Rj_vssRaZlQ
[2025-10-22T15:00:19.212+0000] {data_modification.py:78} INFO - Updated row with Video_ID: YQDDm9HLkV4
[2025-10-22T15:00:19.215+0000] {data_modification.py:78} INFO - Updated row with Video_ID: erQ_9yEz0ls
[2025-10-22T15:00:19.219+0000] {data_modification.py:78} INFO - Updated row with Video_ID: OAbP-V6fEVc
[2025-10-22T15:00:19.222+0000] {data_modification.py:78} INFO - Updated row with Video_ID: _qAJMXfL6o0
[2025-10-22T15:00:19.226+0000] {data_modification.py:78} INFO - Updated row with Video_ID: 59AYXzCa-Cs
[2025-10-22T15:00:19.229+0000] {data_modification.py:78} INFO - Updated row with Video_ID: r7zJ8srwwjk
[2025-10-22T15:00:19.233+0000] {data_modification.py:78} INFO - Updated row with Video_ID: YSoJPA8-oHc
[2025-10-22T15:00:19.239+0000] {data_modification.py:78} INFO - Updated row with Video_ID: 5Hg_QSIJm8I
[2025-10-22T15:00:19.245+0000] {data_modification.py:78} INFO - Updated row with Video_ID: gsWPpE4Rid0
[2025-10-22T15:00:19.252+0000] {data_modification.py:78} INFO - Updated row with Video_ID: HBMmK1c44sE
[2025-10-22T15:00:19.258+0000] {data_modification.py:78} INFO - Updated row with Video_ID: oBYbxw8f5OI
[2025-10-22T15:00:19.261+0000] {data_modification.py:78} INFO - Updated row with Video_ID: AiGKBNGlzHo
[2025-10-22T15:00:19.265+0000] {data_modification.py:78} INFO - Updated row with Video_ID: _mdKvblL_8s
[2025-10-22T15:00:19.276+0000] {data_modification.py:78} INFO - Updated row with Video_ID: yXWw0_UfSFg
[2025-10-22T15:00:19.279+0000] {data_modification.py:78} INFO - Updated row with Video_ID: F4Y3Pkn95GI
[2025-10-22T15:00:19.283+0000] {data_modification.py:78} INFO - Updated row with Video_ID: KSKJKLmAqpI
[2025-10-22T15:00:19.287+0000] {data_modification.py:78} INFO - Updated row with Video_ID: IYVjOfoU3uI
[2025-10-22T15:00:19.290+0000] {data_modification.py:78} INFO - Updated row with Video_ID: oI6aXhowFDY
[2025-10-22T15:00:19.293+0000] {data_modification.py:78} INFO - Updated row with Video_ID: LdMx2U5tby0
[2025-10-22T15:00:19.296+0000] {data_modification.py:78} INFO - Updated row with Video_ID: fY-LA3YaZ_M
[2025-10-22T15:00:19.300+0000] {data_modification.py:78} INFO - Updated row with Video_ID: 0hVZOJCYBBM
[2025-10-22T15:00:19.304+0000] {data_modification.py:78} INFO - Updated row with Video_ID: Z9WQy9jEY8M
[2025-10-22T15:00:19.308+0000] {data_modification.py:78} INFO - Updated row with Video_ID: bs0SWXbty18
[2025-10-22T15:00:19.312+0000] {data_modification.py:78} INFO - Updated row with Video_ID: yeqARWqjkps
[2025-10-22T15:00:19.315+0000] {data_modification.py:78} INFO - Updated row with Video_ID: wMuYiLby3-s
[2025-10-22T15:00:19.319+0000] {data_modification.py:78} INFO - Updated row with Video_ID: NbaWrbJDr48
[2025-10-22T15:00:19.325+0000] {data_modification.py:78} INFO - Updated row with Video_ID: sfv1QaRzJg8
[2025-10-22T15:00:19.329+0000] {data_modification.py:78} INFO - Updated row with Video_ID: X1jMMFOqxEw
[2025-10-22T15:00:19.332+0000] {data_modification.py:78} INFO - Updated row with Video_ID: ORUX1lHbOa8
[2025-10-22T15:00:19.336+0000] {data_modification.py:78} INFO - Updated row with Video_ID: LU_xVr4b2qM
[2025-10-22T15:00:19.340+0000] {data_modification.py:78} INFO - Updated row with Video_ID: tQ4m4zD7BBA
[2025-10-22T15:00:19.343+0000] {data_modification.py:78} INFO - Updated row with Video_ID: D9lVNzyhYnc
[2025-10-22T15:00:19.347+0000] {data_modification.py:78} INFO - Updated row with Video_ID: jokVbbLqV_E
[2025-10-22T15:00:19.350+0000] {data_modification.py:78} INFO - Updated row with Video_ID: HPJKxAhLw5I
[2025-10-22T15:00:19.353+0000] {data_modification.py:78} INFO - Updated row with Video_ID: Ims5p6wjW9s
[2025-10-22T15:00:19.357+0000] {data_modification.py:78} INFO - Updated row with Video_ID: anFxsa5jXrE
[2025-10-22T15:00:19.360+0000] {data_modification.py:78} INFO - Updated row with Video_ID: npDey6_9YRs
[2025-10-22T15:00:19.363+0000] {data_modification.py:78} INFO - Updated row with Video_ID: 0NGWT9COcEI
[2025-10-22T15:00:19.367+0000] {data_modification.py:78} INFO - Updated row with Video_ID: 3LLnjRLrvLU
[2025-10-22T15:00:19.370+0000] {data_modification.py:78} INFO - Updated row with Video_ID: bTrV5v7GLcQ
[2025-10-22T15:00:19.374+0000] {data_modification.py:78} INFO - Updated row with Video_ID: lBYC4_Lccjw
[2025-10-22T15:00:19.377+0000] {data_modification.py:78} INFO - Updated row with Video_ID: gL6iSCSHjco
[2025-10-22T15:00:19.380+0000] {data_modification.py:78} INFO - Updated row with Video_ID: UQtltNZ_pjs
[2025-10-22T15:00:19.383+0000] {data_modification.py:78} INFO - Updated row with Video_ID: 0DaMUhgcAqo
[2025-10-22T15:00:19.387+0000] {data_modification.py:78} INFO - Updated row with Video_ID: TOcGSwJBPMQ
[2025-10-22T15:00:19.390+0000] {data_modification.py:78} INFO - Updated row with Video_ID: ws694xrKopA
[2025-10-22T15:00:19.393+0000] {data_modification.py:78} INFO - Updated row with Video_ID: UtnsWzaoRtg
[2025-10-22T15:00:19.397+0000] {data_modification.py:78} INFO - Updated row with Video_ID: 6wsFjjhZPJI
[2025-10-22T15:00:19.400+0000] {data_modification.py:78} INFO - Updated row with Video_ID: Rmf6T_Ewt38
[2025-10-22T15:00:19.404+0000] {data_modification.py:78} INFO - Updated row with Video_ID: n6qc4LHN2KQ
[2025-10-22T15:00:19.407+0000] {data_modification.py:78} INFO - Updated row with Video_ID: 2eFSU7TFOnk
[2025-10-22T15:00:19.411+0000] {data_modification.py:78} INFO - Updated row with Video_ID: RCvnytndd9c
[2025-10-22T15:00:19.414+0000] {data_modification.py:78} INFO - Updated row with Video_ID: AA-VpIj8F5Y
[2025-10-22T15:00:19.418+0000] {data_modification.py:78} INFO - Updated row with Video_ID: fWcSBWadolA
[2025-10-22T15:00:19.421+0000] {data_modification.py:78} INFO - Updated row with Video_ID: YyhKdOCwD7s
[2025-10-22T15:00:19.435+0000] {data_modification.py:78} INFO - Updated row with Video_ID: ha4tRQwKIUg
[2025-10-22T15:00:19.439+0000] {data_modification.py:78} INFO - Updated row with Video_ID: xRwy_rKc7gI
[2025-10-22T15:00:19.484+0000] {data_modification.py:78} INFO - Updated row with Video_ID: H1WBdh56Vq4
[2025-10-22T15:00:19.519+0000] {data_modification.py:78} INFO - Updated row with Video_ID: xhIYirjB4Yc
[2025-10-22T15:00:19.531+0000] {data_modification.py:78} INFO - Updated row with Video_ID: HfJMs4mrSJM
[2025-10-22T15:00:19.536+0000] {data_modification.py:78} INFO - Updated row with Video_ID: tYHTVjfShOA
[2025-10-22T15:00:19.544+0000] {data_modification.py:78} INFO - Updated row with Video_ID: JTQcIR2ZxU4
[2025-10-22T15:00:19.549+0000] {data_modification.py:78} INFO - Updated row with Video_ID: xpNeg0hPZIs
[2025-10-22T15:00:19.555+0000] {data_modification.py:78} INFO - Updated row with Video_ID: 9yrdFAJUSaU
[2025-10-22T15:00:19.561+0000] {data_modification.py:78} INFO - Updated row with Video_ID: i2O6GMpNWGo
[2025-10-22T15:00:19.567+0000] {data_modification.py:78} INFO - Updated row with Video_ID: Y6jC6VaO3j0
[2025-10-22T15:00:19.575+0000] {data_modification.py:78} INFO - Updated row with Video_ID: Ooke4YZv8Ts
[2025-10-22T15:00:19.579+0000] {data_modification.py:78} INFO - Updated row with Video_ID: ZV7rU6lnAKQ
[2025-10-22T15:00:19.590+0000] {data_modification.py:78} INFO - Updated row with Video_ID: iUzi5JmJNWc
[2025-10-22T15:00:19.594+0000] {data_modification.py:78} INFO - Updated row with Video_ID: 9cCpZl8euLI
[2025-10-22T15:00:19.598+0000] {data_modification.py:78} INFO - Updated row with Video_ID: I046_n20d3s
[2025-10-22T15:00:19.604+0000] {data_modification.py:78} INFO - Updated row with Video_ID: 2nd73lyvq4w
[2025-10-22T15:00:19.608+0000] {data_modification.py:78} INFO - Updated row with Video_ID: nuM0Z4a7kMs
[2025-10-22T15:00:19.611+0000] {data_modification.py:78} INFO - Updated row with Video_ID: qPBtTPJHS0Q
[2025-10-22T15:00:19.618+0000] {data_modification.py:78} INFO - Updated row with Video_ID: A-vX1AGBGsc
[2025-10-22T15:00:19.623+0000] {data_modification.py:78} INFO - Updated row with Video_ID: IiW2smvEcBM
[2025-10-22T15:00:19.628+0000] {data_modification.py:78} INFO - Updated row with Video_ID: q6Qw8mUVTrE
[2025-10-22T15:00:19.634+0000] {data_modification.py:78} INFO - Updated row with Video_ID: dBxOYE2j55U
[2025-10-22T15:00:19.639+0000] {data_modification.py:78} INFO - Updated row with Video_ID: 984NGLLYDUg
[2025-10-22T15:00:19.643+0000] {data_modification.py:78} INFO - Updated row with Video_ID: 7zi0bi-RDj4
[2025-10-22T15:00:19.648+0000] {data_modification.py:78} INFO - Updated row with Video_ID: XaxhLbxZ13k
[2025-10-22T15:00:19.653+0000] {data_modification.py:78} INFO - Updated row with Video_ID: L8nh1wuXTbI
[2025-10-22T15:00:19.658+0000] {data_modification.py:78} INFO - Updated row with Video_ID: 9-HphHIJS9c
[2025-10-22T15:00:19.662+0000] {data_modification.py:78} INFO - Updated row with Video_ID: rPXmbM2UEbU
[2025-10-22T15:00:19.667+0000] {data_modification.py:78} INFO - Updated row with Video_ID: sESRuTyfsEk
[2025-10-22T15:00:19.673+0000] {data_modification.py:78} INFO - Updated row with Video_ID: QapO3maXd9k
[2025-10-22T15:00:19.677+0000] {data_modification.py:78} INFO - Updated row with Video_ID: 71VpdDb8e6U
[2025-10-22T15:00:19.682+0000] {data_modification.py:78} INFO - Updated row with Video_ID: e5DqdX-7_g4
[2025-10-22T15:00:19.686+0000] {data_modification.py:78} INFO - Updated row with Video_ID: 9vB-48kHbBU
[2025-10-22T15:00:19.691+0000] {data_modification.py:78} INFO - Updated row with Video_ID: 3ix_gbcubTo
[2025-10-22T15:00:19.696+0000] {data_modification.py:78} INFO - Updated row with Video_ID: mGIpOtncmSM
[2025-10-22T15:00:19.700+0000] {data_modification.py:78} INFO - Updated row with Video_ID: VqnQ-0q2gb4
[2025-10-22T15:00:19.705+0000] {data_modification.py:78} INFO - Updated row with Video_ID: 3TflpIllQHY
[2025-10-22T15:00:19.710+0000] {data_modification.py:78} INFO - Updated row with Video_ID: 1SwVSTKFCsc
[2025-10-22T15:00:19.714+0000] {data_modification.py:78} INFO - Updated row with Video_ID: ZPuEUe_8SRM
[2025-10-22T15:00:19.719+0000] {data_modification.py:78} INFO - Updated row with Video_ID: gKVZz4kcuns
[2025-10-22T15:00:19.725+0000] {data_modification.py:78} INFO - Updated row with Video_ID: xBP9EUQIkNs
[2025-10-22T15:00:19.729+0000] {data_modification.py:78} INFO - Updated row with Video_ID: qZNxvnQv0h4
[2025-10-22T15:00:19.733+0000] {data_modification.py:78} INFO - Updated row with Video_ID: uE6gud1voDs
[2025-10-22T15:00:19.739+0000] {data_modification.py:78} INFO - Updated row with Video_ID: f0M64XpmTz8
[2025-10-22T15:00:19.755+0000] {data_modification.py:78} INFO - Updated row with Video_ID: Gz3yak1cl-8
[2025-10-22T15:00:19.759+0000] {data_modification.py:78} INFO - Updated row with Video_ID: 9GD6hbqu2oM
[2025-10-22T15:00:19.763+0000] {data_modification.py:78} INFO - Updated row with Video_ID: RywkkwO78m8
[2025-10-22T15:00:19.771+0000] {data_modification.py:78} INFO - Updated row with Video_ID: P4qWhSZ7_WA
[2025-10-22T15:00:19.776+0000] {data_modification.py:78} INFO - Updated row with Video_ID: UlUcwJc5nBs
[2025-10-22T15:00:19.780+0000] {data_modification.py:78} INFO - Updated row with Video_ID: qAW6CE7_bFM
[2025-10-22T15:00:19.784+0000] {data_modification.py:78} INFO - Updated row with Video_ID: tBEBc4KQVsU
[2025-10-22T15:00:19.789+0000] {data_modification.py:78} INFO - Updated row with Video_ID: q0OK-zHnvnA
[2025-10-22T15:00:19.793+0000] {data_modification.py:78} INFO - Updated row with Video_ID: bFZdU9dr4OM
[2025-10-22T15:00:19.797+0000] {data_modification.py:78} INFO - Updated row with Video_ID: nd-bwvNB7YA
[2025-10-22T15:00:19.805+0000] {data_modification.py:78} INFO - Updated row with Video_ID: 6_im_hGxGRk
[2025-10-22T15:00:19.809+0000] {data_modification.py:78} INFO - Updated row with Video_ID: b91vrgVY-ZQ
[2025-10-22T15:00:19.814+0000] {data_modification.py:78} INFO - Updated row with Video_ID: 52ubXjlVzUY
[2025-10-22T15:00:19.820+0000] {data_modification.py:78} INFO - Updated row with Video_ID: XHb7g6yuGgE
[2025-10-22T15:00:19.825+0000] {data_modification.py:78} INFO - Updated row with Video_ID: rH1D_3G56DY
[2025-10-22T15:00:19.830+0000] {data_modification.py:78} INFO - Updated row with Video_ID: -0zoWMSEOGg
[2025-10-22T15:00:19.836+0000] {data_modification.py:78} INFO - Updated row with Video_ID: WRzIuC2MKOU
[2025-10-22T15:00:19.842+0000] {data_modification.py:78} INFO - Updated row with Video_ID: foLlul8Tl3E
[2025-10-22T15:00:19.846+0000] {data_modification.py:78} INFO - Updated row with Video_ID: 3iaDrpKdaIc
[2025-10-22T15:00:19.850+0000] {data_modification.py:78} INFO - Updated row with Video_ID: qrIh-ZHN4-E
[2025-10-22T15:00:19.854+0000] {data_modification.py:78} INFO - Updated row with Video_ID: mpZWt5pGKZ8
[2025-10-22T15:00:19.859+0000] {data_modification.py:78} INFO - Updated row with Video_ID: vbph9F_pRNI
[2025-10-22T15:00:19.863+0000] {data_modification.py:78} INFO - Updated row with Video_ID: wbzD04leeLI
[2025-10-22T15:00:19.868+0000] {data_modification.py:78} INFO - Updated row with Video_ID: MC5h-ShR-S8
[2025-10-22T15:00:19.872+0000] {data_modification.py:78} INFO - Updated row with Video_ID: uBC7805Smsg
[2025-10-22T15:00:19.876+0000] {data_modification.py:78} INFO - Updated row with Video_ID: d8pJkuSp1iI
[2025-10-22T15:00:19.880+0000] {data_modification.py:78} INFO - Updated row with Video_ID: dFr5YQaQQdo
[2025-10-22T15:00:19.887+0000] {data_modification.py:78} INFO - Updated row with Video_ID: xBLxMfO3pDw
[2025-10-22T15:00:19.892+0000] {data_modification.py:78} INFO - Updated row with Video_ID: d7QmQtNwhcU
[2025-10-22T15:00:19.896+0000] {data_modification.py:78} INFO - Updated row with Video_ID: NZR4WEjpOQg
[2025-10-22T15:00:19.901+0000] {data_modification.py:78} INFO - Updated row with Video_ID: vETSAZgfDP4
[2025-10-22T15:00:19.905+0000] {data_modification.py:78} INFO - Updated row with Video_ID: zE3FLbpu9-Q
[2025-10-22T15:00:19.910+0000] {data_modification.py:78} INFO - Updated row with Video_ID: Izmibu7dxcs
[2025-10-22T15:00:19.914+0000] {data_modification.py:78} INFO - Updated row with Video_ID: 2Pvt8awds44
[2025-10-22T15:00:19.918+0000] {data_modification.py:78} INFO - Updated row with Video_ID: n9BbAfbsyj0
[2025-10-22T15:00:19.924+0000] {data_modification.py:78} INFO - Updated row with Video_ID: WZ2rYlVxt4g
[2025-10-22T15:00:19.931+0000] {data_modification.py:78} INFO - Updated row with Video_ID: CWK6an4mYL0
[2025-10-22T15:00:19.937+0000] {data_modification.py:78} INFO - Updated row with Video_ID: VwWV4JelEzY
[2025-10-22T15:00:19.941+0000] {data_modification.py:78} INFO - Updated row with Video_ID: koRKIlRQj4g
[2025-10-22T15:00:19.945+0000] {data_modification.py:78} INFO - Updated row with Video_ID: XKFKPQHdWRI
[2025-10-22T15:00:19.950+0000] {data_modification.py:78} INFO - Updated row with Video_ID: yuGEB4ZZdUQ
[2025-10-22T15:00:19.954+0000] {data_modification.py:78} INFO - Updated row with Video_ID: szt8xabJoSo
[2025-10-22T15:00:19.959+0000] {data_modification.py:78} INFO - Updated row with Video_ID: Fbl3E_XCQfA
[2025-10-22T15:00:19.963+0000] {data_modification.py:78} INFO - Updated row with Video_ID: Pe3pGsCeYXg
[2025-10-22T15:00:19.967+0000] {data_modification.py:78} INFO - Updated row with Video_ID: yzGmnjDFuZE
[2025-10-22T15:00:19.971+0000] {data_modification.py:78} INFO - Updated row with Video_ID: l_huIWJBhJM
[2025-10-22T15:00:19.975+0000] {data_modification.py:78} INFO - Updated row with Video_ID: 7ALCsEyn3mg
[2025-10-22T15:00:19.980+0000] {data_modification.py:78} INFO - Updated row with Video_ID: CvMRiR4k49Y
[2025-10-22T15:00:19.985+0000] {data_modification.py:78} INFO - Updated row with Video_ID: g2rbhIB-ITM
[2025-10-22T15:00:19.989+0000] {data_modification.py:78} INFO - Updated row with Video_ID: nLpqZEAFnkE
[2025-10-22T15:00:19.993+0000] {data_modification.py:78} INFO - Updated row with Video_ID: sirrTXiPFmw
[2025-10-22T15:00:19.997+0000] {data_modification.py:78} INFO - Updated row with Video_ID: nRkwuTOESCc
[2025-10-22T15:00:20.001+0000] {data_modification.py:78} INFO - Updated row with Video_ID: AS6WMS_Bemg
[2025-10-22T15:00:20.006+0000] {data_modification.py:78} INFO - Updated row with Video_ID: wMn8d7IeCYM
[2025-10-22T15:00:20.010+0000] {data_modification.py:78} INFO - Updated row with Video_ID: BMZP4CtphaU
[2025-10-22T15:00:20.014+0000] {data_modification.py:78} INFO - Updated row with Video_ID: 93s1JECSy60
[2025-10-22T15:00:20.020+0000] {data_modification.py:78} INFO - Updated row with Video_ID: YR6Wh2Zy9jE
[2025-10-22T15:00:20.024+0000] {data_modification.py:78} INFO - Updated row with Video_ID: 5PCxQSMOl3o
[2025-10-22T15:00:20.028+0000] {data_modification.py:78} INFO - Updated row with Video_ID: 5qzAVMe_SnM
[2025-10-22T15:00:20.034+0000] {data_modification.py:78} INFO - Updated row with Video_ID: zAAXW7ySu1k
[2025-10-22T15:00:20.038+0000] {data_modification.py:78} INFO - Updated row with Video_ID: sx5k8xd_VoU
[2025-10-22T15:00:20.043+0000] {data_modification.py:78} INFO - Updated row with Video_ID: uotb9ZHnI2g
[2025-10-22T15:00:20.049+0000] {data_modification.py:78} INFO - Updated row with Video_ID: nPlqRbVFBHI
[2025-10-22T15:00:20.056+0000] {data_modification.py:78} INFO - Updated row with Video_ID: kupaqq-xJ_8
[2025-10-22T15:00:20.061+0000] {data_modification.py:78} INFO - Updated row with Video_ID: 4KVmSG6KS2k
[2025-10-22T15:00:20.064+0000] {data_modification.py:78} INFO - Updated row with Video_ID: Lx9fRu5ehFo
[2025-10-22T15:00:20.067+0000] {data_modification.py:78} INFO - Updated row with Video_ID: ZJwX2jTXWwQ
[2025-10-22T15:00:20.071+0000] {data_modification.py:78} INFO - Updated row with Video_ID: N_GMakKf7G4
[2025-10-22T15:00:20.075+0000] {data_modification.py:78} INFO - Updated row with Video_ID: 63gyUQ_JeOE
[2025-10-22T15:00:20.079+0000] {data_modification.py:78} INFO - Updated row with Video_ID: IZVbzNRUlQI
[2025-10-22T15:00:20.085+0000] {data_modification.py:78} INFO - Updated row with Video_ID: 8D3vI1615K4
[2025-10-22T15:00:20.090+0000] {data_modification.py:78} INFO - Updated row with Video_ID: dEOlvTqYUNo
[2025-10-22T15:00:20.094+0000] {data_modification.py:78} INFO - Updated row with Video_ID: AS5CxLCWq-Q
[2025-10-22T15:00:20.098+0000] {data_modification.py:78} INFO - Updated row with Video_ID: jtOalDNVrKM
[2025-10-22T15:00:20.102+0000] {data_modification.py:78} INFO - Updated row with Video_ID: dDYP56hEYF0
[2025-10-22T15:00:20.108+0000] {data_modification.py:78} INFO - Updated row with Video_ID: iengNekeTNo
[2025-10-22T15:00:20.113+0000] {data_modification.py:78} INFO - Updated row with Video_ID: rqUvnLPvbrM
[2025-10-22T15:00:20.119+0000] {data_modification.py:78} INFO - Updated row with Video_ID: 9CVwXBYVqVk
[2025-10-22T15:00:20.123+0000] {data_modification.py:78} INFO - Updated row with Video_ID: i8pmk5xnO2s
[2025-10-22T15:00:20.126+0000] {data_modification.py:78} INFO - Updated row with Video_ID: xWcldHxHFpo
[2025-10-22T15:00:20.130+0000] {data_modification.py:78} INFO - Updated row with Video_ID: YH1-fDzHHpo
[2025-10-22T15:00:20.134+0000] {data_modification.py:78} INFO - Updated row with Video_ID: ntlG5XgYg4k
[2025-10-22T15:00:20.138+0000] {data_modification.py:78} INFO - Updated row with Video_ID: Qy17S3g8ZuY
[2025-10-22T15:00:20.142+0000] {data_modification.py:78} INFO - Updated row with Video_ID: PJyWmlWNor8
[2025-10-22T15:00:20.147+0000] {data_modification.py:78} INFO - Updated row with Video_ID: KzwTYZ2W3ZA
[2025-10-22T15:00:20.152+0000] {data_modification.py:78} INFO - Updated row with Video_ID: 9fa_JYTPZ2Y
[2025-10-22T15:00:20.156+0000] {data_modification.py:78} INFO - Updated row with Video_ID: t1BWMa8btIw
[2025-10-22T15:00:20.159+0000] {data_modification.py:78} INFO - Updated row with Video_ID: 2O8wta4FsD4
[2025-10-22T15:00:20.165+0000] {data_modification.py:78} INFO - Updated row with Video_ID: dSDBr0WjrwQ
[2025-10-22T15:00:20.169+0000] {data_modification.py:78} INFO - Updated row with Video_ID: DbC9CauTXoM
[2025-10-22T15:00:20.174+0000] {data_modification.py:78} INFO - Updated row with Video_ID: yhNcDBnQsEY
[2025-10-22T15:00:20.178+0000] {data_modification.py:78} INFO - Updated row with Video_ID: Wyyqz3OxB5c
[2025-10-22T15:00:20.183+0000] {data_modification.py:78} INFO - Updated row with Video_ID: KO8B2kw_Jxs
[2025-10-22T15:00:20.187+0000] {data_modification.py:78} INFO - Updated row with Video_ID: NEDPgQYhbqs
[2025-10-22T15:00:20.191+0000] {data_modification.py:78} INFO - Updated row with Video_ID: RPcXg2-0ejw
[2025-10-22T15:00:20.195+0000] {data_modification.py:78} INFO - Updated row with Video_ID: jhYG5BStQSk
[2025-10-22T15:00:20.201+0000] {data_modification.py:78} INFO - Updated row with Video_ID: wTIPpjUgAFE
[2025-10-22T15:00:20.206+0000] {data_modification.py:78} INFO - Updated row with Video_ID: Fzh65vCyHWQ
[2025-10-22T15:00:20.212+0000] {data_modification.py:78} INFO - Updated row with Video_ID: vBp0bzVr09s
[2025-10-22T15:00:20.217+0000] {data_modification.py:78} INFO - Updated row with Video_ID: AXjdI_LHWJU
[2025-10-22T15:00:20.222+0000] {data_modification.py:78} INFO - Updated row with Video_ID: dJCsc_Cq9i4
[2025-10-22T15:00:20.227+0000] {data_modification.py:78} INFO - Updated row with Video_ID: bqpKlkPpT10
[2025-10-22T15:00:20.231+0000] {data_modification.py:78} INFO - Updated row with Video_ID: TIIU1ivhLKs
[2025-10-22T15:00:20.236+0000] {data_modification.py:78} INFO - Updated row with Video_ID: G4qOiwIE_o0
[2025-10-22T15:00:20.241+0000] {data_modification.py:78} INFO - Updated row with Video_ID: yozl6enFC-w
[2025-10-22T15:00:20.245+0000] {data_modification.py:78} INFO - Updated row with Video_ID: LP_mGU3CgXk
[2025-10-22T15:00:20.250+0000] {data_modification.py:78} INFO - Updated row with Video_ID: DoIQMkoYSzw
[2025-10-22T15:00:20.254+0000] {data_modification.py:78} INFO - Updated row with Video_ID: e-If_d_bzfI
[2025-10-22T15:00:20.258+0000] {data_modification.py:78} INFO - Updated row with Video_ID: 5J6-5g2alp8
[2025-10-22T15:00:20.261+0000] {data_modification.py:78} INFO - Updated row with Video_ID: qjGNBluF6_I
[2025-10-22T15:00:20.265+0000] {data_modification.py:78} INFO - Updated row with Video_ID: TLoDwqQF5ug
[2025-10-22T15:00:20.269+0000] {data_modification.py:78} INFO - Updated row with Video_ID: uAFGIQPWL54
[2025-10-22T15:00:20.273+0000] {data_modification.py:78} INFO - Updated row with Video_ID: SaDDjW9Rw-M
[2025-10-22T15:00:20.277+0000] {data_modification.py:78} INFO - Updated row with Video_ID: CHdy9wND1jo
[2025-10-22T15:00:20.281+0000] {data_modification.py:78} INFO - Updated row with Video_ID: 9LiS_3HEErU
[2025-10-22T15:00:20.285+0000] {data_modification.py:78} INFO - Updated row with Video_ID: hRj5qNfkdO0
[2025-10-22T15:00:20.289+0000] {data_modification.py:78} INFO - Updated row with Video_ID: ocruJKe2tFk
[2025-10-22T15:00:20.292+0000] {data_modification.py:78} INFO - Updated row with Video_ID: MgRMNzKknto
[2025-10-22T15:00:20.296+0000] {data_modification.py:78} INFO - Updated row with Video_ID: XW1TsAVdXsw
[2025-10-22T15:00:20.299+0000] {data_modification.py:78} INFO - Updated row with Video_ID: Qhdj_Umh1IE
[2025-10-22T15:00:20.303+0000] {data_modification.py:78} INFO - Updated row with Video_ID: hC3xW8xeCDs
[2025-10-22T15:00:20.307+0000] {data_modification.py:78} INFO - Updated row with Video_ID: xGJEPTCw9GU
[2025-10-22T15:00:20.310+0000] {data_modification.py:78} INFO - Updated row with Video_ID: FmjsePPBbdU
[2025-10-22T15:00:20.314+0000] {data_modification.py:78} INFO - Updated row with Video_ID: lMLEcUXz6T8
[2025-10-22T15:00:20.319+0000] {data_modification.py:78} INFO - Updated row with Video_ID: BKJy7BFP3Is
[2025-10-22T15:00:20.323+0000] {data_modification.py:78} INFO - Updated row with Video_ID: 1gfgZhW3YgU
[2025-10-22T15:00:20.327+0000] {data_modification.py:78} INFO - Updated row with Video_ID: 6XCUHLhdnEY
[2025-10-22T15:00:20.331+0000] {data_modification.py:78} INFO - Updated row with Video_ID: ttWTSskmxTA
[2025-10-22T15:00:20.335+0000] {data_modification.py:78} INFO - Updated row with Video_ID: 5bCyFf8lSfk
[2025-10-22T15:00:20.338+0000] {data_modification.py:78} INFO - Updated row with Video_ID: zjC48c3ptt0
[2025-10-22T15:00:20.341+0000] {data_modification.py:78} INFO - Updated row with Video_ID: rS2sntC-lJI
[2025-10-22T15:00:20.345+0000] {data_modification.py:78} INFO - Updated row with Video_ID: fG1N5kzeAhM
[2025-10-22T15:00:20.349+0000] {data_modification.py:78} INFO - Updated row with Video_ID: vT_gRRMjDi0
[2025-10-22T15:00:20.353+0000] {data_modification.py:78} INFO - Updated row with Video_ID: dfcPUqiivDY
[2025-10-22T15:00:20.356+0000] {data_modification.py:78} INFO - Updated row with Video_ID: zCR6DJX7Kak
[2025-10-22T15:00:20.360+0000] {data_modification.py:78} INFO - Updated row with Video_ID: 4cX-w-ia0RU
[2025-10-22T15:00:20.364+0000] {data_modification.py:78} INFO - Updated row with Video_ID: 2nVjy-zd65Q
[2025-10-22T15:00:20.368+0000] {data_modification.py:78} INFO - Updated row with Video_ID: xlzpD4GeBW0
[2025-10-22T15:00:20.372+0000] {data_modification.py:78} INFO - Updated row with Video_ID: 8ZTy3K2QgOY
[2025-10-22T15:00:20.377+0000] {data_modification.py:78} INFO - Updated row with Video_ID: k9zko79_3_I
[2025-10-22T15:00:20.380+0000] {data_modification.py:78} INFO - Updated row with Video_ID: fYnPyLfxSJg
[2025-10-22T15:00:20.387+0000] {data_modification.py:78} INFO - Updated row with Video_ID: pBH_QL4JGcI
[2025-10-22T15:00:20.391+0000] {data_modification.py:78} INFO - Updated row with Video_ID: 1wtFD9zSQO8
[2025-10-22T15:00:20.395+0000] {data_modification.py:78} INFO - Updated row with Video_ID: VqhjiwmGNKA
[2025-10-22T15:00:20.399+0000] {data_modification.py:78} INFO - Updated row with Video_ID: EhZ9gHZOZT8
[2025-10-22T15:00:20.403+0000] {data_modification.py:78} INFO - Updated row with Video_ID: LHtkve6-O0g
[2025-10-22T15:00:20.407+0000] {data_modification.py:78} INFO - Updated row with Video_ID: m3Ol8zn7brk
[2025-10-22T15:00:20.411+0000] {data_modification.py:78} INFO - Updated row with Video_ID: qBiZA4QDsj0
[2025-10-22T15:00:20.419+0000] {data_modification.py:78} INFO - Updated row with Video_ID: NeOrh4GnPZ4
[2025-10-22T15:00:20.424+0000] {data_modification.py:78} INFO - Updated row with Video_ID: 9Ax56oRhcZc
[2025-10-22T15:00:20.429+0000] {data_modification.py:78} INFO - Updated row with Video_ID: -cWVrFABWHw
[2025-10-22T15:00:20.434+0000] {data_modification.py:78} INFO - Updated row with Video_ID: z7qtJAAV5d0
[2025-10-22T15:00:20.437+0000] {data_modification.py:78} INFO - Updated row with Video_ID: 9pk-neTrDoM
[2025-10-22T15:00:20.442+0000] {data_modification.py:78} INFO - Updated row with Video_ID: JQscW6DfNZY
[2025-10-22T15:00:20.446+0000] {data_modification.py:78} INFO - Updated row with Video_ID: 9smE_EiKJ8Q
[2025-10-22T15:00:20.464+0000] {data_modification.py:78} INFO - Updated row with Video_ID: hfaPkoXeYfU
[2025-10-22T15:00:20.482+0000] {data_modification.py:78} INFO - Updated row with Video_ID: u0hHxeWkB_o
[2025-10-22T15:00:20.490+0000] {data_modification.py:78} INFO - Updated row with Video_ID: 64WGWubQO3I
[2025-10-22T15:00:20.495+0000] {data_modification.py:78} INFO - Updated row with Video_ID: QJUs6CSRCFU
[2025-10-22T15:00:20.503+0000] {data_modification.py:78} INFO - Updated row with Video_ID: Om4c4ilT_6g
[2025-10-22T15:00:20.507+0000] {data_modification.py:78} INFO - Updated row with Video_ID: GbOfxRfHdeg
[2025-10-22T15:00:20.520+0000] {data_modification.py:78} INFO - Updated row with Video_ID: yzxYCRDcGDs
[2025-10-22T15:00:20.527+0000] {data_modification.py:78} INFO - Updated row with Video_ID: PCakYf_PnT0
[2025-10-22T15:00:20.531+0000] {data_modification.py:78} INFO - Updated row with Video_ID: 8nv_ltg4RAg
[2025-10-22T15:00:20.540+0000] {data_modification.py:78} INFO - Updated row with Video_ID: VvphlSvCyj8
[2025-10-22T15:00:20.545+0000] {data_modification.py:78} INFO - Updated row with Video_ID: JP3v6UxI124
[2025-10-22T15:00:20.549+0000] {data_modification.py:78} INFO - Updated row with Video_ID: jRURlbRAUhI
[2025-10-22T15:00:20.553+0000] {data_modification.py:78} INFO - Updated row with Video_ID: I_3R9YGFlHE
[2025-10-22T15:00:20.557+0000] {data_modification.py:78} INFO - Updated row with Video_ID: xjJJ_wDlc1E
[2025-10-22T15:00:20.561+0000] {data_modification.py:78} INFO - Updated row with Video_ID: cqirhwhq_qM
[2025-10-22T15:00:20.565+0000] {data_modification.py:78} INFO - Updated row with Video_ID: 3IQdDBwc42o
[2025-10-22T15:00:20.569+0000] {data_modification.py:78} INFO - Updated row with Video_ID: 4YHnf3YepwU
[2025-10-22T15:00:20.572+0000] {data_modification.py:78} INFO - Updated row with Video_ID: uxzBq4Y_fNw
[2025-10-22T15:00:20.576+0000] {data_modification.py:78} INFO - Updated row with Video_ID: HIhUkvAG0o4
[2025-10-22T15:00:20.581+0000] {data_modification.py:78} INFO - Updated row with Video_ID: cpI5lCaqZcQ
[2025-10-22T15:00:20.585+0000] {data_modification.py:78} INFO - Updated row with Video_ID: 6zQhLOw1nw8
[2025-10-22T15:00:20.589+0000] {data_modification.py:78} INFO - Updated row with Video_ID: mfvi_jgdVqE
[2025-10-22T15:00:20.592+0000] {data_modification.py:78} INFO - Updated row with Video_ID: zExxMxcoJ6A
[2025-10-22T15:00:20.594+0000] {data_modification.py:78} INFO - Updated row with Video_ID: hD_Af6W2qug
[2025-10-22T15:00:20.597+0000] {data_modification.py:78} INFO - Updated row with Video_ID: XOtTKQujlkI
[2025-10-22T15:00:20.601+0000] {data_modification.py:78} INFO - Updated row with Video_ID: dRqthQ2Mc_0
[2025-10-22T15:00:20.605+0000] {data_modification.py:78} INFO - Updated row with Video_ID: 8TFq_vvO_Wg
[2025-10-22T15:00:20.609+0000] {data_modification.py:78} INFO - Updated row with Video_ID: oo8ve4Ldpck
[2025-10-22T15:00:20.613+0000] {data_modification.py:78} INFO - Updated row with Video_ID: sKn8Tbp2a-4
[2025-10-22T15:00:20.617+0000] {data_modification.py:78} INFO - Updated row with Video_ID: g0IrVKXIbmE
[2025-10-22T15:00:20.622+0000] {data_modification.py:78} INFO - Updated row with Video_ID: 2Om2M4_Kyd0
[2025-10-22T15:00:20.626+0000] {data_modification.py:78} INFO - Updated row with Video_ID: KaaEivIqX6M
[2025-10-22T15:00:20.630+0000] {data_modification.py:78} INFO - Updated row with Video_ID: W4gBpws7Ug8
[2025-10-22T15:00:20.634+0000] {data_modification.py:78} INFO - Updated row with Video_ID: NT3EkjxO8hs
[2025-10-22T15:00:20.638+0000] {data_modification.py:78} INFO - Updated row with Video_ID: syMozMiJneM
[2025-10-22T15:00:20.643+0000] {data_modification.py:78} INFO - Updated row with Video_ID: OEuS7fjMlMc
[2025-10-22T15:00:20.647+0000] {data_modification.py:78} INFO - Updated row with Video_ID: 1Pr-R2nKTY4
[2025-10-22T15:00:20.651+0000] {data_modification.py:78} INFO - Updated row with Video_ID: QqdUhn99E-s
[2025-10-22T15:00:20.656+0000] {data_modification.py:78} INFO - Updated row with Video_ID: 1UygJmcHUdQ
[2025-10-22T15:00:20.660+0000] {data_modification.py:78} INFO - Updated row with Video_ID: g4DAFnZcCcQ
[2025-10-22T15:00:20.664+0000] {data_modification.py:78} INFO - Updated row with Video_ID: LTr8cXAxy1I
[2025-10-22T15:00:20.668+0000] {data_modification.py:78} INFO - Updated row with Video_ID: TRiF8PdrIP8
[2025-10-22T15:00:20.672+0000] {data_modification.py:78} INFO - Updated row with Video_ID: NFZ_MtTvwm0
[2025-10-22T15:00:20.678+0000] {data_modification.py:78} INFO - Updated row with Video_ID: Pgxi8dsUW-o
[2025-10-22T15:00:20.690+0000] {data_modification.py:78} INFO - Updated row with Video_ID: YY2-jJojnOA
[2025-10-22T15:00:20.693+0000] {data_modification.py:78} INFO - Updated row with Video_ID: 7Pogam71094
[2025-10-22T15:00:20.696+0000] {data_modification.py:78} INFO - Updated row with Video_ID: DL0OPJ2hahc
[2025-10-22T15:00:20.700+0000] {data_modification.py:78} INFO - Updated row with Video_ID: WwE0tR08OTU
[2025-10-22T15:00:20.703+0000] {data_modification.py:78} INFO - Updated row with Video_ID: 2LIJtcI4dbg
[2025-10-22T15:00:20.707+0000] {data_modification.py:78} INFO - Updated row with Video_ID: rXnaD7PU9kY
[2025-10-22T15:00:20.710+0000] {data_modification.py:78} INFO - Updated row with Video_ID: Ng_qwlvhrJo
[2025-10-22T15:00:20.714+0000] {data_modification.py:78} INFO - Updated row with Video_ID: bzIPun3cVsw
[2025-10-22T15:00:20.717+0000] {data_modification.py:78} INFO - Updated row with Video_ID: miKQkeq5sbU
[2025-10-22T15:00:20.721+0000] {data_modification.py:78} INFO - Updated row with Video_ID: Lwt_VThQIdM
[2025-10-22T15:00:20.724+0000] {data_modification.py:78} INFO - Updated row with Video_ID: P2oPACr4uuU
[2025-10-22T15:00:20.728+0000] {data_modification.py:78} INFO - Updated row with Video_ID: h-D6ukDcS9o
[2025-10-22T15:00:20.733+0000] {data_modification.py:78} INFO - Updated row with Video_ID: mY77HA20MzA
[2025-10-22T15:00:20.736+0000] {data_modification.py:78} INFO - Updated row with Video_ID: 4krBgDFycgY
[2025-10-22T15:00:20.741+0000] {data_modification.py:78} INFO - Updated row with Video_ID: dpUxRIqbNlc
[2025-10-22T15:00:20.744+0000] {data_modification.py:78} INFO - Updated row with Video_ID: Cp431S5z8PE
[2025-10-22T15:00:20.748+0000] {data_modification.py:78} INFO - Updated row with Video_ID: ttLYXcza4j4
[2025-10-22T15:00:20.754+0000] {data_modification.py:78} INFO - Updated row with Video_ID: 3-f9DEFsh4w
[2025-10-22T15:00:20.757+0000] {data_modification.py:78} INFO - Updated row with Video_ID: vuOTP206zWM
[2025-10-22T15:00:20.761+0000] {data_modification.py:78} INFO - Updated row with Video_ID: J590MYm0SY8
[2025-10-22T15:00:20.765+0000] {data_modification.py:78} INFO - Updated row with Video_ID: vGB2d5cQJpY
[2025-10-22T15:00:20.769+0000] {data_modification.py:78} INFO - Updated row with Video_ID: pGYyUssWLTA
[2025-10-22T15:00:20.772+0000] {data_modification.py:78} INFO - Updated row with Video_ID: j7kM8G_AjuY
[2025-10-22T15:00:20.776+0000] {data_modification.py:78} INFO - Updated row with Video_ID: deK-My3Of0o
[2025-10-22T15:00:20.780+0000] {data_modification.py:78} INFO - Updated row with Video_ID: oB8kFFvJdhE
[2025-10-22T15:00:20.784+0000] {data_modification.py:78} INFO - Updated row with Video_ID: X9eXa-Uzuj0
[2025-10-22T15:00:20.787+0000] {data_modification.py:78} INFO - Updated row with Video_ID: GxTVDClFXuc
[2025-10-22T15:00:20.790+0000] {data_modification.py:78} INFO - Updated row with Video_ID: kGaq-Qi9hoE
[2025-10-22T15:00:20.794+0000] {data_modification.py:78} INFO - Updated row with Video_ID: 9zFfp3gzZ88
[2025-10-22T15:00:20.797+0000] {data_modification.py:78} INFO - Updated row with Video_ID: mM2KwBYa-u4
[2025-10-22T15:00:20.801+0000] {data_modification.py:78} INFO - Updated row with Video_ID: WAcmsAISniQ
[2025-10-22T15:00:20.805+0000] {data_modification.py:78} INFO - Updated row with Video_ID: kqUT-s3a6tU
[2025-10-22T15:00:20.809+0000] {data_modification.py:78} INFO - Updated row with Video_ID: NUVglXbGBfs
[2025-10-22T15:00:20.814+0000] {data_modification.py:78} INFO - Updated row with Video_ID: T-v4b3WtPAg
[2025-10-22T15:00:20.818+0000] {data_modification.py:78} INFO - Updated row with Video_ID: m8qGlpcfAIw
[2025-10-22T15:00:20.823+0000] {data_modification.py:78} INFO - Updated row with Video_ID: uZPkMnv8b-o
[2025-10-22T15:00:20.827+0000] {data_modification.py:78} INFO - Updated row with Video_ID: qVLr6SMxvJw
[2025-10-22T15:00:20.831+0000] {data_modification.py:78} INFO - Updated row with Video_ID: 4AigP5OY8JE
[2025-10-22T15:00:20.834+0000] {data_modification.py:78} INFO - Updated row with Video_ID: RMoFUeBVefA
[2025-10-22T15:00:20.839+0000] {data_modification.py:78} INFO - Updated row with Video_ID: ep7S1XnuQLU
[2025-10-22T15:00:20.843+0000] {data_modification.py:78} INFO - Updated row with Video_ID: p6bzNpgbX8Y
[2025-10-22T15:00:20.846+0000] {data_modification.py:78} INFO - Updated row with Video_ID: 6T17licWsQ4
[2025-10-22T15:00:20.850+0000] {data_modification.py:78} INFO - Updated row with Video_ID: 1s6UOlWdpw4
[2025-10-22T15:00:20.854+0000] {data_modification.py:78} INFO - Updated row with Video_ID: 3LuchpUc7PU
[2025-10-22T15:00:20.858+0000] {data_modification.py:78} INFO - Updated row with Video_ID: _f6xCA0-gAo
[2025-10-22T15:00:20.861+0000] {data_modification.py:78} INFO - Updated row with Video_ID: lfD7kMZKuNg
[2025-10-22T15:00:20.868+0000] {data_modification.py:78} INFO - Updated row with Video_ID: ejlkNGm82w4
[2025-10-22T15:00:20.872+0000] {data_modification.py:78} INFO - Updated row with Video_ID: Jtj9rUqlB1Y
[2025-10-22T15:00:20.879+0000] {data_modification.py:78} INFO - Updated row with Video_ID: ZqzFRGH_tMQ
[2025-10-22T15:00:20.884+0000] {data_modification.py:78} INFO - Updated row with Video_ID: 94A-bsumX9A
[2025-10-22T15:00:20.889+0000] {data_modification.py:78} INFO - Updated row with Video_ID: gYaxI_allkQ
[2025-10-22T15:00:20.893+0000] {data_modification.py:78} INFO - Updated row with Video_ID: ZQZzR0DUujc
[2025-10-22T15:00:20.897+0000] {data_modification.py:78} INFO - Updated row with Video_ID: -V3-fhJQZkk
[2025-10-22T15:00:20.901+0000] {data_modification.py:78} INFO - Updated row with Video_ID: QX0wvWGW2qg
[2025-10-22T15:00:20.905+0000] {data_modification.py:78} INFO - Updated row with Video_ID: oODUkNQAzXU
[2025-10-22T15:00:20.908+0000] {data_modification.py:78} INFO - Updated row with Video_ID: 2jWZtKTN6jU
[2025-10-22T15:00:20.912+0000] {data_modification.py:78} INFO - Updated row with Video_ID: zsADECFHY8w
[2025-10-22T15:00:20.919+0000] {data_modification.py:78} INFO - Updated row with Video_ID: Feh8o-HmthM
[2025-10-22T15:00:20.923+0000] {data_modification.py:78} INFO - Updated row with Video_ID: 6Xv-LVYZQxk
[2025-10-22T15:00:20.927+0000] {data_modification.py:78} INFO - Updated row with Video_ID: 8-0ZHJHp9g4
[2025-10-22T15:00:20.931+0000] {data_modification.py:78} INFO - Updated row with Video_ID: QqIG0R-KpGk
[2025-10-22T15:00:20.935+0000] {data_modification.py:78} INFO - Updated row with Video_ID: qENpZBzgaUM
[2025-10-22T15:00:20.939+0000] {data_modification.py:78} INFO - Updated row with Video_ID: 4DYBVA4884Y
[2025-10-22T15:00:20.948+0000] {data_modification.py:78} INFO - Updated row with Video_ID: skEf9R0TXkM
[2025-10-22T15:00:20.952+0000] {data_modification.py:78} INFO - Updated row with Video_ID: bEIK5ni_Pzs
[2025-10-22T15:00:20.961+0000] {data_modification.py:78} INFO - Updated row with Video_ID: _oZyp4mTzSQ
[2025-10-22T15:00:20.965+0000] {data_modification.py:78} INFO - Updated row with Video_ID: is1LSWbssuA
[2025-10-22T15:00:20.970+0000] {data_modification.py:78} INFO - Updated row with Video_ID: XR_q9_LEKuc
[2025-10-22T15:00:20.974+0000] {data_modification.py:78} INFO - Updated row with Video_ID: X9UiBpDHW3w
[2025-10-22T15:00:20.978+0000] {data_modification.py:78} INFO - Updated row with Video_ID: PRU47AuQF2M
[2025-10-22T15:00:20.984+0000] {data_modification.py:78} INFO - Updated row with Video_ID: Y3Rxgf5_R_I
[2025-10-22T15:00:20.989+0000] {data_modification.py:78} INFO - Updated row with Video_ID: R6zuvKbvKyU
[2025-10-22T15:00:20.994+0000] {data_modification.py:78} INFO - Updated row with Video_ID: yCKe65Nvp0Q
[2025-10-22T15:00:21.000+0000] {data_modification.py:78} INFO - Updated row with Video_ID: XBe57FyB2xU
[2025-10-22T15:00:21.004+0000] {data_modification.py:78} INFO - Updated row with Video_ID: zpCwHwWgbsI
[2025-10-22T15:00:21.011+0000] {data_modification.py:78} INFO - Updated row with Video_ID: lh61MVUxJt0
[2025-10-22T15:00:21.018+0000] {data_modification.py:78} INFO - Updated row with Video_ID: eBklqeeIu10
[2025-10-22T15:00:21.024+0000] {data_modification.py:78} INFO - Updated row with Video_ID: SgMydsOucFg
[2025-10-22T15:00:21.028+0000] {data_modification.py:78} INFO - Updated row with Video_ID: jPm3hRiMKuU
[2025-10-22T15:00:21.033+0000] {data_modification.py:78} INFO - Updated row with Video_ID: OweuuinkVZI
[2025-10-22T15:00:21.038+0000] {data_modification.py:78} INFO - Updated row with Video_ID: 7Pr0HP-Trgk
[2025-10-22T15:00:21.042+0000] {data_modification.py:78} INFO - Updated row with Video_ID: UEK0fYAqMss
[2025-10-22T15:00:21.050+0000] {data_modification.py:78} INFO - Updated row with Video_ID: lRznKN2oPUc
[2025-10-22T15:00:21.057+0000] {data_modification.py:78} INFO - Updated row with Video_ID: IDrS_TrjuK4
[2025-10-22T15:00:21.061+0000] {data_modification.py:78} INFO - Updated row with Video_ID: J1lhxfZtR3M
[2025-10-22T15:00:21.066+0000] {data_modification.py:78} INFO - Updated row with Video_ID: b_o8cz0ZNdk
[2025-10-22T15:00:21.070+0000] {data_modification.py:78} INFO - Updated row with Video_ID: i5dhcAxO25Q
[2025-10-22T15:00:21.075+0000] {data_modification.py:78} INFO - Updated row with Video_ID: -o_8CDbFMJ0
[2025-10-22T15:00:21.081+0000] {data_modification.py:78} INFO - Updated row with Video_ID: v5J1Cycn3s8
[2025-10-22T15:00:21.094+0000] {data_modification.py:78} INFO - Updated row with Video_ID: YJiqYG-Mylk
[2025-10-22T15:00:21.109+0000] {data_modification.py:78} INFO - Updated row with Video_ID: jGE1sUTeR5g
[2025-10-22T15:00:21.129+0000] {data_modification.py:78} INFO - Updated row with Video_ID: 0tZCQ25fsoI
[2025-10-22T15:00:21.136+0000] {data_modification.py:78} INFO - Updated row with Video_ID: N9jTogPwqVY
[2025-10-22T15:00:21.139+0000] {data_modification.py:78} INFO - Updated row with Video_ID: yyJ7xEcENNI
[2025-10-22T15:00:21.144+0000] {data_modification.py:78} INFO - Updated row with Video_ID: 3rJgCGMPEqA
[2025-10-22T15:00:21.153+0000] {data_modification.py:78} INFO - Updated row with Video_ID: 7isfkomGg7o
[2025-10-22T15:00:21.159+0000] {data_modification.py:78} INFO - Updated row with Video_ID: UCYefSGBP00
[2025-10-22T15:00:21.164+0000] {data_modification.py:78} INFO - Updated row with Video_ID: dvdGkRK5a_0
[2025-10-22T15:00:21.167+0000] {data_modification.py:78} INFO - Updated row with Video_ID: X7doE4h6W64
[2025-10-22T15:00:21.173+0000] {data_modification.py:78} INFO - Updated row with Video_ID: GhppzOzN3MM
[2025-10-22T15:00:21.177+0000] {data_modification.py:78} INFO - Updated row with Video_ID: QkXDatNdL4U
[2025-10-22T15:00:21.183+0000] {data_modification.py:78} INFO - Updated row with Video_ID: hyt2t4r8lQ4
[2025-10-22T15:00:21.188+0000] {data_modification.py:78} INFO - Updated row with Video_ID: -mlok5iT3GE
[2025-10-22T15:00:21.192+0000] {data_modification.py:78} INFO - Updated row with Video_ID: STvOHHgJ1sQ
[2025-10-22T15:00:21.200+0000] {data_modification.py:78} INFO - Updated row with Video_ID: 2-ErX5oDzwM
[2025-10-22T15:00:21.204+0000] {data_modification.py:78} INFO - Updated row with Video_ID: ELIoOUKSOJQ
[2025-10-22T15:00:21.213+0000] {data_modification.py:78} INFO - Updated row with Video_ID: uAoayezOaug
[2025-10-22T15:00:21.218+0000] {data_modification.py:78} INFO - Updated row with Video_ID: Vr2337tCLCI
[2025-10-22T15:00:21.225+0000] {data_modification.py:78} INFO - Updated row with Video_ID: NV7qmqbS8tM
[2025-10-22T15:00:21.230+0000] {data_modification.py:78} INFO - Updated row with Video_ID: U9c-ycvw02A
[2025-10-22T15:00:21.235+0000] {data_modification.py:78} INFO - Updated row with Video_ID: GfgcVOuHLAo
[2025-10-22T15:00:21.243+0000] {data_modification.py:78} INFO - Updated row with Video_ID: zi7tZ-2PhLk
[2025-10-22T15:00:21.249+0000] {data_modification.py:78} INFO - Updated row with Video_ID: TacjQmKCiZg
[2025-10-22T15:00:21.253+0000] {data_modification.py:78} INFO - Updated row with Video_ID: AIytwdufwW8
[2025-10-22T15:00:21.257+0000] {data_modification.py:78} INFO - Updated row with Video_ID: KLAI0c0Spog
[2025-10-22T15:00:21.262+0000] {data_modification.py:78} INFO - Updated row with Video_ID: UVin8WtE5eU
[2025-10-22T15:00:21.266+0000] {data_modification.py:78} INFO - Updated row with Video_ID: wNuxirsrwBk
[2025-10-22T15:00:21.270+0000] {data_modification.py:78} INFO - Updated row with Video_ID: 6bxZpS0cm5o
[2025-10-22T15:00:21.277+0000] {data_modification.py:78} INFO - Updated row with Video_ID: ajJbMGq9AS4
[2025-10-22T15:00:21.282+0000] {data_modification.py:78} INFO - Updated row with Video_ID: UXw9jqgJNNc
[2025-10-22T15:00:21.290+0000] {data_modification.py:78} INFO - Updated row with Video_ID: E3CqKvlzl-I
[2025-10-22T15:00:21.295+0000] {data_modification.py:78} INFO - Updated row with Video_ID: zfDr05ax0gM
[2025-10-22T15:00:21.301+0000] {data_modification.py:78} INFO - Updated row with Video_ID: 56OkH6ocYZU
[2025-10-22T15:00:21.307+0000] {data_modification.py:78} INFO - Updated row with Video_ID: w40Z8aT5fpQ
[2025-10-22T15:00:21.315+0000] {data_modification.py:78} INFO - Updated row with Video_ID: zgDezsMQyyU
[2025-10-22T15:00:21.319+0000] {data_modification.py:78} INFO - Updated row with Video_ID: UEwnitHoSDw
[2025-10-22T15:00:21.324+0000] {data_modification.py:78} INFO - Updated row with Video_ID: __SaaKSW9iE
[2025-10-22T15:00:21.328+0000] {data_modification.py:78} INFO - Updated row with Video_ID: qWnyJ55KBKo
[2025-10-22T15:00:21.334+0000] {data_modification.py:78} INFO - Updated row with Video_ID: 52awie9G00A
[2025-10-22T15:00:21.338+0000] {data_modification.py:78} INFO - Updated row with Video_ID: bB99NdUoxEQ
[2025-10-22T15:00:21.342+0000] {data_modification.py:78} INFO - Updated row with Video_ID: 7GjSaNi8Epg
[2025-10-22T15:00:21.346+0000] {data_modification.py:78} INFO - Updated row with Video_ID: rHoLyltYDtQ
[2025-10-22T15:00:21.352+0000] {data_modification.py:78} INFO - Updated row with Video_ID: yeHjsYQ076A
[2025-10-22T15:00:21.357+0000] {data_modification.py:78} INFO - Updated row with Video_ID: ywZy_Fo2ydo
[2025-10-22T15:00:21.362+0000] {data_modification.py:78} INFO - Updated row with Video_ID: qr4v9pdfVlU
[2025-10-22T15:00:21.369+0000] {data_modification.py:78} INFO - Updated row with Video_ID: hgiPX33AHas
[2025-10-22T15:00:21.374+0000] {data_modification.py:78} INFO - Updated row with Video_ID: oZ-Mn5p1xMw
[2025-10-22T15:00:21.385+0000] {data_modification.py:78} INFO - Updated row with Video_ID: 5UPa_hu5opg
[2025-10-22T15:00:21.390+0000] {data_modification.py:78} INFO - Updated row with Video_ID: zv_oq5UNDAo
[2025-10-22T15:00:21.395+0000] {data_modification.py:78} INFO - Updated row with Video_ID: NiqkH7qVW0U
[2025-10-22T15:00:21.400+0000] {data_modification.py:78} INFO - Updated row with Video_ID: boBokLXe5o8
[2025-10-22T15:00:21.404+0000] {data_modification.py:78} INFO - Updated row with Video_ID: 7YOzgk-U4EU
[2025-10-22T15:00:21.411+0000] {data_modification.py:78} INFO - Updated row with Video_ID: prdSftLj9-g
[2025-10-22T15:00:21.420+0000] {data_modification.py:78} INFO - Updated row with Video_ID: pzlPJmNyepA
[2025-10-22T15:00:21.435+0000] {data_modification.py:78} INFO - Updated row with Video_ID: QNoqAnJOSqU
[2025-10-22T15:00:21.443+0000] {data_modification.py:78} INFO - Updated row with Video_ID: kzIA4vKyhRQ
[2025-10-22T15:00:21.449+0000] {data_modification.py:78} INFO - Updated row with Video_ID: DfonKqMENrg
[2025-10-22T15:00:21.453+0000] {data_modification.py:78} INFO - Updated row with Video_ID: MUQCwdkEbq0
[2025-10-22T15:00:21.458+0000] {data_modification.py:78} INFO - Updated row with Video_ID: JlUzoQN9FWw
[2025-10-22T15:00:21.462+0000] {data_modification.py:78} INFO - Updated row with Video_ID: uCIpW9zOmgI
[2025-10-22T15:00:21.467+0000] {data_modification.py:78} INFO - Updated row with Video_ID: Z0Poefgrs4w
[2025-10-22T15:00:21.471+0000] {data_modification.py:78} INFO - Updated row with Video_ID: MLN6TRB9Jxw
[2025-10-22T15:00:21.475+0000] {data_modification.py:78} INFO - Updated row with Video_ID: vZrL_FFITgs
[2025-10-22T15:00:21.480+0000] {data_modification.py:78} INFO - Updated row with Video_ID: L7lGD_anC00
[2025-10-22T15:00:21.483+0000] {data_modification.py:78} INFO - Updated row with Video_ID: xu1nhAfnMGA
[2025-10-22T15:00:21.487+0000] {data_modification.py:78} INFO - Updated row with Video_ID: D1livXdFGkQ
[2025-10-22T15:00:21.493+0000] {data_modification.py:78} INFO - Updated row with Video_ID: bwp_3qLgWpQ
[2025-10-22T15:00:21.500+0000] {data_modification.py:78} INFO - Updated row with Video_ID: tZpnfF0-7Ls
[2025-10-22T15:00:21.509+0000] {data_modification.py:78} INFO - Updated row with Video_ID: BwAMltY3-c0
[2025-10-22T15:00:21.524+0000] {data_modification.py:78} INFO - Updated row with Video_ID: 7HBR3Ea72CY
[2025-10-22T15:00:21.533+0000] {data_modification.py:78} INFO - Updated row with Video_ID: Ds9H2UnUHL0
[2025-10-22T15:00:21.537+0000] {data_modification.py:78} INFO - Updated row with Video_ID: iqUFeWAVp-0
[2025-10-22T15:00:21.542+0000] {data_modification.py:78} INFO - Updated row with Video_ID: W2skFWRk6qo
[2025-10-22T15:00:21.546+0000] {data_modification.py:78} INFO - Updated row with Video_ID: X_qd-1xSTFA
[2025-10-22T15:00:21.550+0000] {data_modification.py:78} INFO - Updated row with Video_ID: VWa0ImMY2bQ
[2025-10-22T15:00:21.554+0000] {data_modification.py:78} INFO - Updated row with Video_ID: fEcASr38n2E
[2025-10-22T15:00:21.559+0000] {data_modification.py:78} INFO - Updated row with Video_ID: udmf5MQLNGA
[2025-10-22T15:00:21.563+0000] {data_modification.py:78} INFO - Updated row with Video_ID: 0dg2eR2NSQ0
[2025-10-22T15:00:21.567+0000] {data_modification.py:78} INFO - Updated row with Video_ID: 6BNOWeYFyP8
[2025-10-22T15:00:21.576+0000] {data_modification.py:78} INFO - Updated row with Video_ID: LDegY-H60_U
[2025-10-22T15:00:21.593+0000] {data_modification.py:78} INFO - Updated row with Video_ID: D51HaR-XvgM
[2025-10-22T15:00:21.610+0000] {data_modification.py:78} INFO - Updated row with Video_ID: Rio7r_vLUEo
[2025-10-22T15:00:21.631+0000] {data_modification.py:78} INFO - Updated row with Video_ID: 8E5Ygl02wtM
[2025-10-22T15:00:21.661+0000] {data_modification.py:78} INFO - Updated row with Video_ID: moMJjt5KECc
[2025-10-22T15:00:21.679+0000] {data_modification.py:78} INFO - Updated row with Video_ID: OffgqPzDi7Q
[2025-10-22T15:00:21.687+0000] {data_modification.py:78} INFO - Updated row with Video_ID: HduubRTdko4
[2025-10-22T15:00:21.694+0000] {data_modification.py:78} INFO - Updated row with Video_ID: qFOGv5zuTdw
[2025-10-22T15:00:21.703+0000] {data_modification.py:78} INFO - Updated row with Video_ID: u6t4jrhs56Q
[2025-10-22T15:00:21.708+0000] {data_modification.py:78} INFO - Updated row with Video_ID: 460GXJiGCEs
[2025-10-22T15:00:21.713+0000] {data_modification.py:78} INFO - Updated row with Video_ID: ZiuoOcj2eLY
[2025-10-22T15:00:21.718+0000] {data_modification.py:78} INFO - Updated row with Video_ID: LYK6SPMtJ_Y
[2025-10-22T15:00:21.722+0000] {data_modification.py:78} INFO - Updated row with Video_ID: 2ljWxaMvE_0
[2025-10-22T15:00:21.725+0000] {data_modification.py:78} INFO - Updated row with Video_ID: rSuuQ_s8gOw
[2025-10-22T15:00:21.729+0000] {data_modification.py:78} INFO - Updated row with Video_ID: vKKhX-Uyggw
[2025-10-22T15:00:21.734+0000] {data_modification.py:78} INFO - Updated row with Video_ID: EAwXH82m-6A
[2025-10-22T15:00:21.738+0000] {data_modification.py:78} INFO - Updated row with Video_ID: U_07AG_CR5A
[2025-10-22T15:00:21.742+0000] {data_modification.py:78} INFO - Updated row with Video_ID: Xe0AGtF5aNU
[2025-10-22T15:00:21.745+0000] {data_modification.py:78} INFO - Updated row with Video_ID: NCv0drAPm_M
[2025-10-22T15:00:21.752+0000] {data_modification.py:78} INFO - Updated row with Video_ID: HuLAAXZXIy0
[2025-10-22T15:00:21.756+0000] {data_modification.py:78} INFO - Updated row with Video_ID: pV7UcYW1OwA
[2025-10-22T15:00:21.773+0000] {data_modification.py:78} INFO - Updated row with Video_ID: x4IXCimma-s
[2025-10-22T15:00:21.778+0000] {data_modification.py:78} INFO - Updated row with Video_ID: anZbhN0Wh_4
[2025-10-22T15:00:21.782+0000] {data_modification.py:78} INFO - Updated row with Video_ID: 3Q3pQmzWyZM
[2025-10-22T15:00:21.787+0000] {data_modification.py:78} INFO - Updated row with Video_ID: BqS4iVHa-LU
[2025-10-22T15:00:21.791+0000] {data_modification.py:78} INFO - Updated row with Video_ID: zX04jQFKCpo
[2025-10-22T15:00:21.795+0000] {data_modification.py:78} INFO - Updated row with Video_ID: G7Y9ban7b0U
[2025-10-22T15:00:21.799+0000] {data_modification.py:78} INFO - Updated row with Video_ID: EMVvA5Cr0fY
[2025-10-22T15:00:21.803+0000] {data_modification.py:78} INFO - Updated row with Video_ID: e14MroQ5k_s
[2025-10-22T15:00:21.807+0000] {data_modification.py:78} INFO - Updated row with Video_ID: CuzdxsOXEZ8
[2025-10-22T15:00:21.810+0000] {data_modification.py:78} INFO - Updated row with Video_ID: 67Wj-0OyKOM
[2025-10-22T15:00:21.822+0000] {data_modification.py:78} INFO - Updated row with Video_ID: dg6iqLCPizs
[2025-10-22T15:00:21.826+0000] {data_modification.py:78} INFO - Updated row with Video_ID: cRPldarzw-M
[2025-10-22T15:00:21.832+0000] {data_modification.py:78} INFO - Updated row with Video_ID: tusuuI7MEJU
[2025-10-22T15:00:21.841+0000] {data_modification.py:78} INFO - Updated row with Video_ID: XDe5f8BEvwY
[2025-10-22T15:00:21.845+0000] {data_modification.py:78} INFO - Updated row with Video_ID: BtCGABBPH9s
[2025-10-22T15:00:21.850+0000] {data_modification.py:78} INFO - Updated row with Video_ID: KJ_C_NSl0P8
[2025-10-22T15:00:21.853+0000] {data_modification.py:78} INFO - Updated row with Video_ID: LI8nWXeYtOs
[2025-10-22T15:00:21.857+0000] {data_modification.py:78} INFO - Updated row with Video_ID: LMe7k8I082w
[2025-10-22T15:00:21.860+0000] {data_modification.py:78} INFO - Updated row with Video_ID: h77pHTSPSiw
[2025-10-22T15:00:21.864+0000] {data_modification.py:78} INFO - Updated row with Video_ID: JUiijjJOInw
[2025-10-22T15:00:21.867+0000] {data_modification.py:78} INFO - Updated row with Video_ID: gpbY6zCEBv4
[2025-10-22T15:00:21.873+0000] {data_modification.py:78} INFO - Updated row with Video_ID: Kgu2ApayYvI
[2025-10-22T15:00:21.878+0000] {data_modification.py:78} INFO - Updated row with Video_ID: S9PIukDRcvk
[2025-10-22T15:00:21.884+0000] {data_modification.py:78} INFO - Updated row with Video_ID: lrw3zkGS9Vc
[2025-10-22T15:00:21.890+0000] {data_modification.py:78} INFO - Updated row with Video_ID: IQYW_lVBYGo
[2025-10-22T15:00:21.895+0000] {data_modification.py:78} INFO - Updated row with Video_ID: iOjxpow6jow
[2025-10-22T15:00:21.901+0000] {data_modification.py:78} INFO - Updated row with Video_ID: GdD2pqAdjXY
[2025-10-22T15:00:21.905+0000] {data_modification.py:78} INFO - Updated row with Video_ID: nmHCmLVLxcU
[2025-10-22T15:00:21.910+0000] {data_modification.py:78} INFO - Updated row with Video_ID: TZPlDuYrcDQ
[2025-10-22T15:00:21.915+0000] {data_modification.py:78} INFO - Updated row with Video_ID: Oub4nMrNTqQ
[2025-10-22T15:00:21.919+0000] {data_modification.py:78} INFO - Updated row with Video_ID: h5Z36IuyrKc
[2025-10-22T15:00:21.922+0000] {data_modification.py:78} INFO - Updated row with Video_ID: 2IGxSOfsBok
[2025-10-22T15:00:21.926+0000] {data_modification.py:78} INFO - Updated row with Video_ID: ZxkLCq49Tvk
[2025-10-22T15:00:21.931+0000] {data_modification.py:78} INFO - Updated row with Video_ID: smDPnIdlkhM
[2025-10-22T15:00:21.935+0000] {data_modification.py:78} INFO - Updated row with Video_ID: 3nn_skHgkqI
[2025-10-22T15:00:21.939+0000] {data_modification.py:78} INFO - Updated row with Video_ID: A8IkOqb_7Yg
[2025-10-22T15:00:21.942+0000] {data_modification.py:78} INFO - Updated row with Video_ID: hHl_YMivv3c
[2025-10-22T15:00:21.946+0000] {data_modification.py:78} INFO - Updated row with Video_ID: 7mLSbgyjM0g
[2025-10-22T15:00:21.950+0000] {data_modification.py:78} INFO - Updated row with Video_ID: TGKkMl17Htg
[2025-10-22T15:00:21.953+0000] {data_modification.py:78} INFO - Updated row with Video_ID: Qw3eFnsSdlQ
[2025-10-22T15:00:21.957+0000] {data_modification.py:78} INFO - Updated row with Video_ID: KcNCJ1mgt14
[2025-10-22T15:00:21.960+0000] {data_modification.py:78} INFO - Updated row with Video_ID: A4lp4FRCo6o
[2025-10-22T15:00:21.964+0000] {data_modification.py:78} INFO - Updated row with Video_ID: WYKZz3Zygdc
[2025-10-22T15:00:21.969+0000] {data_modification.py:78} INFO - Updated row with Video_ID: 5U2fmvh9_Is
[2025-10-22T15:00:21.973+0000] {data_modification.py:78} INFO - Updated row with Video_ID: xvIpibLjs5k
[2025-10-22T15:00:21.978+0000] {data_modification.py:78} INFO - Updated row with Video_ID: jlpAON0ePME
[2025-10-22T15:00:21.983+0000] {data_modification.py:78} INFO - Updated row with Video_ID: sfp0a6zDoNQ
[2025-10-22T15:00:21.987+0000] {data_modification.py:78} INFO - Updated row with Video_ID: RaDRWNz3Al4
[2025-10-22T15:00:21.990+0000] {data_modification.py:78} INFO - Updated row with Video_ID: Ms9MGkEm4mg
[2025-10-22T15:00:21.993+0000] {data_modification.py:78} INFO - Updated row with Video_ID: 90wWStXJX5c
[2025-10-22T15:00:21.998+0000] {data_modification.py:78} INFO - Updated row with Video_ID: pP1KMQb51GA
[2025-10-22T15:00:22.001+0000] {data_modification.py:78} INFO - Updated row with Video_ID: dPxAFqs2eYE
[2025-10-22T15:00:22.004+0000] {data_modification.py:78} INFO - Updated row with Video_ID: p-KVD5rA_Cw
[2025-10-22T15:00:22.007+0000] {data_modification.py:78} INFO - Updated row with Video_ID: JdCgkcb1iwQ
[2025-10-22T15:00:22.010+0000] {data_modification.py:78} INFO - Updated row with Video_ID: 7anhkLPRk-A
[2025-10-22T15:00:22.014+0000] {data_modification.py:78} INFO - Updated row with Video_ID: XVMY7B3AzWM
[2025-10-22T15:00:22.017+0000] {data_modification.py:78} INFO - Updated row with Video_ID: QXag-irFHxE
[2025-10-22T15:00:22.020+0000] {data_modification.py:78} INFO - Updated row with Video_ID: vBEGODNmdas
[2025-10-22T15:00:22.024+0000] {data_modification.py:78} INFO - Updated row with Video_ID: v3tbnlc5cfo
[2025-10-22T15:00:22.027+0000] {data_modification.py:78} INFO - Updated row with Video_ID: ObYLL97-SBA
[2025-10-22T15:00:22.031+0000] {data_modification.py:78} INFO - Updated row with Video_ID: IaR7P4-wFK8
[2025-10-22T15:00:22.035+0000] {data_modification.py:78} INFO - Updated row with Video_ID: v1ELS84GQu8
[2025-10-22T15:00:22.038+0000] {data_modification.py:78} INFO - Updated row with Video_ID: ctJORnOjbrQ
[2025-10-22T15:00:22.042+0000] {data_modification.py:78} INFO - Updated row with Video_ID: -hrPQFaDVKQ
[2025-10-22T15:00:22.046+0000] {data_modification.py:78} INFO - Updated row with Video_ID: bIZ5_L1ru2w
[2025-10-22T15:00:22.049+0000] {data_modification.py:78} INFO - Updated row with Video_ID: yyssjJEJMt4
[2025-10-22T15:00:22.053+0000] {data_modification.py:78} INFO - Updated row with Video_ID: 2bwPntvb90U
[2025-10-22T15:00:22.056+0000] {data_modification.py:78} INFO - Updated row with Video_ID: Wz1VHTZq16c
[2025-10-22T15:00:22.059+0000] {data_modification.py:78} INFO - Updated row with Video_ID: Cs-kyTJso-A
[2025-10-22T15:00:22.063+0000] {data_modification.py:78} INFO - Updated row with Video_ID: jkqd-oc0F00
[2025-10-22T15:00:22.067+0000] {data_modification.py:78} INFO - Updated row with Video_ID: mVkT6Cd9SoI
[2025-10-22T15:00:22.070+0000] {data_modification.py:78} INFO - Updated row with Video_ID: rffyxTTNkyk
[2025-10-22T15:00:22.074+0000] {data_modification.py:78} INFO - Updated row with Video_ID: OOesLeO6-pc
[2025-10-22T15:00:22.078+0000] {data_modification.py:78} INFO - Updated row with Video_ID: Q5lcjP6XlHw
[2025-10-22T15:00:22.081+0000] {data_modification.py:78} INFO - Updated row with Video_ID: sE3ZZmYotSs
[2025-10-22T15:00:22.084+0000] {data_modification.py:78} INFO - Updated row with Video_ID: pUwUAtmBKxw
[2025-10-22T15:00:22.086+0000] {data_modification.py:78} INFO - Updated row with Video_ID: p5rGgPZtjDw
[2025-10-22T15:00:22.089+0000] {data_modification.py:78} INFO - Updated row with Video_ID: bWDmDsdvoBs
[2025-10-22T15:00:22.092+0000] {data_modification.py:78} INFO - Updated row with Video_ID: OJA1QK-j-Oo
[2025-10-22T15:00:22.095+0000] {data_modification.py:78} INFO - Updated row with Video_ID: yWEUL3crU_E
[2025-10-22T15:00:22.099+0000] {data_modification.py:78} INFO - Updated row with Video_ID: TDv56whosPQ
[2025-10-22T15:00:22.102+0000] {data_modification.py:78} INFO - Updated row with Video_ID: x7yv72s8h0o
[2025-10-22T15:00:22.105+0000] {data_modification.py:78} INFO - Updated row with Video_ID: qtWqHIx8Z-o
[2025-10-22T15:00:22.108+0000] {data_modification.py:78} INFO - Updated row with Video_ID: dc089EZRGcg
[2025-10-22T15:00:22.111+0000] {data_modification.py:78} INFO - Updated row with Video_ID: PWirijQkH4M
[2025-10-22T15:00:22.114+0000] {data_modification.py:78} INFO - Updated row with Video_ID: 9RhWXPcKBI8
[2025-10-22T15:00:22.117+0000] {data_modification.py:78} INFO - Updated row with Video_ID: QjvpjXdgugA
[2025-10-22T15:00:22.120+0000] {data_modification.py:78} INFO - Updated row with Video_ID: vBpQ1SlfVtU
[2025-10-22T15:00:22.124+0000] {data_modification.py:78} INFO - Updated row with Video_ID: mKIhHNznt4s
[2025-10-22T15:00:22.127+0000] {data_modification.py:78} INFO - Updated row with Video_ID: jObOjhUkf50
[2025-10-22T15:00:22.129+0000] {data_modification.py:78} INFO - Updated row with Video_ID: O3YVBJ2n5xg
[2025-10-22T15:00:22.132+0000] {data_modification.py:78} INFO - Updated row with Video_ID: yhB3BgJyGl8
[2025-10-22T15:00:22.135+0000] {data_modification.py:78} INFO - Updated row with Video_ID: CP82DAKzL1U
[2025-10-22T15:00:22.138+0000] {data_modification.py:78} INFO - Updated row with Video_ID: fuhE6PYnRMc
[2025-10-22T15:00:22.141+0000] {data_modification.py:78} INFO - Updated row with Video_ID: stUofW3whpE
[2025-10-22T15:00:22.144+0000] {data_modification.py:78} INFO - Updated row with Video_ID: 48h57PspBec
[2025-10-22T15:00:22.147+0000] {data_modification.py:78} INFO - Updated row with Video_ID: ooAwCOP67GQ
[2025-10-22T15:00:22.150+0000] {data_modification.py:78} INFO - Updated row with Video_ID: FM7Z-Xq8Drc
[2025-10-22T15:00:22.153+0000] {data_modification.py:78} INFO - Updated row with Video_ID: ykRq_rp7NhM
[2025-10-22T15:00:22.156+0000] {data_modification.py:78} INFO - Updated row with Video_ID: WTOm65IZneg
[2025-10-22T15:00:22.159+0000] {data_modification.py:78} INFO - Updated row with Video_ID: 8kggT2ej-lo
[2025-10-22T15:00:22.162+0000] {data_modification.py:78} INFO - Updated row with Video_ID: GGBy50KtvRk
[2025-10-22T15:00:22.165+0000] {data_modification.py:78} INFO - Updated row with Video_ID: Y4-gFIfGXiQ
[2025-10-22T15:00:22.168+0000] {data_modification.py:78} INFO - Updated row with Video_ID: 1WEAJ-DFkHE
[2025-10-22T15:00:22.171+0000] {data_modification.py:78} INFO - Updated row with Video_ID: Y0cBiGUuB1Y
[2025-10-22T15:00:22.174+0000] {data_modification.py:78} INFO - Updated row with Video_ID: YLt73w6criQ
[2025-10-22T15:00:22.176+0000] {data_modification.py:78} INFO - Updated row with Video_ID: NPYPXWJBTWM
[2025-10-22T15:00:22.179+0000] {data_modification.py:78} INFO - Updated row with Video_ID: lglIQkCHO0g
[2025-10-22T15:00:22.183+0000] {data_modification.py:78} INFO - Updated row with Video_ID: TJ2ifmkGGus
[2025-10-22T15:00:22.186+0000] {data_modification.py:78} INFO - Updated row with Video_ID: q2HoSwCMcZw
[2025-10-22T15:00:22.189+0000] {data_modification.py:78} INFO - Updated row with Video_ID: RRknlgRqOds
[2025-10-22T15:00:22.191+0000] {data_modification.py:78} INFO - Updated row with Video_ID: j93M46a-W3U
[2025-10-22T15:00:22.194+0000] {data_modification.py:78} INFO - Updated row with Video_ID: uqjfMNEWNIg
[2025-10-22T15:00:22.197+0000] {data_modification.py:78} INFO - Updated row with Video_ID: X-g9aT2wFjM
[2025-10-22T15:00:22.200+0000] {data_modification.py:78} INFO - Updated row with Video_ID: C82suucz4i4
[2025-10-22T15:00:22.203+0000] {data_modification.py:78} INFO - Updated row with Video_ID: H_DYlka7QAQ
[2025-10-22T15:00:22.205+0000] {data_modification.py:78} INFO - Updated row with Video_ID: ov0KQthQ50U
[2025-10-22T15:00:22.208+0000] {data_modification.py:78} INFO - Updated row with Video_ID: MC-7ziNt_U4
[2025-10-22T15:00:22.210+0000] {data_modification.py:78} INFO - Updated row with Video_ID: PNsF1Uh5yP8
[2025-10-22T15:00:22.213+0000] {data_modification.py:78} INFO - Updated row with Video_ID: 9Y2sAtN5yRs
[2025-10-22T15:00:22.216+0000] {data_modification.py:78} INFO - Updated row with Video_ID: -z349CGAOXs
[2025-10-22T15:00:22.219+0000] {data_modification.py:78} INFO - Updated row with Video_ID: pl4xmh3RWfE
[2025-10-22T15:00:22.221+0000] {data_modification.py:78} INFO - Updated row with Video_ID: 6z5RwrvnH28
[2025-10-22T15:00:22.224+0000] {data_modification.py:78} INFO - Updated row with Video_ID: ivdQqobHDPc
[2025-10-22T15:00:22.226+0000] {data_modification.py:78} INFO - Updated row with Video_ID: uUIlb2rpIuY
[2025-10-22T15:00:22.229+0000] {data_modification.py:78} INFO - Updated row with Video_ID: Ros1PpcO5Js
[2025-10-22T15:00:22.232+0000] {data_modification.py:78} INFO - Updated row with Video_ID: KYv1nqutbK0
[2025-10-22T15:00:22.235+0000] {data_modification.py:78} INFO - Updated row with Video_ID: 7Yi-ctyTNU4
[2025-10-22T15:00:22.237+0000] {data_modification.py:78} INFO - Updated row with Video_ID: VN2-3OfUzd8
[2025-10-22T15:00:22.240+0000] {data_modification.py:78} INFO - Updated row with Video_ID: -2IFrMOM36w
[2025-10-22T15:00:22.243+0000] {data_modification.py:78} INFO - Updated row with Video_ID: 7dIFHQkrASM
[2025-10-22T15:00:22.245+0000] {data_modification.py:78} INFO - Updated row with Video_ID: QicO1Gd0kvU
[2025-10-22T15:00:22.248+0000] {data_modification.py:78} INFO - Updated row with Video_ID: yFfcsmK2TOA
[2025-10-22T15:00:22.251+0000] {data_modification.py:78} INFO - Updated row with Video_ID: Jl0-6tbNGBo
[2025-10-22T15:00:22.254+0000] {data_modification.py:78} INFO - Updated row with Video_ID: IAbX0FwX-GY
[2025-10-22T15:00:22.257+0000] {data_modification.py:78} INFO - Updated row with Video_ID: XKSJRulqDNA
[2025-10-22T15:00:22.260+0000] {data_modification.py:78} INFO - Updated row with Video_ID: jysfHFHNjYQ
[2025-10-22T15:00:22.262+0000] {data_modification.py:78} INFO - Updated row with Video_ID: Yox25V8Qsm4
[2025-10-22T15:00:22.265+0000] {data_modification.py:78} INFO - Updated row with Video_ID: clcN3OA8SNw
[2025-10-22T15:00:22.269+0000] {data_modification.py:78} INFO - Updated row with Video_ID: m3lTwO0aNyw
[2025-10-22T15:00:22.272+0000] {data_modification.py:78} INFO - Updated row with Video_ID: gchqnwXlxJw
[2025-10-22T15:00:22.275+0000] {data_modification.py:78} INFO - Updated row with Video_ID: atCPtw4dg7g
[2025-10-22T15:00:22.278+0000] {data_modification.py:78} INFO - Updated row with Video_ID: t8aM4HuVLrQ
[2025-10-22T15:00:22.281+0000] {data_modification.py:78} INFO - Updated row with Video_ID: M82VAcabSiA
[2025-10-22T15:00:22.286+0000] {data_modification.py:78} INFO - Updated row with Video_ID: 7qj3nuF9Dzw
[2025-10-22T15:00:22.298+0000] {data_modification.py:78} INFO - Updated row with Video_ID: Y74b7WlcEpk
[2025-10-22T15:00:22.308+0000] {data_modification.py:78} INFO - Updated row with Video_ID: Z8nEEdXTaX0
[2025-10-22T15:00:22.314+0000] {data_modification.py:78} INFO - Updated row with Video_ID: jP82d277Cc8
[2025-10-22T15:00:22.319+0000] {data_modification.py:78} INFO - Updated row with Video_ID: 2XVcLrB7B3Y
[2025-10-22T15:00:22.322+0000] {data_modification.py:78} INFO - Updated row with Video_ID: E6E22XQPhhg
[2025-10-22T15:00:22.324+0000] {data_modification.py:78} INFO - Updated row with Video_ID: vp5sSqyZ5Go
[2025-10-22T15:00:22.328+0000] {data_modification.py:78} INFO - Updated row with Video_ID: RwnN2FVaHmw
[2025-10-22T15:00:22.332+0000] {data_modification.py:78} INFO - Updated row with Video_ID: QxGVgXf_LNk
[2025-10-22T15:00:22.336+0000] {data_modification.py:78} INFO - Updated row with Video_ID: al6130OD1Ck
[2025-10-22T15:00:22.339+0000] {data_modification.py:78} INFO - Updated row with Video_ID: d1010B3sKNQ
[2025-10-22T15:00:22.343+0000] {data_modification.py:78} INFO - Updated row with Video_ID: NS3hse9ezik
[2025-10-22T15:00:22.346+0000] {data_modification.py:78} INFO - Updated row with Video_ID: Su34c5Z8DW4
[2025-10-22T15:00:22.350+0000] {data_modification.py:78} INFO - Updated row with Video_ID: GUWGsIVEMSQ
[2025-10-22T15:00:22.354+0000] {data_modification.py:78} INFO - Updated row with Video_ID: wDqJZ_2ZA3A
[2025-10-22T15:00:22.358+0000] {data_modification.py:78} INFO - Updated row with Video_ID: dp8IaLrZpGs
[2025-10-22T15:00:22.361+0000] {data_modification.py:78} INFO - Updated row with Video_ID: 97Gh93Daio0
[2025-10-22T15:00:22.364+0000] {data_modification.py:78} INFO - Updated row with Video_ID: t4OumncEiKo
[2025-10-22T15:00:22.367+0000] {data_modification.py:78} INFO - Updated row with Video_ID: Ejou8aa5eZk
[2025-10-22T15:00:22.371+0000] {data_modification.py:78} INFO - Updated row with Video_ID: ehEuczQUh8E
[2025-10-22T15:00:22.374+0000] {data_modification.py:78} INFO - Updated row with Video_ID: _FX6rml2Yjs
[2025-10-22T15:00:22.377+0000] {data_modification.py:78} INFO - Updated row with Video_ID: igVcy5dtN80
[2025-10-22T15:00:22.380+0000] {data_modification.py:78} INFO - Updated row with Video_ID: fN_RQFqaGHI
[2025-10-22T15:00:22.383+0000] {data_modification.py:78} INFO - Updated row with Video_ID: VXmKt_1T0QM
[2025-10-22T15:00:22.398+0000] {data_modification.py:78} INFO - Updated row with Video_ID: ngVEpJs5A5s
[2025-10-22T15:00:22.402+0000] {data_modification.py:78} INFO - Updated row with Video_ID: fWhfOAuOqjY
[2025-10-22T15:00:22.405+0000] {data_modification.py:78} INFO - Updated row with Video_ID: Wt6cMjn3YLg
[2025-10-22T15:00:22.409+0000] {data_modification.py:78} INFO - Updated row with Video_ID: Ow3xqv7ahXo
[2025-10-22T15:00:22.413+0000] {data_modification.py:78} INFO - Updated row with Video_ID: M94G0iKYiSM
[2025-10-22T15:00:22.416+0000] {data_modification.py:78} INFO - Updated row with Video_ID: AjXbO2XfBkE
[2025-10-22T15:00:22.420+0000] {data_modification.py:78} INFO - Updated row with Video_ID: CnMv_zTXZ38
[2025-10-22T15:00:22.424+0000] {data_modification.py:78} INFO - Updated row with Video_ID: yWnmEPgLroQ
[2025-10-22T15:00:22.427+0000] {data_modification.py:78} INFO - Updated row with Video_ID: 7ytYV-tVIvg
[2025-10-22T15:00:22.430+0000] {data_modification.py:78} INFO - Updated row with Video_ID: umRLkCrmwcs
[2025-10-22T15:00:22.434+0000] {data_modification.py:78} INFO - Updated row with Video_ID: pqrdPu2ESFo
[2025-10-22T15:00:22.437+0000] {data_modification.py:78} INFO - Updated row with Video_ID: 0VjLq-go1fg
[2025-10-22T15:00:22.440+0000] {data_modification.py:78} INFO - Updated row with Video_ID: B_7uD3B62MM
[2025-10-22T15:00:22.444+0000] {data_modification.py:78} INFO - Updated row with Video_ID: bA20RJcegOI
[2025-10-22T15:00:22.449+0000] {data_modification.py:78} INFO - Updated row with Video_ID: NbHwVDt9Rjk
[2025-10-22T15:00:22.452+0000] {data_modification.py:78} INFO - Updated row with Video_ID: VzsE09KjpKA
[2025-10-22T15:00:22.455+0000] {data_modification.py:78} INFO - Updated row with Video_ID: LWstCINhd8g
[2025-10-22T15:00:22.459+0000] {data_modification.py:78} INFO - Updated row with Video_ID: -rdYtmUejSE
[2025-10-22T15:00:22.463+0000] {data_modification.py:78} INFO - Updated row with Video_ID: DjMYkWCEan8
[2025-10-22T15:00:22.466+0000] {data_modification.py:78} INFO - Updated row with Video_ID: ruSVy-u2DzM
[2025-10-22T15:00:22.470+0000] {data_modification.py:78} INFO - Updated row with Video_ID: KL1X8NsVGd0
[2025-10-22T15:00:22.473+0000] {data_modification.py:78} INFO - Updated row with Video_ID: pHKlrJeKmjA
[2025-10-22T15:00:22.475+0000] {dataware_house.py:107} INFO - core table update completed
[2025-10-22T15:00:22.477+0000] {python.py:237} INFO - Done. Returned value was: None
[2025-10-22T15:00:22.480+0000] {taskinstance.py:441} INFO - ::group::Post task execution logs
[2025-10-22T15:00:22.503+0000] {taskinstance.py:1206} INFO - Marking task as SUCCESS. dag_id=update_db, task_id=core_table, run_id=scheduled__2025-10-21T15:00:00+00:00, execution_date=20251021T150000, start_date=20251022T150016, end_date=20251022T150022
[2025-10-22T15:00:22.556+0000] {local_task_job_runner.py:240} INFO - Task exited with return code 0
[2025-10-22T15:00:22.610+0000] {taskinstance.py:3503} INFO - 0 downstream tasks scheduled from follow-on schedule check
[2025-10-22T15:00:22.614+0000] {local_task_job_runner.py:222} INFO - ::endgroup::
